[0.207s] Invoking command in '/home/koara/robosys2024-4/ros2_ws/build/person_msgs': CMAKE_PREFIX_PATH=${CMAKE_PREFIX_PATH}:/home/koara/ros2_ws/install/mypkg:/opt/ros/foxy /usr/bin/cmake --build /home/koara/robosys2024-4/ros2_ws/build/person_msgs -- -j12 -l12
[0.332s] CMake Error: The current CMakeCache.txt directory /home/koara/robosys2024-4/ros2_ws/build/person_msgs/CMakeCache.txt is different than the directory /home/koara/ros2_ws/build/person_msgs where CMakeCache.txt was created. This may result in binaries being created in the wrong place. If you are not sure, reedit the CMakeCache.txt
[0.367s] -- Found ament_cmake: 0.9.12 (/opt/ros/foxy/share/ament_cmake/cmake)
[0.394s] -- Found PythonInterp: /usr/bin/python3 (found suitable version "3.8.10", minimum required is "3") 
[0.394s] -- Using PYTHON_EXECUTABLE: /usr/bin/python3
[0.579s] -- Found ament_lint_auto: 0.9.8 (/opt/ros/foxy/share/ament_lint_auto/cmake)
[0.581s] -- Found rosidl_default_generators: 1.0.1 (/opt/ros/foxy/share/rosidl_default_generators/cmake)
[0.586s] -- Using all available rosidl_typesupport_c: rosidl_typesupport_fastrtps_c;rosidl_typesupport_introspection_c
[0.593s] -- Found rosidl_adapter: 1.3.1 (/opt/ros/foxy/share/rosidl_adapter/cmake)
[2.974s] -- Using all available rosidl_typesupport_cpp: rosidl_typesupport_fastrtps_cpp;rosidl_typesupport_introspection_cpp
[3.031s] -- Found PythonInterp: /usr/bin/python3 (found version "3.8.10") 
[3.168s] -- Found ament_cmake_ros: 0.9.2 (/opt/ros/foxy/share/ament_cmake_ros/cmake)
[5.485s] -- Using all available rosidl_typesupport_c: rosidl_typesupport_fastrtps_c;rosidl_typesupport_introspection_c
[5.494s] -- Using all available rosidl_typesupport_cpp: rosidl_typesupport_fastrtps_cpp;rosidl_typesupport_introspection_cpp
[5.517s] -- Found PythonInterp: /usr/bin/python3 (found suitable version "3.8.10", minimum required is "3.5") 
[5.518s] -- Found python_cmake_module: 0.8.1 (/opt/ros/foxy/share/python_cmake_module/cmake)
[5.541s] -- Using PYTHON_EXECUTABLE: /usr/bin/python3
[5.541s] -- Using PYTHON_INCLUDE_DIRS: /usr/include/python3.8
[5.541s] -- Using PYTHON_LIBRARIES: /usr/lib/x86_64-linux-gnu/libpython3.8.so
[5.576s] -- Added test 'copyright' to check source files copyright and LICENSE
[5.588s] -- Added test 'cppcheck' to perform static code analysis on C / C++ code
[5.589s] -- Configured cppcheck include dirs: 
[5.589s] -- Configured cppcheck exclude dirs and/or files: 
[5.595s] -- Added test 'cpplint' to check C / C++ code against the Google style
[5.595s] -- Configured cpplint exclude dirs and/or files: 
[5.596s] -- Added test 'flake8' to check Python code syntax and style conventions
[5.597s] -- Added test 'lint_cmake' to check CMake code style
[5.598s] -- Added test 'pep257' to check Python code against some of the style conventions in PEP 257
[5.604s] -- Added test 'uncrustify' to check C / C++ code style
[5.604s] -- Configured uncrustify additional arguments: 
[5.605s] -- Added test 'xmllint' to check XML markup files
[5.620s] -- Configuring done
[5.676s] -- Generating done
[5.679s] -- Build files have been written to: /home/koara/ros2_ws/build/person_msgs
[5.734s] [  2%] Built target person_msgs__cpp
[5.737s] [ 12%] Built target person_msgs__rosidl_generator_c
[5.762s] [ 33%] Built target person_msgs__rosidl_typesupport_introspection_cpp
[5.763s] [ 33%] Built target person_msgs__rosidl_typesupport_c
[5.763s] [ 43%] Built target person_msgs__rosidl_typesupport_introspection_c
[5.763s] [ 53%] Built target person_msgs__rosidl_typesupport_cpp
[5.765s] [ 64%] Built target person_msgs__rosidl_typesupport_fastrtps_cpp
[5.796s] [ 74%] Built target person_msgs__rosidl_typesupport_fastrtps_c
[5.818s] [ 74%] Built target person_msgs
[5.841s] [ 76%] Built target person_msgs__py
[5.872s] [ 84%] Built target person_msgs__python
[5.902s] [ 94%] Built target person_msgs__rosidl_typesupport_introspection_c__pyext
[5.902s] [ 94%] Built target person_msgs__rosidl_typesupport_c__pyext
[5.902s] [100%] Built target person_msgs__rosidl_typesupport_fastrtps_c__pyext
[5.914s] Invoked command in '/home/koara/robosys2024-4/ros2_ws/build/person_msgs' returned '0': CMAKE_PREFIX_PATH=${CMAKE_PREFIX_PATH}:/home/koara/ros2_ws/install/mypkg:/opt/ros/foxy /usr/bin/cmake --build /home/koara/robosys2024-4/ros2_ws/build/person_msgs -- -j12 -l12
[5.998s] Invoking command in '/home/koara/robosys2024-4/ros2_ws/build/person_msgs': CMAKE_PREFIX_PATH=${CMAKE_PREFIX_PATH}:/home/koara/ros2_ws/install/mypkg:/opt/ros/foxy /usr/bin/cmake --install /home/koara/robosys2024-4/ros2_ws/build/person_msgs
[6.008s] -- Install configuration: ""
[6.008s] -- Up-to-date: /home/koara/ros2_ws/install/person_msgs/share/ament_index/resource_index/rosidl_interfaces/person_msgs
[6.008s] -- Up-to-date: /home/koara/ros2_ws/install/person_msgs/include/person_msgs
[6.008s] -- Up-to-date: /home/koara/ros2_ws/install/person_msgs/include/person_msgs/srv
[6.008s] -- Up-to-date: /home/koara/ros2_ws/install/person_msgs/include/person_msgs/srv/detail
[6.009s] -- Up-to-date: /home/koara/ros2_ws/install/person_msgs/include/person_msgs/srv/detail/query__type_support.h
[6.009s] -- Up-to-date: /home/koara/ros2_ws/install/person_msgs/include/person_msgs/srv/detail/query__struct.h
[6.009s] -- Up-to-date: /home/koara/ros2_ws/install/person_msgs/include/person_msgs/srv/detail/query__functions.h
[6.010s] -- Up-to-date: /home/koara/ros2_ws/install/person_msgs/include/person_msgs/srv/detail/query__functions.c
[6.010s] -- Up-to-date: /home/koara/ros2_ws/install/person_msgs/include/person_msgs/srv/query.h
[6.010s] -- Up-to-date: /home/koara/ros2_ws/install/person_msgs/include/person_msgs/msg
[6.010s] -- Up-to-date: /home/koara/ros2_ws/install/person_msgs/include/person_msgs/msg/rosidl_generator_c__visibility_control.h
[6.010s] -- Up-to-date: /home/koara/ros2_ws/install/person_msgs/include/person_msgs/msg/person.h
[6.010s] -- Up-to-date: /home/koara/ros2_ws/install/person_msgs/include/person_msgs/msg/detail
[6.010s] -- Up-to-date: /home/koara/ros2_ws/install/person_msgs/include/person_msgs/msg/detail/person__functions.c
[6.010s] -- Up-to-date: /home/koara/ros2_ws/install/person_msgs/include/person_msgs/msg/detail/person__functions.h
[6.010s] -- Up-to-date: /home/koara/ros2_ws/install/person_msgs/include/person_msgs/msg/detail/person__type_support.h
[6.011s] -- Up-to-date: /home/koara/ros2_ws/install/person_msgs/include/person_msgs/msg/detail/person__struct.h
[6.011s] -- Up-to-date: /home/koara/ros2_ws/install/person_msgs/share/person_msgs/environment/library_path.sh
[6.011s] -- Installing: /home/koara/ros2_ws/install/person_msgs/share/person_msgs/environment/library_path.dsv
[6.011s] -- Up-to-date: /home/koara/ros2_ws/install/person_msgs/lib/libperson_msgs__rosidl_generator_c.so
[6.012s] -- Up-to-date: /home/koara/ros2_ws/install/person_msgs/include/person_msgs
[6.012s] -- Up-to-date: /home/koara/ros2_ws/install/person_msgs/include/person_msgs/srv
[6.012s] -- Up-to-date: /home/koara/ros2_ws/install/person_msgs/include/person_msgs/srv/detail
[6.012s] -- Up-to-date: /home/koara/ros2_ws/install/person_msgs/include/person_msgs/srv/detail/query__rosidl_typesupport_fastrtps_c.h
[6.012s] -- Up-to-date: /home/koara/ros2_ws/install/person_msgs/include/person_msgs/msg
[6.012s] -- Up-to-date: /home/koara/ros2_ws/install/person_msgs/include/person_msgs/msg/detail
[6.012s] -- Up-to-date: /home/koara/ros2_ws/install/person_msgs/include/person_msgs/msg/detail/person__rosidl_typesupport_fastrtps_c.h
[6.012s] -- Up-to-date: /home/koara/ros2_ws/install/person_msgs/include/person_msgs/msg/rosidl_typesupport_fastrtps_c__visibility_control.h
[6.013s] -- Up-to-date: /home/koara/ros2_ws/install/person_msgs/lib/libperson_msgs__rosidl_typesupport_fastrtps_c.so
[6.013s] -- Up-to-date: /home/koara/ros2_ws/install/person_msgs/include/person_msgs
[6.013s] -- Up-to-date: /home/koara/ros2_ws/install/person_msgs/include/person_msgs/srv
[6.014s] -- Up-to-date: /home/koara/ros2_ws/install/person_msgs/include/person_msgs/srv/detail
[6.014s] -- Up-to-date: /home/koara/ros2_ws/install/person_msgs/include/person_msgs/srv/detail/dds_fastrtps
[6.014s] -- Up-to-date: /home/koara/ros2_ws/install/person_msgs/include/person_msgs/srv/detail/query__rosidl_typesupport_fastrtps_cpp.hpp
[6.014s] -- Up-to-date: /home/koara/ros2_ws/install/person_msgs/include/person_msgs/msg
[6.015s] -- Up-to-date: /home/koara/ros2_ws/install/person_msgs/include/person_msgs/msg/rosidl_typesupport_fastrtps_cpp__visibility_control.h
[6.015s] -- Up-to-date: /home/koara/ros2_ws/install/person_msgs/include/person_msgs/msg/detail
[6.015s] -- Up-to-date: /home/koara/ros2_ws/install/person_msgs/include/person_msgs/msg/detail/dds_fastrtps
[6.015s] -- Up-to-date: /home/koara/ros2_ws/install/person_msgs/include/person_msgs/msg/detail/person__rosidl_typesupport_fastrtps_cpp.hpp
[6.016s] -- Up-to-date: /home/koara/ros2_ws/install/person_msgs/lib/libperson_msgs__rosidl_typesupport_fastrtps_cpp.so
[6.017s] -- Up-to-date: /home/koara/ros2_ws/install/person_msgs/include/person_msgs
[6.017s] -- Up-to-date: /home/koara/ros2_ws/install/person_msgs/include/person_msgs/srv
[6.017s] -- Up-to-date: /home/koara/ros2_ws/install/person_msgs/include/person_msgs/srv/detail
[6.018s] -- Up-to-date: /home/koara/ros2_ws/install/person_msgs/include/person_msgs/srv/detail/query__type_support.c
[6.018s] -- Up-to-date: /home/koara/ros2_ws/install/person_msgs/include/person_msgs/srv/detail/query__rosidl_typesupport_introspection_c.h
[6.018s] -- Up-to-date: /home/koara/ros2_ws/install/person_msgs/include/person_msgs/msg
[6.018s] -- Up-to-date: /home/koara/ros2_ws/install/person_msgs/include/person_msgs/msg/detail
[6.018s] -- Up-to-date: /home/koara/ros2_ws/install/person_msgs/include/person_msgs/msg/detail/person__rosidl_typesupport_introspection_c.h
[6.019s] -- Up-to-date: /home/koara/ros2_ws/install/person_msgs/include/person_msgs/msg/detail/person__type_support.c
[6.019s] -- Up-to-date: /home/koara/ros2_ws/install/person_msgs/include/person_msgs/msg/rosidl_typesupport_introspection_c__visibility_control.h
[6.019s] -- Up-to-date: /home/koara/ros2_ws/install/person_msgs/lib/libperson_msgs__rosidl_typesupport_introspection_c.so
[6.020s] -- Up-to-date: /home/koara/ros2_ws/install/person_msgs/lib/libperson_msgs__rosidl_typesupport_c.so
[6.020s] -- Up-to-date: /home/koara/ros2_ws/install/person_msgs/include/person_msgs
[6.020s] -- Up-to-date: /home/koara/ros2_ws/install/person_msgs/include/person_msgs/srv
[6.020s] -- Up-to-date: /home/koara/ros2_ws/install/person_msgs/include/person_msgs/srv/detail
[6.021s] -- Up-to-date: /home/koara/ros2_ws/install/person_msgs/include/person_msgs/srv/detail/query__traits.hpp
[6.021s] -- Up-to-date: /home/koara/ros2_ws/install/person_msgs/include/person_msgs/srv/detail/query__struct.hpp
[6.021s] -- Up-to-date: /home/koara/ros2_ws/install/person_msgs/include/person_msgs/srv/detail/query__type_support.hpp
[6.021s] -- Up-to-date: /home/koara/ros2_ws/install/person_msgs/include/person_msgs/srv/detail/query__builder.hpp
[6.021s] -- Up-to-date: /home/koara/ros2_ws/install/person_msgs/include/person_msgs/srv/query.hpp
[6.021s] -- Up-to-date: /home/koara/ros2_ws/install/person_msgs/include/person_msgs/msg
[6.022s] -- Up-to-date: /home/koara/ros2_ws/install/person_msgs/include/person_msgs/msg/detail
[6.022s] -- Up-to-date: /home/koara/ros2_ws/install/person_msgs/include/person_msgs/msg/detail/person__struct.hpp
[6.022s] -- Up-to-date: /home/koara/ros2_ws/install/person_msgs/include/person_msgs/msg/detail/person__type_support.hpp
[6.022s] -- Up-to-date: /home/koara/ros2_ws/install/person_msgs/include/person_msgs/msg/detail/person__builder.hpp
[6.022s] -- Up-to-date: /home/koara/ros2_ws/install/person_msgs/include/person_msgs/msg/detail/person__traits.hpp
[6.022s] -- Up-to-date: /home/koara/ros2_ws/install/person_msgs/include/person_msgs/msg/rosidl_generator_cpp__visibility_control.hpp
[6.023s] -- Up-to-date: /home/koara/ros2_ws/install/person_msgs/include/person_msgs/msg/person.hpp
[6.023s] -- Up-to-date: /home/koara/ros2_ws/install/person_msgs/include/person_msgs
[6.023s] -- Up-to-date: /home/koara/ros2_ws/install/person_msgs/include/person_msgs/srv
[6.023s] -- Up-to-date: /home/koara/ros2_ws/install/person_msgs/include/person_msgs/srv/detail
[6.023s] -- Up-to-date: /home/koara/ros2_ws/install/person_msgs/include/person_msgs/srv/detail/query__rosidl_typesupport_introspection_cpp.hpp
[6.023s] -- Up-to-date: /home/koara/ros2_ws/install/person_msgs/include/person_msgs/srv/detail/query__type_support.cpp
[6.024s] -- Up-to-date: /home/koara/ros2_ws/install/person_msgs/include/person_msgs/msg
[6.024s] -- Up-to-date: /home/koara/ros2_ws/install/person_msgs/include/person_msgs/msg/detail
[6.024s] -- Up-to-date: /home/koara/ros2_ws/install/person_msgs/include/person_msgs/msg/detail/person__rosidl_typesupport_introspection_cpp.hpp
[6.024s] -- Up-to-date: /home/koara/ros2_ws/install/person_msgs/include/person_msgs/msg/detail/person__type_support.cpp
[6.024s] -- Up-to-date: /home/koara/ros2_ws/install/person_msgs/lib/libperson_msgs__rosidl_typesupport_introspection_cpp.so
[6.025s] -- Up-to-date: /home/koara/ros2_ws/install/person_msgs/lib/libperson_msgs__rosidl_typesupport_cpp.so
[6.026s] -- Up-to-date: /home/koara/ros2_ws/install/person_msgs/share/person_msgs/environment/pythonpath.sh
[6.026s] -- Installing: /home/koara/ros2_ws/install/person_msgs/share/person_msgs/environment/pythonpath.dsv
[6.026s] -- Installing: /home/koara/ros2_ws/install/person_msgs/lib/python3.8/site-packages/person_msgs/__init__.py
[6.051s] Compiling '/home/koara/ros2_ws/install/person_msgs/lib/python3.8/site-packages/person_msgs/__init__.py'...
[6.055s] -- Up-to-date: /home/koara/ros2_ws/install/person_msgs/lib/python3.8/site-packages/person_msgs/msg
[6.056s] -- Up-to-date: /home/koara/ros2_ws/install/person_msgs/lib/python3.8/site-packages/person_msgs/msg/__init__.py
[6.056s] -- Up-to-date: /home/koara/ros2_ws/install/person_msgs/lib/python3.8/site-packages/person_msgs/msg/_person_s.c
[6.056s] -- Up-to-date: /home/koara/ros2_ws/install/person_msgs/lib/python3.8/site-packages/person_msgs/msg/_person.py
[6.056s] -- Up-to-date: /home/koara/ros2_ws/install/person_msgs/lib/python3.8/site-packages/person_msgs/srv
[6.056s] -- Up-to-date: /home/koara/ros2_ws/install/person_msgs/lib/python3.8/site-packages/person_msgs/srv/_query.py
[6.056s] -- Up-to-date: /home/koara/ros2_ws/install/person_msgs/lib/python3.8/site-packages/person_msgs/srv/_query_s.c
[6.056s] -- Up-to-date: /home/koara/ros2_ws/install/person_msgs/lib/python3.8/site-packages/person_msgs/srv/__init__.py
[6.057s] -- Up-to-date: /home/koara/ros2_ws/install/person_msgs/lib/python3.8/site-packages/person_msgs/person_msgs_s__rosidl_typesupport_fastrtps_c.cpython-38-x86_64-linux-gnu.so
[6.058s] -- Up-to-date: /home/koara/ros2_ws/install/person_msgs/lib/python3.8/site-packages/person_msgs/person_msgs_s__rosidl_typesupport_introspection_c.cpython-38-x86_64-linux-gnu.so
[6.060s] -- Up-to-date: /home/koara/ros2_ws/install/person_msgs/lib/python3.8/site-packages/person_msgs/person_msgs_s__rosidl_typesupport_c.cpython-38-x86_64-linux-gnu.so
[6.060s] -- Up-to-date: /home/koara/ros2_ws/install/person_msgs/lib/libperson_msgs__python.so
[6.060s] -- Up-to-date: /home/koara/ros2_ws/install/person_msgs/share/person_msgs/msg/Person.idl
[6.061s] -- Up-to-date: /home/koara/ros2_ws/install/person_msgs/share/person_msgs/srv/Query.idl
[6.061s] -- Up-to-date: /home/koara/ros2_ws/install/person_msgs/share/person_msgs/msg/Person.msg
[6.061s] -- Up-to-date: /home/koara/ros2_ws/install/person_msgs/share/person_msgs/srv/Query.srv
[6.061s] -- Up-to-date: /home/koara/ros2_ws/install/person_msgs/share/person_msgs/srv/Query_Request.msg
[6.061s] -- Up-to-date: /home/koara/ros2_ws/install/person_msgs/share/person_msgs/srv/Query_Response.msg
[6.062s] -- Up-to-date: /home/koara/ros2_ws/install/person_msgs/share/ament_index/resource_index/package_run_dependencies/person_msgs
[6.062s] -- Up-to-date: /home/koara/ros2_ws/install/person_msgs/share/ament_index/resource_index/parent_prefix_path/person_msgs
[6.062s] -- Up-to-date: /home/koara/ros2_ws/install/person_msgs/share/person_msgs/environment/ament_prefix_path.sh
[6.062s] -- Installing: /home/koara/ros2_ws/install/person_msgs/share/person_msgs/environment/ament_prefix_path.dsv
[6.062s] -- Up-to-date: /home/koara/ros2_ws/install/person_msgs/share/person_msgs/environment/path.sh
[6.063s] -- Installing: /home/koara/ros2_ws/install/person_msgs/share/person_msgs/environment/path.dsv
[6.063s] -- Up-to-date: /home/koara/ros2_ws/install/person_msgs/share/person_msgs/local_setup.bash
[6.063s] -- Up-to-date: /home/koara/ros2_ws/install/person_msgs/share/person_msgs/local_setup.sh
[6.063s] -- Up-to-date: /home/koara/ros2_ws/install/person_msgs/share/person_msgs/local_setup.zsh
[6.063s] -- Installing: /home/koara/ros2_ws/install/person_msgs/share/person_msgs/local_setup.dsv
[6.063s] -- Installing: /home/koara/ros2_ws/install/person_msgs/share/person_msgs/package.dsv
[6.063s] -- Up-to-date: /home/koara/ros2_ws/install/person_msgs/share/ament_index/resource_index/packages/person_msgs
[6.063s] -- Up-to-date: /home/koara/ros2_ws/install/person_msgs/share/person_msgs/cmake/person_msgs__rosidl_generator_cExport.cmake
[6.063s] -- Installing: /home/koara/ros2_ws/install/person_msgs/share/person_msgs/cmake/person_msgs__rosidl_generator_cExport-noconfig.cmake
[6.063s] -- Up-to-date: /home/koara/ros2_ws/install/person_msgs/share/person_msgs/cmake/person_msgs__rosidl_typesupport_introspection_cExport.cmake
[6.063s] -- Installing: /home/koara/ros2_ws/install/person_msgs/share/person_msgs/cmake/person_msgs__rosidl_typesupport_introspection_cExport-noconfig.cmake
[6.064s] -- Up-to-date: /home/koara/ros2_ws/install/person_msgs/share/person_msgs/cmake/person_msgs__rosidl_typesupport_cExport.cmake
[6.064s] -- Installing: /home/koara/ros2_ws/install/person_msgs/share/person_msgs/cmake/person_msgs__rosidl_typesupport_cExport-noconfig.cmake
[6.065s] -- Up-to-date: /home/koara/ros2_ws/install/person_msgs/share/person_msgs/cmake/person_msgs__rosidl_generator_cppExport.cmake
[6.065s] -- Up-to-date: /home/koara/ros2_ws/install/person_msgs/share/person_msgs/cmake/person_msgs__rosidl_typesupport_introspection_cppExport.cmake
[6.065s] -- Installing: /home/koara/ros2_ws/install/person_msgs/share/person_msgs/cmake/person_msgs__rosidl_typesupport_introspection_cppExport-noconfig.cmake
[6.066s] -- Up-to-date: /home/koara/ros2_ws/install/person_msgs/share/person_msgs/cmake/person_msgs__rosidl_typesupport_cppExport.cmake
[6.066s] -- Installing: /home/koara/ros2_ws/install/person_msgs/share/person_msgs/cmake/person_msgs__rosidl_typesupport_cppExport-noconfig.cmake
[6.066s] -- Up-to-date: /home/koara/ros2_ws/install/person_msgs/share/person_msgs/cmake/rosidl_cmake-extras.cmake
[6.066s] -- Up-to-date: /home/koara/ros2_ws/install/person_msgs/share/person_msgs/cmake/ament_cmake_export_dependencies-extras.cmake
[6.067s] -- Up-to-date: /home/koara/ros2_ws/install/person_msgs/share/person_msgs/cmake/ament_cmake_export_libraries-extras.cmake
[6.067s] -- Up-to-date: /home/koara/ros2_ws/install/person_msgs/share/person_msgs/cmake/ament_cmake_export_targets-extras.cmake
[6.067s] -- Up-to-date: /home/koara/ros2_ws/install/person_msgs/share/person_msgs/cmake/ament_cmake_export_include_directories-extras.cmake
[6.067s] -- Up-to-date: /home/koara/ros2_ws/install/person_msgs/share/person_msgs/cmake/rosidl_cmake_export_typesupport_libraries-extras.cmake
[6.067s] -- Up-to-date: /home/koara/ros2_ws/install/person_msgs/share/person_msgs/cmake/rosidl_cmake_export_typesupport_targets-extras.cmake
[6.068s] -- Up-to-date: /home/koara/ros2_ws/install/person_msgs/share/person_msgs/cmake/person_msgsConfig.cmake
[6.068s] -- Up-to-date: /home/koara/ros2_ws/install/person_msgs/share/person_msgs/cmake/person_msgsConfig-version.cmake
[6.068s] -- Up-to-date: /home/koara/ros2_ws/install/person_msgs/share/person_msgs/package.xml
[6.069s] Invoked command in '/home/koara/robosys2024-4/ros2_ws/build/person_msgs' returned '0': CMAKE_PREFIX_PATH=${CMAKE_PREFIX_PATH}:/home/koara/ros2_ws/install/mypkg:/opt/ros/foxy /usr/bin/cmake --install /home/koara/robosys2024-4/ros2_ws/build/person_msgs
