[0.334s] Invoking command in '/home/koara/ros2_ws/build/person_msgs': CMAKE_PREFIX_PATH=${CMAKE_PREFIX_PATH}:/home/koara/ros2_ws/install/mypkg:/opt/ros/foxy /usr/bin/cmake --build /home/koara/ros2_ws/build/person_msgs -- -j12 -l12
[0.363s] -- Found ament_cmake: 0.9.12 (/opt/ros/foxy/share/ament_cmake/cmake)
[0.387s] -- Using PYTHON_EXECUTABLE: /usr/bin/python3
[0.571s] -- Found ament_lint_auto: 0.9.8 (/opt/ros/foxy/share/ament_lint_auto/cmake)
[0.572s] -- Found rosidl_default_generators: 1.0.1 (/opt/ros/foxy/share/rosidl_default_generators/cmake)
[0.574s] -- Using all available rosidl_typesupport_c: rosidl_typesupport_fastrtps_c;rosidl_typesupport_introspection_c
[0.579s] -- Found rosidl_adapter: 1.3.1 (/opt/ros/foxy/share/rosidl_adapter/cmake)
[3.142s] -- Using all available rosidl_typesupport_cpp: rosidl_typesupport_fastrtps_cpp;rosidl_typesupport_introspection_cpp
[3.188s] -- Found PythonInterp: /usr/bin/python3 (found version "3.8.10") 
[3.498s] CMake Error at /opt/ros/foxy/share/rosidl_adapter/cmake/rosidl_adapt_interfaces.cmake:60 (message):
[3.498s]   execute_process(/usr/bin/python3 -m rosidl_adapter --package-name
[3.498s]   person_msgs --arguments-file
[3.498s]   /home/koara/ros2_ws/build/person_msgs/rosidl_adapter__arguments__person_msgs.json
[3.498s]   --output-dir
[3.498s]   /home/koara/ros2_ws/build/person_msgs/rosidl_adapter/person_msgs
[3.498s]   --output-file
[3.498s]   /home/koara/ros2_ws/build/person_msgs/rosidl_adapter/person_msgs.idls)
[3.498s]   returned error code 1:
[3.498s] 
[3.499s]   Error processing 'tring name' of 'person_msgs/Query_Request': ''tring' is
[3.499s]   an invalid message name.  It should have the pattern '^[A-Z][A-Za-z0-9]*$''
[3.499s] 
[3.499s]   Traceback (most recent call last):
[3.499s] 
[3.499s]     File "/usr/lib/python3.8/runpy.py", line 194, in _run_module_as_main
[3.499s]       return _run_code(code, main_globals, None,
[3.499s]     File "/usr/lib/python3.8/runpy.py", line 87, in _run_code
[3.499s]       exec(code, run_globals)
[3.500s]     File "/opt/ros/foxy/lib/python3.8/site-packages/rosidl_adapter/__main__.py", line 19, in <module>
[3.500s]       sys.exit(main())
[3.500s]     File "/opt/ros/foxy/lib/python3.8/site-packages/rosidl_adapter/main.py", line 53, in main
[3.500s]       abs_idl_file = convert_to_idl(
[3.500s]     File "/opt/ros/foxy/lib/python3.8/site-packages/rosidl_adapter/__init__.py", line 24, in convert_to_idl
[3.501s]       return convert_srv_to_idl(
[3.501s]     File "/opt/ros/foxy/lib/python3.8/site-packages/rosidl_adapter/srv/__init__.py", line 28, in convert_srv_to_idl
[3.501s]       srv = parse_service_string(package_name, input_file.stem, content)
[3.501s]     File "/opt/ros/foxy/lib/python3.8/site-packages/rosidl_adapter/parser.py", line 852, in parse_service_string
[3.501s]       request_message = parse_message_string(
[3.501s]     File "/opt/ros/foxy/lib/python3.8/site-packages/rosidl_adapter/parser.py", line 516, in parse_message_string
[3.502s]       Type(type_string, context_package_name=pkg_name),
[3.502s]     File "/opt/ros/foxy/lib/python3.8/site-packages/rosidl_adapter/parser.py", line 276, in __init__
[3.502s]       super(Type, self).__init__(
[3.502s]     File "/opt/ros/foxy/lib/python3.8/site-packages/rosidl_adapter/parser.py", line 204, in __init__
[3.502s]       raise InvalidResourceName(
[3.502s] 
[3.502s]   rosidl_adapter.parser.InvalidResourceName: 'tring' is an invalid message
[3.502s]   name.  It should have the pattern '^[A-Z][A-Za-z0-9]*$'
[3.502s] 
[3.502s] Call Stack (most recent call first):
[3.502s]   /opt/ros/foxy/share/rosidl_cmake/cmake/rosidl_generate_interfaces.cmake:130 (rosidl_adapt_interfaces)
[3.502s]   CMakeLists.txt:27 (rosidl_generate_interfaces)
[3.502s] 
[3.502s] 
[3.503s] -- Configuring incomplete, errors occurred!
[3.503s] See also "/home/koara/ros2_ws/build/person_msgs/CMakeFiles/CMakeOutput.log".
[3.506s] make: *** [Makefile:748: cmake_check_build_system] Error 1
[3.509s] Invoked command in '/home/koara/ros2_ws/build/person_msgs' returned '2': CMAKE_PREFIX_PATH=${CMAKE_PREFIX_PATH}:/home/koara/ros2_ws/install/mypkg:/opt/ros/foxy /usr/bin/cmake --build /home/koara/ros2_ws/build/person_msgs -- -j12 -l12
