[0.641s] Invoking command in '/home/koara/ros2_ws/src/mypkg': PYTHONPATH=/home/koara/ros2_ws/src/build/mypkg/prefix_override:/usr/lib/python3/dist-packages/colcon_core/task/python/colcon_distutils_commands:/home/koara/ros2_ws/src/install/mypkg/lib/python3.8/site-packages:${PYTHONPATH} /usr/bin/python3 -W ignore:setup.py install is deprecated setup.py egg_info --egg-base ../build/mypkg build --build-base /home/koara/ros2_ws/src/build/mypkg/build install --record /home/koara/ros2_ws/src/build/mypkg/install.log --install-scripts $base/lib/mypkg --single-version-externally-managed install_data
[0.809s] running egg_info
[0.809s] writing ../build/mypkg/mypkg.egg-info/PKG-INFO
[0.812s] writing dependency_links to ../build/mypkg/mypkg.egg-info/dependency_links.txt
[0.813s] writing entry points to ../build/mypkg/mypkg.egg-info/entry_points.txt
[0.813s] writing requirements to ../build/mypkg/mypkg.egg-info/requires.txt
[0.813s] writing top-level names to ../build/mypkg/mypkg.egg-info/top_level.txt
[0.850s] reading manifest file '../build/mypkg/mypkg.egg-info/SOURCES.txt'
[0.852s] writing manifest file '../build/mypkg/mypkg.egg-info/SOURCES.txt'
[0.852s] running build
[0.852s] running build_py
[0.853s] running install
[0.854s] running install_lib
[0.856s] running install_data
[0.856s] running install_egg_info
[0.858s] removing '/home/koara/ros2_ws/src/install/mypkg/lib/python3.8/site-packages/mypkg-0.0.0-py3.8.egg-info' (and everything under it)
[0.859s] Copying ../build/mypkg/mypkg.egg-info to /home/koara/ros2_ws/src/install/mypkg/lib/python3.8/site-packages/mypkg-0.0.0-py3.8.egg-info
[0.861s] running install_scripts
[0.875s] Installing listener script to /home/koara/ros2_ws/src/install/mypkg/lib/mypkg
[0.875s] Installing talker script to /home/koara/ros2_ws/src/install/mypkg/lib/mypkg
[0.876s] writing list of installed files to '/home/koara/ros2_ws/src/build/mypkg/install.log'
[0.899s] Invoked command in '/home/koara/ros2_ws/src/mypkg' returned '0': PYTHONPATH=/home/koara/ros2_ws/src/build/mypkg/prefix_override:/usr/lib/python3/dist-packages/colcon_core/task/python/colcon_distutils_commands:/home/koara/ros2_ws/src/install/mypkg/lib/python3.8/site-packages:${PYTHONPATH} /usr/bin/python3 -W ignore:setup.py install is deprecated setup.py egg_info --egg-base ../build/mypkg build --build-base /home/koara/ros2_ws/src/build/mypkg/build install --record /home/koara/ros2_ws/src/build/mypkg/install.log --install-scripts $base/lib/mypkg --single-version-externally-managed install_data
