[1.100s] Invoking command in '/home/koara/ros2_ws/src/mypkg': PYTHONPATH=/home/koara/ros2_ws/build/mypkg/prefix_override:/usr/lib/python3/dist-packages/colcon_core/task/python/colcon_distutils_commands:/home/koara/ros2_ws/install/mypkg/lib/python3.8/site-packages:${PYTHONPATH} /usr/bin/python3 -W ignore:setup.py install is deprecated setup.py egg_info --egg-base ../../build/mypkg build --build-base /home/koara/ros2_ws/build/mypkg/build install --record /home/koara/ros2_ws/build/mypkg/install.log --install-scripts $base/lib/mypkg --single-version-externally-managed install_data
[1.280s] running egg_info
[1.280s] writing ../../build/mypkg/mypkg.egg-info/PKG-INFO
[1.282s] writing dependency_links to ../../build/mypkg/mypkg.egg-info/dependency_links.txt
[1.283s] writing entry points to ../../build/mypkg/mypkg.egg-info/entry_points.txt
[1.283s] writing requirements to ../../build/mypkg/mypkg.egg-info/requires.txt
[1.283s] writing top-level names to ../../build/mypkg/mypkg.egg-info/top_level.txt
[1.320s] reading manifest file '../../build/mypkg/mypkg.egg-info/SOURCES.txt'
[1.321s] writing manifest file '../../build/mypkg/mypkg.egg-info/SOURCES.txt'
[1.322s] running build
[1.322s] running build_py
[1.322s] copying mypkg/talker.py -> /home/koara/ros2_ws/build/mypkg/build/lib/mypkg
[1.323s] running install
[1.324s] running install_lib
[1.325s] copying /home/koara/ros2_ws/build/mypkg/build/lib/mypkg/talker.py -> /home/koara/ros2_ws/install/mypkg/lib/python3.8/site-packages/mypkg
[1.326s] byte-compiling /home/koara/ros2_ws/install/mypkg/lib/python3.8/site-packages/mypkg/talker.py to talker.cpython-38.pyc
[1.328s] running install_data
[1.329s] copying package.xml -> /home/koara/ros2_ws/install/mypkg/share/mypkg
[1.329s] running install_egg_info
[1.331s] removing '/home/koara/ros2_ws/install/mypkg/lib/python3.8/site-packages/mypkg-0.0.0-py3.8.egg-info' (and everything under it)
[1.333s] Copying ../../build/mypkg/mypkg.egg-info to /home/koara/ros2_ws/install/mypkg/lib/python3.8/site-packages/mypkg-0.0.0-py3.8.egg-info
[1.338s] running install_scripts
[1.353s] Installing talker script to /home/koara/ros2_ws/install/mypkg/lib/mypkg
[1.354s] writing list of installed files to '/home/koara/ros2_ws/build/mypkg/install.log'
[1.380s] Invoked command in '/home/koara/ros2_ws/src/mypkg' returned '0': PYTHONPATH=/home/koara/ros2_ws/build/mypkg/prefix_override:/usr/lib/python3/dist-packages/colcon_core/task/python/colcon_distutils_commands:/home/koara/ros2_ws/install/mypkg/lib/python3.8/site-packages:${PYTHONPATH} /usr/bin/python3 -W ignore:setup.py install is deprecated setup.py egg_info --egg-base ../../build/mypkg build --build-base /home/koara/ros2_ws/build/mypkg/build install --record /home/koara/ros2_ws/build/mypkg/install.log --install-scripts $base/lib/mypkg --single-version-externally-managed install_data
