[0.785s] Invoking command in '/home/koara/ros2_ws/src/mypkg': PYTHONPATH=/home/koara/ros2_ws/build/mypkg/prefix_override:/usr/lib/python3/dist-packages/colcon_core/task/python/colcon_distutils_commands:/home/koara/ros2_ws/install/mypkg/lib/python3.8/site-packages:${PYTHONPATH} /usr/bin/python3 -W ignore:setup.py install is deprecated setup.py egg_info --egg-base ../../build/mypkg build --build-base /home/koara/ros2_ws/build/mypkg/build install --record /home/koara/ros2_ws/build/mypkg/install.log --install-scripts $base/lib/mypkg --single-version-externally-managed install_data
[0.983s] running egg_info
[0.983s] writing ../../build/mypkg/mypkg.egg-info/PKG-INFO
[0.984s] writing dependency_links to ../../build/mypkg/mypkg.egg-info/dependency_links.txt
[0.984s] writing entry points to ../../build/mypkg/mypkg.egg-info/entry_points.txt
[0.984s] writing requirements to ../../build/mypkg/mypkg.egg-info/requires.txt
[0.984s] writing top-level names to ../../build/mypkg/mypkg.egg-info/top_level.txt
[1.021s] reading manifest file '../../build/mypkg/mypkg.egg-info/SOURCES.txt'
[1.023s] writing manifest file '../../build/mypkg/mypkg.egg-info/SOURCES.txt'
[1.023s] running build
[1.023s] running build_py
[1.023s] copying mypkg/talker.py -> /home/koara/ros2_ws/build/mypkg/build/lib/mypkg
[1.025s] copying mypkg/listener.py -> /home/koara/ros2_ws/build/mypkg/build/lib/mypkg
[1.026s] running install
[1.026s] running install_lib
[1.028s] copying /home/koara/ros2_ws/build/mypkg/build/lib/mypkg/talker.py -> /home/koara/ros2_ws/install/mypkg/lib/python3.8/site-packages/mypkg
[1.028s] copying /home/koara/ros2_ws/build/mypkg/build/lib/mypkg/listener.py -> /home/koara/ros2_ws/install/mypkg/lib/python3.8/site-packages/mypkg
[1.029s] byte-compiling /home/koara/ros2_ws/install/mypkg/lib/python3.8/site-packages/mypkg/talker.py to talker.cpython-38.pyc
[1.031s] byte-compiling /home/koara/ros2_ws/install/mypkg/lib/python3.8/site-packages/mypkg/listener.py to listener.cpython-38.pyc
[1.032s] running install_data
[1.033s] running install_egg_info
[1.034s] removing '/home/koara/ros2_ws/install/mypkg/lib/python3.8/site-packages/mypkg-0.0.0-py3.8.egg-info' (and everything under it)
[1.035s] Copying ../../build/mypkg/mypkg.egg-info to /home/koara/ros2_ws/install/mypkg/lib/python3.8/site-packages/mypkg-0.0.0-py3.8.egg-info
[1.037s] running install_scripts
[1.056s] Installing listener script to /home/koara/ros2_ws/install/mypkg/lib/mypkg
[1.056s] Installing talker script to /home/koara/ros2_ws/install/mypkg/lib/mypkg
[1.057s] writing list of installed files to '/home/koara/ros2_ws/build/mypkg/install.log'
[1.088s] Invoked command in '/home/koara/ros2_ws/src/mypkg' returned '0': PYTHONPATH=/home/koara/ros2_ws/build/mypkg/prefix_override:/usr/lib/python3/dist-packages/colcon_core/task/python/colcon_distutils_commands:/home/koara/ros2_ws/install/mypkg/lib/python3.8/site-packages:${PYTHONPATH} /usr/bin/python3 -W ignore:setup.py install is deprecated setup.py egg_info --egg-base ../../build/mypkg build --build-base /home/koara/ros2_ws/build/mypkg/build install --record /home/koara/ros2_ws/build/mypkg/install.log --install-scripts $base/lib/mypkg --single-version-externally-managed install_data
