[0.552s] Invoking command in '/home/koara/ros2_ws/src/mypkg': PYTHONPATH=/home/koara/ros2_ws/build/mypkg/prefix_override:/usr/lib/python3/dist-packages/colcon_core/task/python/colcon_distutils_commands:/home/koara/ros2_ws/install/mypkg/lib/python3.8/site-packages:${PYTHONPATH} /usr/bin/python3 -W ignore:setup.py install is deprecated setup.py egg_info --egg-base ../../build/mypkg build --build-base /home/koara/ros2_ws/build/mypkg/build install --record /home/koara/ros2_ws/build/mypkg/install.log --install-scripts $base/lib/mypkg --single-version-externally-managed install_data
[0.711s] running egg_info
[0.711s] creating ../../build/mypkg/mypkg.egg-info
[0.712s] writing ../../build/mypkg/mypkg.egg-info/PKG-INFO
[0.712s] writing dependency_links to ../../build/mypkg/mypkg.egg-info/dependency_links.txt
[0.713s] writing entry points to ../../build/mypkg/mypkg.egg-info/entry_points.txt
[0.713s] writing requirements to ../../build/mypkg/mypkg.egg-info/requires.txt
[0.713s] writing top-level names to ../../build/mypkg/mypkg.egg-info/top_level.txt
[0.718s] writing manifest file '../../build/mypkg/mypkg.egg-info/SOURCES.txt'
[0.748s] reading manifest file '../../build/mypkg/mypkg.egg-info/SOURCES.txt'
[0.749s] writing manifest file '../../build/mypkg/mypkg.egg-info/SOURCES.txt'
[0.749s] running build
[0.749s] running build_py
[0.749s] creating /home/koara/ros2_ws/build/mypkg/build
[0.749s] creating /home/koara/ros2_ws/build/mypkg/build/lib
[0.749s] creating /home/koara/ros2_ws/build/mypkg/build/lib/mypkg
[0.750s] copying mypkg/__init__.py -> /home/koara/ros2_ws/build/mypkg/build/lib/mypkg
[0.750s] running install
[0.751s] running install_lib
[0.751s] creating /home/koara/ros2_ws/install/mypkg/lib/python3.8/site-packages/mypkg
[0.752s] copying /home/koara/ros2_ws/build/mypkg/build/lib/mypkg/__init__.py -> /home/koara/ros2_ws/install/mypkg/lib/python3.8/site-packages/mypkg
[0.752s] byte-compiling /home/koara/ros2_ws/install/mypkg/lib/python3.8/site-packages/mypkg/__init__.py to __init__.cpython-38.pyc
[0.754s] running install_data
[0.754s] creating /home/koara/ros2_ws/install/mypkg/share/ament_index
[0.754s] creating /home/koara/ros2_ws/install/mypkg/share/ament_index/resource_index
[0.754s] creating /home/koara/ros2_ws/install/mypkg/share/ament_index/resource_index/packages
[0.754s] copying resource/mypkg -> /home/koara/ros2_ws/install/mypkg/share/ament_index/resource_index/packages
[0.755s] copying package.xml -> /home/koara/ros2_ws/install/mypkg/share/mypkg
[0.755s] running install_egg_info
[0.756s] Copying ../../build/mypkg/mypkg.egg-info to /home/koara/ros2_ws/install/mypkg/lib/python3.8/site-packages/mypkg-0.0.0-py3.8.egg-info
[0.758s] running install_scripts
[0.774s] writing list of installed files to '/home/koara/ros2_ws/build/mypkg/install.log'
[0.800s] Invoked command in '/home/koara/ros2_ws/src/mypkg' returned '0': PYTHONPATH=/home/koara/ros2_ws/build/mypkg/prefix_override:/usr/lib/python3/dist-packages/colcon_core/task/python/colcon_distutils_commands:/home/koara/ros2_ws/install/mypkg/lib/python3.8/site-packages:${PYTHONPATH} /usr/bin/python3 -W ignore:setup.py install is deprecated setup.py egg_info --egg-base ../../build/mypkg build --build-base /home/koara/ros2_ws/build/mypkg/build install --record /home/koara/ros2_ws/build/mypkg/install.log --install-scripts $base/lib/mypkg --single-version-externally-managed install_data
