[0.983s] Invoking command in '/home/koara/ros2_ws/src/mypkg': PYTHONPATH=/home/koara/ros2_ws/build/mypkg/prefix_override:/usr/lib/python3/dist-packages/colcon_core/task/python/colcon_distutils_commands:/home/koara/ros2_ws/install/mypkg/lib/python3.8/site-packages:${PYTHONPATH} /usr/bin/python3 -W ignore:setup.py install is deprecated setup.py egg_info --egg-base ../../build/mypkg build --build-base /home/koara/ros2_ws/build/mypkg/build install --record /home/koara/ros2_ws/build/mypkg/install.log --install-scripts $base/lib/mypkg --single-version-externally-managed install_data
[1.160s] running egg_info
[1.160s] writing ../../build/mypkg/mypkg.egg-info/PKG-INFO
[1.161s] writing dependency_links to ../../build/mypkg/mypkg.egg-info/dependency_links.txt
[1.162s] writing entry points to ../../build/mypkg/mypkg.egg-info/entry_points.txt
[1.162s] writing requirements to ../../build/mypkg/mypkg.egg-info/requires.txt
[1.162s] writing top-level names to ../../build/mypkg/mypkg.egg-info/top_level.txt
[1.195s] reading manifest file '../../build/mypkg/mypkg.egg-info/SOURCES.txt'
[1.196s] writing manifest file '../../build/mypkg/mypkg.egg-info/SOURCES.txt'
[1.196s] running build
[1.196s] running build_py
[1.197s] running install
[1.197s] running install_lib
[1.199s] running install_data
[1.199s] running install_egg_info
[1.201s] removing '/home/koara/ros2_ws/install/mypkg/lib/python3.8/site-packages/mypkg-0.0.0-py3.8.egg-info' (and everything under it)
[1.202s] Copying ../../build/mypkg/mypkg.egg-info to /home/koara/ros2_ws/install/mypkg/lib/python3.8/site-packages/mypkg-0.0.0-py3.8.egg-info
[1.203s] running install_scripts
[1.226s] Installing talker script to /home/koara/ros2_ws/install/mypkg/lib/mypkg
[1.226s] writing list of installed files to '/home/koara/ros2_ws/build/mypkg/install.log'
[1.253s] Invoked command in '/home/koara/ros2_ws/src/mypkg' returned '0': PYTHONPATH=/home/koara/ros2_ws/build/mypkg/prefix_override:/usr/lib/python3/dist-packages/colcon_core/task/python/colcon_distutils_commands:/home/koara/ros2_ws/install/mypkg/lib/python3.8/site-packages:${PYTHONPATH} /usr/bin/python3 -W ignore:setup.py install is deprecated setup.py egg_info --egg-base ../../build/mypkg build --build-base /home/koara/ros2_ws/build/mypkg/build install --record /home/koara/ros2_ws/build/mypkg/install.log --install-scripts $base/lib/mypkg --single-version-externally-managed install_data
