[1.266s] Invoking command in '/home/koara/ros2_ws/src/mypkg': PYTHONPATH=/home/koara/ros2_ws/build/mypkg/prefix_override:/usr/lib/python3/dist-packages/colcon_core/task/python/colcon_distutils_commands:/home/koara/ros2_ws/install/mypkg/lib/python3.8/site-packages:${PYTHONPATH} /usr/bin/python3 -W ignore:setup.py install is deprecated setup.py egg_info --egg-base ../../build/mypkg build --build-base /home/koara/ros2_ws/build/mypkg/build install --record /home/koara/ros2_ws/build/mypkg/install.log --install-scripts $base/lib/mypkg --single-version-externally-managed install_data
[1.535s] running egg_info
[1.535s] writing ../../build/mypkg/mypkg.egg-info/PKG-INFO
[1.536s] writing dependency_links to ../../build/mypkg/mypkg.egg-info/dependency_links.txt
[1.537s] writing entry points to ../../build/mypkg/mypkg.egg-info/entry_points.txt
[1.537s] writing requirements to ../../build/mypkg/mypkg.egg-info/requires.txt
[1.537s] writing top-level names to ../../build/mypkg/mypkg.egg-info/top_level.txt
[1.577s] reading manifest file '../../build/mypkg/mypkg.egg-info/SOURCES.txt'
[1.579s] writing manifest file '../../build/mypkg/mypkg.egg-info/SOURCES.txt'
[1.579s] running build
[1.579s] running build_py
[1.580s] copying mypkg/talker.py -> /home/koara/ros2_ws/build/mypkg/build/lib/mypkg
[1.583s] running install
[1.584s] running install_lib
[1.585s] copying /home/koara/ros2_ws/build/mypkg/build/lib/mypkg/talker.py -> /home/koara/ros2_ws/install/mypkg/lib/python3.8/site-packages/mypkg
[1.587s] byte-compiling /home/koara/ros2_ws/install/mypkg/lib/python3.8/site-packages/mypkg/talker.py to talker.cpython-38.pyc
[1.589s]   File "/home/koara/ros2_ws/install/mypkg/lib/python3.8/site-packages/mypkg/talker.py", line 10
[1.589s]     if request.name= "武田遊星"
[1.589s]                    ^
[1.589s] SyntaxError: invalid syntax
[1.589s] 
[1.590s] running install_data
[1.590s] running install_egg_info
[1.591s] removing '/home/koara/ros2_ws/install/mypkg/lib/python3.8/site-packages/mypkg-0.0.0-py3.8.egg-info' (and everything under it)
[1.594s] Copying ../../build/mypkg/mypkg.egg-info to /home/koara/ros2_ws/install/mypkg/lib/python3.8/site-packages/mypkg-0.0.0-py3.8.egg-info
[1.597s] running install_scripts
[1.619s] Installing listener script to /home/koara/ros2_ws/install/mypkg/lib/mypkg
[1.620s] Installing talker script to /home/koara/ros2_ws/install/mypkg/lib/mypkg
[1.622s] writing list of installed files to '/home/koara/ros2_ws/build/mypkg/install.log'
[1.662s] Invoked command in '/home/koara/ros2_ws/src/mypkg' returned '0': PYTHONPATH=/home/koara/ros2_ws/build/mypkg/prefix_override:/usr/lib/python3/dist-packages/colcon_core/task/python/colcon_distutils_commands:/home/koara/ros2_ws/install/mypkg/lib/python3.8/site-packages:${PYTHONPATH} /usr/bin/python3 -W ignore:setup.py install is deprecated setup.py egg_info --egg-base ../../build/mypkg build --build-base /home/koara/ros2_ws/build/mypkg/build install --record /home/koara/ros2_ws/build/mypkg/install.log --install-scripts $base/lib/mypkg --single-version-externally-managed install_data
