[0.338s] DEBUG:colcon:Command line arguments: ['/usr/bin/colcon', 'build']
[0.338s] DEBUG:colcon:Parsed command line arguments: Namespace(allow_overriding=[], ament_cmake_args=None, base_paths=['.'], build_base='build', catkin_cmake_args=None, catkin_skip_building_tests=False, cmake_args=None, cmake_clean_cache=False, cmake_clean_first=False, cmake_force_configure=False, cmake_target=None, cmake_target_skip_unavailable=False, continue_on_error=False, event_handlers=None, executor='parallel', ignore_user_meta=False, install_base='install', log_base=None, log_level=None, main=<bound method BuildVerb.main of <colcon_core.verb.build.BuildVerb object at 0x7f01856f63d0>>, merge_install=False, metas=['./colcon.meta'], packages_above=None, packages_above_and_dependencies=None, packages_above_depth=None, packages_end=None, packages_ignore=None, packages_ignore_regex=None, packages_select=None, packages_select_build_failed=False, packages_select_by_dep=None, packages_select_regex=None, packages_select_test_failures=False, packages_skip=None, packages_skip_build_finished=False, packages_skip_by_dep=None, packages_skip_regex=None, packages_skip_test_passed=False, packages_skip_up_to=None, packages_start=None, packages_up_to=None, packages_up_to_regex=None, parallel_workers=12, paths=None, symlink_install=False, test_result_base=None, verb_extension=<colcon_core.verb.build.BuildVerb object at 0x7f01856f63d0>, verb_name='build', verb_parser=<colcon_defaults.argument_parser.defaults.DefaultArgumentsDecorator object at 0x7f01856f6910>)
[0.510s] Level 1:colcon.colcon_core.package_discovery:discover_packages(colcon_meta) check parameters
[0.510s] Level 1:colcon.colcon_core.package_discovery:discover_packages(recursive) check parameters
[0.510s] Level 1:colcon.colcon_core.package_discovery:discover_packages(ignore) check parameters
[0.510s] Level 1:colcon.colcon_core.package_discovery:discover_packages(path) check parameters
[0.510s] Level 1:colcon.colcon_core.package_discovery:discover_packages(colcon_meta) discover
[0.510s] Level 1:colcon.colcon_core.package_discovery:discover_packages(recursive) discover
[0.510s] INFO:colcon.colcon_core.package_discovery:Crawling recursively for packages in '/home/koara/ros2_ws/src'
[0.510s] Level 1:colcon.colcon_core.package_identification:_identify(.) by extensions ['ignore', 'ignore_ament_install']
[0.510s] Level 1:colcon.colcon_core.package_identification:_identify(.) by extension 'ignore'
[0.510s] Level 1:colcon.colcon_core.package_identification:_identify(.) by extension 'ignore_ament_install'
[0.510s] Level 1:colcon.colcon_core.package_identification:_identify(.) by extensions ['colcon_pkg']
[0.510s] Level 1:colcon.colcon_core.package_identification:_identify(.) by extension 'colcon_pkg'
[0.510s] Level 1:colcon.colcon_core.package_identification:_identify(.) by extensions ['colcon_meta']
[0.510s] Level 1:colcon.colcon_core.package_identification:_identify(.) by extension 'colcon_meta'
[0.510s] Level 1:colcon.colcon_core.package_identification:_identify(.) by extensions ['ros']
[0.510s] Level 1:colcon.colcon_core.package_identification:_identify(.) by extension 'ros'
[0.531s] Level 1:colcon.colcon_core.package_identification:_identify(.) by extensions ['cmake', 'python']
[0.531s] Level 1:colcon.colcon_core.package_identification:_identify(.) by extension 'cmake'
[0.531s] Level 1:colcon.colcon_core.package_identification:_identify(.) by extension 'python'
[0.531s] Level 1:colcon.colcon_core.package_identification:_identify(.) by extensions ['python_setup_py']
[0.531s] Level 1:colcon.colcon_core.package_identification:_identify(.) by extension 'python_setup_py'
[0.532s] Level 1:colcon.colcon_core.package_identification:_identify(build) by extensions ['ignore', 'ignore_ament_install']
[0.532s] Level 1:colcon.colcon_core.package_identification:_identify(build) by extension 'ignore'
[0.532s] Level 1:colcon.colcon_core.package_identification:_identify(build) ignored
[0.533s] Level 1:colcon.colcon_core.package_identification:_identify(install) by extensions ['ignore', 'ignore_ament_install']
[0.533s] Level 1:colcon.colcon_core.package_identification:_identify(install) by extension 'ignore'
[0.533s] Level 1:colcon.colcon_core.package_identification:_identify(install) ignored
[0.533s] Level 1:colcon.colcon_core.package_identification:_identify(log) by extensions ['ignore', 'ignore_ament_install']
[0.533s] Level 1:colcon.colcon_core.package_identification:_identify(log) by extension 'ignore'
[0.533s] Level 1:colcon.colcon_core.package_identification:_identify(log) ignored
[0.533s] Level 1:colcon.colcon_core.package_identification:_identify(mypkg) by extensions ['ignore', 'ignore_ament_install']
[0.533s] Level 1:colcon.colcon_core.package_identification:_identify(mypkg) by extension 'ignore'
[0.534s] Level 1:colcon.colcon_core.package_identification:_identify(mypkg) by extension 'ignore_ament_install'
[0.534s] Level 1:colcon.colcon_core.package_identification:_identify(mypkg) by extensions ['colcon_pkg']
[0.534s] Level 1:colcon.colcon_core.package_identification:_identify(mypkg) by extension 'colcon_pkg'
[0.534s] Level 1:colcon.colcon_core.package_identification:_identify(mypkg) by extensions ['colcon_meta']
[0.534s] Level 1:colcon.colcon_core.package_identification:_identify(mypkg) by extension 'colcon_meta'
[0.534s] Level 1:colcon.colcon_core.package_identification:_identify(mypkg) by extensions ['ros']
[0.534s] Level 1:colcon.colcon_core.package_identification:_identify(mypkg) by extension 'ros'
[0.539s] DEBUG:colcon.colcon_core.package_identification:Package 'mypkg' with type 'ros.ament_python' and name 'mypkg'
[0.539s] Level 1:colcon.colcon_core.package_identification:_identify(person_msgs) by extensions ['ignore', 'ignore_ament_install']
[0.539s] Level 1:colcon.colcon_core.package_identification:_identify(person_msgs) by extension 'ignore'
[0.539s] Level 1:colcon.colcon_core.package_identification:_identify(person_msgs) by extension 'ignore_ament_install'
[0.539s] Level 1:colcon.colcon_core.package_identification:_identify(person_msgs) by extensions ['colcon_pkg']
[0.539s] Level 1:colcon.colcon_core.package_identification:_identify(person_msgs) by extension 'colcon_pkg'
[0.539s] Level 1:colcon.colcon_core.package_identification:_identify(person_msgs) by extensions ['colcon_meta']
[0.539s] Level 1:colcon.colcon_core.package_identification:_identify(person_msgs) by extension 'colcon_meta'
[0.539s] Level 1:colcon.colcon_core.package_identification:_identify(person_msgs) by extensions ['ros']
[0.540s] Level 1:colcon.colcon_core.package_identification:_identify(person_msgs) by extension 'ros'
[0.541s] DEBUG:colcon.colcon_core.package_identification:Package 'person_msgs' with type 'ros.ament_cmake' and name 'person_msgs'
[0.541s] Level 1:colcon.colcon_core.package_discovery:discover_packages(recursive) using defaults
[0.541s] Level 1:colcon.colcon_core.package_discovery:discover_packages(ignore) discover
[0.541s] Level 1:colcon.colcon_core.package_discovery:discover_packages(ignore) using defaults
[0.541s] Level 1:colcon.colcon_core.package_discovery:discover_packages(path) discover
[0.541s] Level 1:colcon.colcon_core.package_discovery:discover_packages(path) using defaults
[0.577s] Level 1:colcon.colcon_core.package_discovery:discover_packages(prefix_path) check parameters
[0.578s] Level 1:colcon.colcon_core.package_discovery:discover_packages(prefix_path) discover
[0.581s] DEBUG:colcon.colcon_installed_package_information.package_discovery:Found 2 installed packages in /home/koara/ros2_ws/install
[0.584s] DEBUG:colcon.colcon_installed_package_information.package_discovery:Found 256 installed packages in /opt/ros/foxy
[0.586s] Level 1:colcon.colcon_core.package_discovery:discover_packages(prefix_path) using defaults
[0.749s] Level 5:colcon.colcon_core.verb:set package 'mypkg' build argument 'cmake_args' from command line to 'None'
[0.749s] Level 5:colcon.colcon_core.verb:set package 'mypkg' build argument 'cmake_target' from command line to 'None'
[0.749s] Level 5:colcon.colcon_core.verb:set package 'mypkg' build argument 'cmake_target_skip_unavailable' from command line to 'False'
[0.749s] Level 5:colcon.colcon_core.verb:set package 'mypkg' build argument 'cmake_clean_cache' from command line to 'False'
[0.749s] Level 5:colcon.colcon_core.verb:set package 'mypkg' build argument 'cmake_clean_first' from command line to 'False'
[0.749s] Level 5:colcon.colcon_core.verb:set package 'mypkg' build argument 'cmake_force_configure' from command line to 'False'
[0.749s] Level 5:colcon.colcon_core.verb:set package 'mypkg' build argument 'ament_cmake_args' from command line to 'None'
[0.749s] Level 5:colcon.colcon_core.verb:set package 'mypkg' build argument 'catkin_cmake_args' from command line to 'None'
[0.749s] Level 5:colcon.colcon_core.verb:set package 'mypkg' build argument 'catkin_skip_building_tests' from command line to 'False'
[0.749s] DEBUG:colcon.colcon_core.verb:Building package 'mypkg' with the following arguments: {'ament_cmake_args': None, 'build_base': '/home/koara/ros2_ws/src/build/mypkg', 'catkin_cmake_args': None, 'catkin_skip_building_tests': False, 'cmake_args': None, 'cmake_clean_cache': False, 'cmake_clean_first': False, 'cmake_force_configure': False, 'cmake_target': None, 'cmake_target_skip_unavailable': False, 'install_base': '/home/koara/ros2_ws/src/install/mypkg', 'merge_install': False, 'path': '/home/koara/ros2_ws/src/mypkg', 'symlink_install': False, 'test_result_base': None}
[0.749s] Level 5:colcon.colcon_core.verb:set package 'person_msgs' build argument 'cmake_args' from command line to 'None'
[0.749s] Level 5:colcon.colcon_core.verb:set package 'person_msgs' build argument 'cmake_target' from command line to 'None'
[0.749s] Level 5:colcon.colcon_core.verb:set package 'person_msgs' build argument 'cmake_target_skip_unavailable' from command line to 'False'
[0.749s] Level 5:colcon.colcon_core.verb:set package 'person_msgs' build argument 'cmake_clean_cache' from command line to 'False'
[0.749s] Level 5:colcon.colcon_core.verb:set package 'person_msgs' build argument 'cmake_clean_first' from command line to 'False'
[0.749s] Level 5:colcon.colcon_core.verb:set package 'person_msgs' build argument 'cmake_force_configure' from command line to 'False'
[0.749s] Level 5:colcon.colcon_core.verb:set package 'person_msgs' build argument 'ament_cmake_args' from command line to 'None'
[0.749s] Level 5:colcon.colcon_core.verb:set package 'person_msgs' build argument 'catkin_cmake_args' from command line to 'None'
[0.749s] Level 5:colcon.colcon_core.verb:set package 'person_msgs' build argument 'catkin_skip_building_tests' from command line to 'False'
[0.749s] DEBUG:colcon.colcon_core.verb:Building package 'person_msgs' with the following arguments: {'ament_cmake_args': None, 'build_base': '/home/koara/ros2_ws/src/build/person_msgs', 'catkin_cmake_args': None, 'catkin_skip_building_tests': False, 'cmake_args': None, 'cmake_clean_cache': False, 'cmake_clean_first': False, 'cmake_force_configure': False, 'cmake_target': None, 'cmake_target_skip_unavailable': False, 'install_base': '/home/koara/ros2_ws/src/install/person_msgs', 'merge_install': False, 'path': '/home/koara/ros2_ws/src/person_msgs', 'symlink_install': False, 'test_result_base': None}
[0.749s] INFO:colcon.colcon_core.executor:Executing jobs using 'parallel' executor
[0.751s] DEBUG:colcon.colcon_parallel_executor.executor.parallel:run_until_complete
[0.752s] INFO:colcon.colcon_ros.task.ament_python.build:Building ROS package in '/home/koara/ros2_ws/src/mypkg' with build type 'ament_python'
[0.752s] Level 1:colcon.colcon_core.shell:create_environment_hook('mypkg', 'ament_prefix_path')
[0.759s] INFO:colcon.colcon_core.plugin_system:Skipping extension 'colcon_core.shell.bat': Not used on non-Windows systems
[0.759s] INFO:colcon.colcon_core.shell:Creating environment hook '/home/koara/ros2_ws/src/install/mypkg/share/mypkg/hook/ament_prefix_path.ps1'
[0.760s] INFO:colcon.colcon_core.shell:Creating environment descriptor '/home/koara/ros2_ws/src/install/mypkg/share/mypkg/hook/ament_prefix_path.dsv'
[0.761s] INFO:colcon.colcon_core.shell:Creating environment hook '/home/koara/ros2_ws/src/install/mypkg/share/mypkg/hook/ament_prefix_path.sh'
[0.762s] INFO:colcon.colcon_core.shell:Skip shell extension 'powershell' for command environment: Not usable outside of PowerShell
[0.762s] DEBUG:colcon.colcon_core.shell:Skip shell extension 'dsv' for command environment
[0.769s] INFO:colcon.colcon_ros.task.ament_cmake.build:Building ROS package in '/home/koara/ros2_ws/src/person_msgs' with build type 'ament_cmake'
[0.770s] INFO:colcon.colcon_cmake.task.cmake.build:Building CMake package in '/home/koara/ros2_ws/src/person_msgs'
[0.770s] INFO:colcon.colcon_core.shell:Skip shell extension 'powershell' for command environment: Not usable outside of PowerShell
[0.770s] DEBUG:colcon.colcon_core.shell:Skip shell extension 'dsv' for command environment
[1.003s] INFO:colcon.colcon_core.task.python.build:Building Python package in '/home/koara/ros2_ws/src/mypkg'
[1.003s] INFO:colcon.colcon_core.shell:Skip shell extension 'powershell' for command environment: Not usable outside of PowerShell
[1.004s] DEBUG:colcon.colcon_core.shell:Skip shell extension 'dsv' for command environment
[1.016s] DEBUG:colcon.colcon_core.event_handler.log_command:Invoking command in '/home/koara/ros2_ws/src/build/person_msgs': CMAKE_PREFIX_PATH=${CMAKE_PREFIX_PATH}:/home/koara/ros2_ws/install/mypkg:/opt/ros/foxy /usr/bin/cmake /home/koara/ros2_ws/src/person_msgs -DCMAKE_INSTALL_PREFIX=/home/koara/ros2_ws/src/install/person_msgs
[1.586s] DEBUG:colcon.colcon_core.event_handler.log_command:Invoking command in '/home/koara/ros2_ws/src/mypkg': PYTHONPATH=/home/koara/ros2_ws/src/build/mypkg/prefix_override:/usr/lib/python3/dist-packages/colcon_core/task/python/colcon_distutils_commands:/home/koara/ros2_ws/src/install/mypkg/lib/python3.8/site-packages:${PYTHONPATH} /usr/bin/python3 -W ignore:setup.py install is deprecated setup.py egg_info --egg-base ../build/mypkg build --build-base /home/koara/ros2_ws/src/build/mypkg/build install --record /home/koara/ros2_ws/src/build/mypkg/install.log --install-scripts $base/lib/mypkg --single-version-externally-managed install_data
[1.911s] DEBUG:colcon.colcon_core.event_handler.log_command:Invoked command in '/home/koara/ros2_ws/src/mypkg' returned '0': PYTHONPATH=/home/koara/ros2_ws/src/build/mypkg/prefix_override:/usr/lib/python3/dist-packages/colcon_core/task/python/colcon_distutils_commands:/home/koara/ros2_ws/src/install/mypkg/lib/python3.8/site-packages:${PYTHONPATH} /usr/bin/python3 -W ignore:setup.py install is deprecated setup.py egg_info --egg-base ../build/mypkg build --build-base /home/koara/ros2_ws/src/build/mypkg/build install --record /home/koara/ros2_ws/src/build/mypkg/install.log --install-scripts $base/lib/mypkg --single-version-externally-managed install_data
[1.919s] Level 1:colcon.colcon_core.environment:checking '/home/koara/ros2_ws/src/install/mypkg' for CMake module files
[1.920s] Level 1:colcon.colcon_core.environment:checking '/home/koara/ros2_ws/src/install/mypkg' for CMake config files
[1.923s] Level 1:colcon.colcon_core.environment:checking '/home/koara/ros2_ws/src/install/mypkg/lib'
[1.924s] Level 1:colcon.colcon_core.environment:checking '/home/koara/ros2_ws/src/install/mypkg/bin'
[1.924s] Level 1:colcon.colcon_core.environment:checking '/home/koara/ros2_ws/src/install/mypkg/lib/pkgconfig/mypkg.pc'
[1.924s] Level 1:colcon.colcon_core.environment:checking '/home/koara/ros2_ws/src/install/mypkg/lib/python3.8/site-packages'
[1.924s] Level 1:colcon.colcon_core.shell:create_environment_hook('mypkg', 'pythonpath')
[1.925s] INFO:colcon.colcon_core.shell:Creating environment hook '/home/koara/ros2_ws/src/install/mypkg/share/mypkg/hook/pythonpath.ps1'
[1.926s] INFO:colcon.colcon_core.shell:Creating environment descriptor '/home/koara/ros2_ws/src/install/mypkg/share/mypkg/hook/pythonpath.dsv'
[1.926s] INFO:colcon.colcon_core.shell:Creating environment hook '/home/koara/ros2_ws/src/install/mypkg/share/mypkg/hook/pythonpath.sh'
[1.926s] Level 1:colcon.colcon_core.environment:checking '/home/koara/ros2_ws/src/install/mypkg/bin'
[1.926s] Level 1:colcon.colcon_core.environment:create_environment_scripts_only(mypkg)
[1.927s] INFO:colcon.colcon_core.shell:Creating package script '/home/koara/ros2_ws/src/install/mypkg/share/mypkg/package.ps1'
[1.928s] INFO:colcon.colcon_core.shell:Creating package descriptor '/home/koara/ros2_ws/src/install/mypkg/share/mypkg/package.dsv'
[1.929s] INFO:colcon.colcon_core.shell:Creating package script '/home/koara/ros2_ws/src/install/mypkg/share/mypkg/package.sh'
[1.930s] INFO:colcon.colcon_core.shell:Creating package script '/home/koara/ros2_ws/src/install/mypkg/share/mypkg/package.bash'
[1.931s] INFO:colcon.colcon_core.shell:Creating package script '/home/koara/ros2_ws/src/install/mypkg/share/mypkg/package.zsh'
[1.932s] Level 1:colcon.colcon_core.environment:create_file_with_runtime_dependencies(/home/koara/ros2_ws/src/install/mypkg/share/colcon-core/packages/mypkg)
[8.680s] DEBUG:colcon.colcon_core.event_handler.log_command:Invoked command in '/home/koara/ros2_ws/src/build/person_msgs' returned '0': CMAKE_PREFIX_PATH=${CMAKE_PREFIX_PATH}:/home/koara/ros2_ws/install/mypkg:/opt/ros/foxy /usr/bin/cmake /home/koara/ros2_ws/src/person_msgs -DCMAKE_INSTALL_PREFIX=/home/koara/ros2_ws/src/install/person_msgs
[8.684s] DEBUG:colcon.colcon_core.event_handler.log_command:Invoking command in '/home/koara/ros2_ws/src/build/person_msgs': CMAKE_PREFIX_PATH=${CMAKE_PREFIX_PATH}:/home/koara/ros2_ws/install/mypkg:/opt/ros/foxy /usr/bin/cmake --build /home/koara/ros2_ws/src/build/person_msgs -- -j12 -l12
[11.734s] DEBUG:colcon.colcon_core.event_handler.log_command:Invoked command in '/home/koara/ros2_ws/src/build/person_msgs' returned '0': CMAKE_PREFIX_PATH=${CMAKE_PREFIX_PATH}:/home/koara/ros2_ws/install/mypkg:/opt/ros/foxy /usr/bin/cmake --build /home/koara/ros2_ws/src/build/person_msgs -- -j12 -l12
[11.814s] DEBUG:colcon.colcon_core.event_handler.log_command:Invoking command in '/home/koara/ros2_ws/src/build/person_msgs': CMAKE_PREFIX_PATH=${CMAKE_PREFIX_PATH}:/home/koara/ros2_ws/install/mypkg:/opt/ros/foxy /usr/bin/cmake --install /home/koara/ros2_ws/src/build/person_msgs
[11.895s] Level 1:colcon.colcon_core.environment:create_environment_scripts_only(person_msgs)
[11.895s] Level 1:colcon.colcon_core.environment:checking '/home/koara/ros2_ws/src/install/person_msgs' for CMake module files
[11.896s] DEBUG:colcon.colcon_core.event_handler.log_command:Invoked command in '/home/koara/ros2_ws/src/build/person_msgs' returned '0': CMAKE_PREFIX_PATH=${CMAKE_PREFIX_PATH}:/home/koara/ros2_ws/install/mypkg:/opt/ros/foxy /usr/bin/cmake --install /home/koara/ros2_ws/src/build/person_msgs
[11.896s] Level 1:colcon.colcon_core.environment:checking '/home/koara/ros2_ws/src/install/person_msgs' for CMake config files
[11.897s] Level 1:colcon.colcon_core.shell:create_environment_hook('person_msgs', 'cmake_prefix_path')
[11.897s] INFO:colcon.colcon_core.shell:Creating environment hook '/home/koara/ros2_ws/src/install/person_msgs/share/person_msgs/hook/cmake_prefix_path.ps1'
[11.899s] INFO:colcon.colcon_core.shell:Creating environment descriptor '/home/koara/ros2_ws/src/install/person_msgs/share/person_msgs/hook/cmake_prefix_path.dsv'
[11.900s] INFO:colcon.colcon_core.shell:Creating environment hook '/home/koara/ros2_ws/src/install/person_msgs/share/person_msgs/hook/cmake_prefix_path.sh'
[11.901s] Level 1:colcon.colcon_core.environment:checking '/home/koara/ros2_ws/src/install/person_msgs/lib'
[11.901s] Level 1:colcon.colcon_core.shell:create_environment_hook('person_msgs', 'ld_library_path_lib')
[11.902s] INFO:colcon.colcon_core.shell:Creating environment hook '/home/koara/ros2_ws/src/install/person_msgs/share/person_msgs/hook/ld_library_path_lib.ps1'
[11.902s] INFO:colcon.colcon_core.shell:Creating environment descriptor '/home/koara/ros2_ws/src/install/person_msgs/share/person_msgs/hook/ld_library_path_lib.dsv'
[11.902s] INFO:colcon.colcon_core.shell:Creating environment hook '/home/koara/ros2_ws/src/install/person_msgs/share/person_msgs/hook/ld_library_path_lib.sh'
[11.903s] Level 1:colcon.colcon_core.environment:checking '/home/koara/ros2_ws/src/install/person_msgs/bin'
[11.903s] Level 1:colcon.colcon_core.environment:checking '/home/koara/ros2_ws/src/install/person_msgs/lib/pkgconfig/person_msgs.pc'
[11.903s] Level 1:colcon.colcon_core.environment:checking '/home/koara/ros2_ws/src/install/person_msgs/lib/python3.8/site-packages'
[11.903s] Level 1:colcon.colcon_core.shell:create_environment_hook('person_msgs', 'pythonpath')
[11.903s] INFO:colcon.colcon_core.shell:Creating environment hook '/home/koara/ros2_ws/src/install/person_msgs/share/person_msgs/hook/pythonpath.ps1'
[11.904s] INFO:colcon.colcon_core.shell:Creating environment descriptor '/home/koara/ros2_ws/src/install/person_msgs/share/person_msgs/hook/pythonpath.dsv'
[11.905s] INFO:colcon.colcon_core.shell:Creating environment hook '/home/koara/ros2_ws/src/install/person_msgs/share/person_msgs/hook/pythonpath.sh'
[11.906s] Level 1:colcon.colcon_core.environment:checking '/home/koara/ros2_ws/src/install/person_msgs/bin'
[11.906s] INFO:colcon.colcon_core.shell:Creating package script '/home/koara/ros2_ws/src/install/person_msgs/share/person_msgs/package.ps1'
[11.906s] INFO:colcon.colcon_core.shell:Creating package descriptor '/home/koara/ros2_ws/src/install/person_msgs/share/person_msgs/package.dsv'
[11.907s] INFO:colcon.colcon_core.shell:Creating package script '/home/koara/ros2_ws/src/install/person_msgs/share/person_msgs/package.sh'
[11.907s] INFO:colcon.colcon_core.shell:Creating package script '/home/koara/ros2_ws/src/install/person_msgs/share/person_msgs/package.bash'
[11.907s] INFO:colcon.colcon_core.shell:Creating package script '/home/koara/ros2_ws/src/install/person_msgs/share/person_msgs/package.zsh'
[11.908s] Level 1:colcon.colcon_core.environment:create_file_with_runtime_dependencies(/home/koara/ros2_ws/src/install/person_msgs/share/colcon-core/packages/person_msgs)
[11.975s] Level 1:colcon.colcon_core.environment:create_environment_scripts_only(person_msgs)
[11.976s] Level 1:colcon.colcon_core.environment:checking '/home/koara/ros2_ws/src/install/person_msgs' for CMake module files
[11.977s] Level 1:colcon.colcon_core.environment:checking '/home/koara/ros2_ws/src/install/person_msgs' for CMake config files
[11.977s] Level 1:colcon.colcon_core.shell:create_environment_hook('person_msgs', 'cmake_prefix_path')
[11.977s] INFO:colcon.colcon_core.shell:Creating environment hook '/home/koara/ros2_ws/src/install/person_msgs/share/person_msgs/hook/cmake_prefix_path.ps1'
[11.978s] INFO:colcon.colcon_core.shell:Creating environment descriptor '/home/koara/ros2_ws/src/install/person_msgs/share/person_msgs/hook/cmake_prefix_path.dsv'
[11.979s] INFO:colcon.colcon_core.shell:Creating environment hook '/home/koara/ros2_ws/src/install/person_msgs/share/person_msgs/hook/cmake_prefix_path.sh'
[11.979s] Level 1:colcon.colcon_core.environment:checking '/home/koara/ros2_ws/src/install/person_msgs/lib'
[11.979s] Level 1:colcon.colcon_core.shell:create_environment_hook('person_msgs', 'ld_library_path_lib')
[11.979s] INFO:colcon.colcon_core.shell:Creating environment hook '/home/koara/ros2_ws/src/install/person_msgs/share/person_msgs/hook/ld_library_path_lib.ps1'
[11.980s] INFO:colcon.colcon_core.shell:Creating environment descriptor '/home/koara/ros2_ws/src/install/person_msgs/share/person_msgs/hook/ld_library_path_lib.dsv'
[11.980s] INFO:colcon.colcon_core.shell:Creating environment hook '/home/koara/ros2_ws/src/install/person_msgs/share/person_msgs/hook/ld_library_path_lib.sh'
[11.980s] Level 1:colcon.colcon_core.environment:checking '/home/koara/ros2_ws/src/install/person_msgs/bin'
[11.980s] Level 1:colcon.colcon_core.environment:checking '/home/koara/ros2_ws/src/install/person_msgs/lib/pkgconfig/person_msgs.pc'
[11.981s] Level 1:colcon.colcon_core.environment:checking '/home/koara/ros2_ws/src/install/person_msgs/lib/python3.8/site-packages'
[11.981s] Level 1:colcon.colcon_core.shell:create_environment_hook('person_msgs', 'pythonpath')
[11.981s] INFO:colcon.colcon_core.shell:Creating environment hook '/home/koara/ros2_ws/src/install/person_msgs/share/person_msgs/hook/pythonpath.ps1'
[11.981s] INFO:colcon.colcon_core.shell:Creating environment descriptor '/home/koara/ros2_ws/src/install/person_msgs/share/person_msgs/hook/pythonpath.dsv'
[11.982s] INFO:colcon.colcon_core.shell:Creating environment hook '/home/koara/ros2_ws/src/install/person_msgs/share/person_msgs/hook/pythonpath.sh'
[11.982s] Level 1:colcon.colcon_core.environment:checking '/home/koara/ros2_ws/src/install/person_msgs/bin'
[11.982s] INFO:colcon.colcon_core.shell:Creating package script '/home/koara/ros2_ws/src/install/person_msgs/share/person_msgs/package.ps1'
[11.983s] INFO:colcon.colcon_core.shell:Creating package descriptor '/home/koara/ros2_ws/src/install/person_msgs/share/person_msgs/package.dsv'
[11.983s] INFO:colcon.colcon_core.shell:Creating package script '/home/koara/ros2_ws/src/install/person_msgs/share/person_msgs/package.sh'
[11.984s] INFO:colcon.colcon_core.shell:Creating package script '/home/koara/ros2_ws/src/install/person_msgs/share/person_msgs/package.bash'
[11.984s] INFO:colcon.colcon_core.shell:Creating package script '/home/koara/ros2_ws/src/install/person_msgs/share/person_msgs/package.zsh'
[11.985s] Level 1:colcon.colcon_core.environment:create_file_with_runtime_dependencies(/home/koara/ros2_ws/src/install/person_msgs/share/colcon-core/packages/person_msgs)
[11.985s] DEBUG:colcon.colcon_parallel_executor.executor.parallel:closing loop
[11.986s] DEBUG:colcon.colcon_parallel_executor.executor.parallel:loop closed
[11.986s] DEBUG:colcon.colcon_parallel_executor.executor.parallel:run_until_complete finished with '0'
[11.986s] DEBUG:colcon.colcon_core.event_reactor:joining thread
[12.028s] INFO:colcon.colcon_core.plugin_system:Skipping extension 'colcon_notification.desktop_notification.notify_send': Could not find 'notify-send'
[12.028s] INFO:colcon.colcon_core.plugin_system:Skipping extension 'colcon_notification.desktop_notification.terminal_notifier': Not used on non-Darwin systems
[12.028s] INFO:colcon.colcon_core.plugin_system:Skipping extension 'colcon_notification.desktop_notification.win32': Not used on non-Windows systems
[12.028s] INFO:colcon.colcon_notification.desktop_notification:Sending desktop notification using 'notify2'
[12.030s] DEBUG:colcon.colcon_notification.desktop_notification.notify2:Failed to initialize notify2: org.freedesktop.DBus.Error.ServiceUnknown: The name org.freedesktop.Notifications was not provided by any .service files
[12.030s] DEBUG:colcon.colcon_core.event_reactor:joined thread
[12.030s] INFO:colcon.colcon_core.shell:Creating prefix script '/home/koara/ros2_ws/src/install/local_setup.ps1'
[12.032s] INFO:colcon.colcon_core.shell:Creating prefix util module '/home/koara/ros2_ws/src/install/_local_setup_util_ps1.py'
[12.034s] INFO:colcon.colcon_core.shell:Creating prefix chain script '/home/koara/ros2_ws/src/install/setup.ps1'
[12.036s] INFO:colcon.colcon_core.shell:Creating prefix script '/home/koara/ros2_ws/src/install/local_setup.sh'
[12.037s] INFO:colcon.colcon_core.shell:Creating prefix util module '/home/koara/ros2_ws/src/install/_local_setup_util_sh.py'
[12.037s] INFO:colcon.colcon_core.shell:Creating prefix chain script '/home/koara/ros2_ws/src/install/setup.sh'
[12.038s] INFO:colcon.colcon_core.shell:Creating prefix script '/home/koara/ros2_ws/src/install/local_setup.bash'
[12.039s] INFO:colcon.colcon_core.shell:Creating prefix chain script '/home/koara/ros2_ws/src/install/setup.bash'
[12.040s] INFO:colcon.colcon_core.shell:Creating prefix script '/home/koara/ros2_ws/src/install/local_setup.zsh'
[12.042s] INFO:colcon.colcon_core.shell:Creating prefix chain script '/home/koara/ros2_ws/src/install/setup.zsh'
