[0.599s] Invoking command in '/home/koara/ros2_ws/src/mypkg': PYTHONPATH=/home/koara/ros2_ws/src/build/mypkg/prefix_override:/usr/lib/python3/dist-packages/colcon_core/task/python/colcon_distutils_commands:/home/koara/ros2_ws/src/install/mypkg/lib/python3.8/site-packages:${PYTHONPATH} /usr/bin/python3 -W ignore:setup.py install is deprecated setup.py egg_info --egg-base ../build/mypkg build --build-base /home/koara/ros2_ws/src/build/mypkg/build install --record /home/koara/ros2_ws/src/build/mypkg/install.log --install-scripts $base/lib/mypkg --single-version-externally-managed install_data
[0.780s] running egg_info
[0.780s] writing ../build/mypkg/mypkg.egg-info/PKG-INFO
[0.781s] writing dependency_links to ../build/mypkg/mypkg.egg-info/dependency_links.txt
[0.781s] writing entry points to ../build/mypkg/mypkg.egg-info/entry_points.txt
[0.781s] writing requirements to ../build/mypkg/mypkg.egg-info/requires.txt
[0.781s] writing top-level names to ../build/mypkg/mypkg.egg-info/top_level.txt
[0.812s] reading manifest file '../build/mypkg/mypkg.egg-info/SOURCES.txt'
[0.813s] writing manifest file '../build/mypkg/mypkg.egg-info/SOURCES.txt'
[0.813s] running build
[0.813s] running build_py
[0.814s] copying mypkg/talker.py -> /home/koara/ros2_ws/src/build/mypkg/build/lib/mypkg
[0.814s] copying mypkg/listener.py -> /home/koara/ros2_ws/src/build/mypkg/build/lib/mypkg
[0.815s] running install
[0.816s] running install_lib
[0.817s] copying /home/koara/ros2_ws/src/build/mypkg/build/lib/mypkg/talker.py -> /home/koara/ros2_ws/src/install/mypkg/lib/python3.8/site-packages/mypkg
[0.817s] copying /home/koara/ros2_ws/src/build/mypkg/build/lib/mypkg/listener.py -> /home/koara/ros2_ws/src/install/mypkg/lib/python3.8/site-packages/mypkg
[0.817s] byte-compiling /home/koara/ros2_ws/src/install/mypkg/lib/python3.8/site-packages/mypkg/talker.py to talker.cpython-38.pyc
[0.819s] byte-compiling /home/koara/ros2_ws/src/install/mypkg/lib/python3.8/site-packages/mypkg/listener.py to listener.cpython-38.pyc
[0.819s] running install_data
[0.820s] copying launch/talk_listen.launch.py -> /home/koara/ros2_ws/src/install/mypkg/share/mypkg
[0.820s] running install_egg_info
[0.822s] removing '/home/koara/ros2_ws/src/install/mypkg/lib/python3.8/site-packages/mypkg-0.0.0-py3.8.egg-info' (and everything under it)
[0.823s] Copying ../build/mypkg/mypkg.egg-info to /home/koara/ros2_ws/src/install/mypkg/lib/python3.8/site-packages/mypkg-0.0.0-py3.8.egg-info
[0.824s] running install_scripts
[0.840s] Installing listener script to /home/koara/ros2_ws/src/install/mypkg/lib/mypkg
[0.841s] Installing talker script to /home/koara/ros2_ws/src/install/mypkg/lib/mypkg
[0.841s] writing list of installed files to '/home/koara/ros2_ws/src/build/mypkg/install.log'
[0.866s] Invoked command in '/home/koara/ros2_ws/src/mypkg' returned '0': PYTHONPATH=/home/koara/ros2_ws/src/build/mypkg/prefix_override:/usr/lib/python3/dist-packages/colcon_core/task/python/colcon_distutils_commands:/home/koara/ros2_ws/src/install/mypkg/lib/python3.8/site-packages:${PYTHONPATH} /usr/bin/python3 -W ignore:setup.py install is deprecated setup.py egg_info --egg-base ../build/mypkg build --build-base /home/koara/ros2_ws/src/build/mypkg/build install --record /home/koara/ros2_ws/src/build/mypkg/install.log --install-scripts $base/lib/mypkg --single-version-externally-managed install_data
