[0.200s] Invoking command in '/home/koara/ros2_ws/src/build/person_msgs': CMAKE_PREFIX_PATH=${CMAKE_PREFIX_PATH}:/home/koara/ros2_ws/install/mypkg:/opt/ros/foxy /usr/bin/cmake --build /home/koara/ros2_ws/src/build/person_msgs -- -j12 -l12
[0.393s] -- Found ament_cmake: 0.9.12 (/opt/ros/foxy/share/ament_cmake/cmake)
[0.421s] -- Found PythonInterp: /usr/bin/python3 (found suitable version "3.8.10", minimum required is "3") 
[0.421s] -- Using PYTHON_EXECUTABLE: /usr/bin/python3
[0.653s] -- Found ament_lint_auto: 0.9.8 (/opt/ros/foxy/share/ament_lint_auto/cmake)
[0.655s] -- Found rosidl_default_generators: 1.0.1 (/opt/ros/foxy/share/rosidl_default_generators/cmake)
[0.662s] -- Using all available rosidl_typesupport_c: rosidl_typesupport_fastrtps_c;rosidl_typesupport_introspection_c
[0.670s] -- Found rosidl_adapter: 1.3.1 (/opt/ros/foxy/share/rosidl_adapter/cmake)
[3.094s] -- Using all available rosidl_typesupport_cpp: rosidl_typesupport_fastrtps_cpp;rosidl_typesupport_introspection_cpp
[3.147s] -- Found PythonInterp: /usr/bin/python3 (found version "3.8.10") 
[3.267s] -- Found ament_cmake_ros: 0.9.2 (/opt/ros/foxy/share/ament_cmake_ros/cmake)
[5.438s] -- Using all available rosidl_typesupport_c: rosidl_typesupport_fastrtps_c;rosidl_typesupport_introspection_c
[5.450s] -- Using all available rosidl_typesupport_cpp: rosidl_typesupport_fastrtps_cpp;rosidl_typesupport_introspection_cpp
[5.472s] -- Found PythonInterp: /usr/bin/python3 (found suitable version "3.8.10", minimum required is "3.5") 
[5.472s] -- Found python_cmake_module: 0.8.1 (/opt/ros/foxy/share/python_cmake_module/cmake)
[5.497s] -- Using PYTHON_EXECUTABLE: /usr/bin/python3
[5.497s] -- Using PYTHON_INCLUDE_DIRS: /usr/include/python3.8
[5.497s] -- Using PYTHON_LIBRARIES: /usr/lib/x86_64-linux-gnu/libpython3.8.so
[5.533s] -- Added test 'copyright' to check source files copyright and LICENSE
[5.545s] -- Added test 'cppcheck' to perform static code analysis on C / C++ code
[5.546s] -- Configured cppcheck include dirs: 
[5.546s] -- Configured cppcheck exclude dirs and/or files: 
[5.551s] -- Added test 'cpplint' to check C / C++ code against the Google style
[5.552s] -- Configured cpplint exclude dirs and/or files: 
[5.554s] -- Added test 'flake8' to check Python code syntax and style conventions
[5.556s] -- Added test 'lint_cmake' to check CMake code style
[5.557s] -- Added test 'pep257' to check Python code against some of the style conventions in PEP 257
[5.563s] -- Added test 'uncrustify' to check C / C++ code style
[5.563s] -- Configured uncrustify additional arguments: 
[5.564s] -- Added test 'xmllint' to check XML markup files
[5.577s] -- Configuring done
[5.646s] -- Generating done
[5.650s] -- Build files have been written to: /home/koara/ros2_ws/src/build/person_msgs
[5.690s] [  2%] [34m[1mGenerating C code for ROS interfaces[0m
[5.691s] [35m[1mScanning dependencies of target person_msgs__cpp[0m
[5.705s] [  5%] [34m[1mGenerating C++ code for ROS interfaces[0m
[5.971s] [  5%] Built target person_msgs__cpp
[5.981s] [  7%] [34m[1mGenerating C++ type support dispatch for ROS interfaces[0m
[5.981s] [35m[1mScanning dependencies of target person_msgs__rosidl_generator_c[0m
[5.982s] [ 12%] [34m[1mGenerating C++ type support for eProsima Fast-RTPS[0m
[5.982s] [ 12%] [34m[1mGenerating C++ introspection for ROS interfaces[0m
[5.998s] [ 17%] [32mBuilding C object CMakeFiles/person_msgs__rosidl_generator_c.dir/rosidl_generator_c/person_msgs/srv/detail/query__functions.c.o[0m
[5.998s] [ 17%] [32mBuilding C object CMakeFiles/person_msgs__rosidl_generator_c.dir/rosidl_generator_c/person_msgs/msg/detail/person__functions.c.o[0m
[6.231s] [35m[1mScanning dependencies of target person_msgs__rosidl_typesupport_cpp[0m
[6.240s] [35m[1mScanning dependencies of target person_msgs__rosidl_typesupport_introspection_cpp[0m
[6.247s] [ 23%] [32mBuilding CXX object CMakeFiles/person_msgs__rosidl_typesupport_cpp.dir/rosidl_typesupport_cpp/person_msgs/msg/person__type_support.cpp.o[0m
[6.247s] [ 23%] [32mBuilding CXX object CMakeFiles/person_msgs__rosidl_typesupport_cpp.dir/rosidl_typesupport_cpp/person_msgs/srv/query__type_support.cpp.o[0m
[6.258s] [ 25%] [32mBuilding CXX object CMakeFiles/person_msgs__rosidl_typesupport_introspection_cpp.dir/rosidl_typesupport_introspection_cpp/person_msgs/srv/detail/query__type_support.cpp.o[0m
[6.258s] [ 28%] [32mBuilding CXX object CMakeFiles/person_msgs__rosidl_typesupport_introspection_cpp.dir/rosidl_typesupport_introspection_cpp/person_msgs/msg/detail/person__type_support.cpp.o[0m
[6.296s] [35m[1mScanning dependencies of target person_msgs__rosidl_typesupport_fastrtps_cpp[0m
[6.308s] [ 30%] [32m[1mLinking C shared library libperson_msgs__rosidl_generator_c.so[0m
[6.331s] [ 35%] [32mBuilding CXX object CMakeFiles/person_msgs__rosidl_typesupport_fastrtps_cpp.dir/rosidl_typesupport_fastrtps_cpp/person_msgs/srv/detail/dds_fastrtps/query__type_support.cpp.o[0m
[6.331s] [ 35%] [32mBuilding CXX object CMakeFiles/person_msgs__rosidl_typesupport_fastrtps_cpp.dir/rosidl_typesupport_fastrtps_cpp/person_msgs/msg/detail/dds_fastrtps/person__type_support.cpp.o[0m
[6.423s] [ 35%] Built target person_msgs__rosidl_generator_c
[6.435s] [ 38%] [34m[1mGenerating C type support dispatch for ROS interfaces[0m
[6.436s] [ 41%] [34m[1mGenerating C introspection for ROS interfaces[0m
[6.744s] [35m[1mScanning dependencies of target person_msgs__rosidl_typesupport_c[0m
[6.763s] [ 43%] [32mBuilding CXX object CMakeFiles/person_msgs__rosidl_typesupport_c.dir/rosidl_typesupport_c/person_msgs/msg/person__type_support.cpp.o[0m
[6.764s] [ 46%] [32mBuilding CXX object CMakeFiles/person_msgs__rosidl_typesupport_c.dir/rosidl_typesupport_c/person_msgs/srv/query__type_support.cpp.o[0m
[6.803s] [35m[1mScanning dependencies of target person_msgs__rosidl_typesupport_introspection_c[0m
[6.821s] [ 48%] [32mBuilding C object CMakeFiles/person_msgs__rosidl_typesupport_introspection_c.dir/rosidl_typesupport_introspection_c/person_msgs/msg/detail/person__type_support.c.o[0m
[6.821s] [ 51%] [32mBuilding C object CMakeFiles/person_msgs__rosidl_typesupport_introspection_c.dir/rosidl_typesupport_introspection_c/person_msgs/srv/detail/query__type_support.c.o[0m
[6.865s] [ 53%] [32m[1mLinking CXX shared library libperson_msgs__rosidl_typesupport_c.so[0m
[6.870s] [ 58%] [32m[1mLinking CXX shared library libperson_msgs__rosidl_typesupport_cpp.so[0m
[6.870s] [ 58%] [32m[1mLinking CXX shared library libperson_msgs__rosidl_typesupport_introspection_cpp.so[0m
[6.870s] [ 61%] [32m[1mLinking C shared library libperson_msgs__rosidl_typesupport_introspection_c.so[0m
[6.938s] [ 61%] Built target person_msgs__rosidl_typesupport_introspection_c
[6.948s] [ 61%] Built target person_msgs__rosidl_typesupport_cpp
[6.948s] [ 61%] Built target person_msgs__rosidl_typesupport_c
[6.976s] [ 61%] Built target person_msgs__rosidl_typesupport_introspection_cpp
[7.027s] [ 64%] [32m[1mLinking CXX shared library libperson_msgs__rosidl_typesupport_fastrtps_cpp.so[0m
[7.141s] [ 64%] Built target person_msgs__rosidl_typesupport_fastrtps_cpp
[7.151s] [ 66%] [34m[1mGenerating C type support for eProsima Fast-RTPS[0m
[7.382s] [35m[1mScanning dependencies of target person_msgs__rosidl_typesupport_fastrtps_c[0m
[7.400s] [ 71%] [32mBuilding CXX object CMakeFiles/person_msgs__rosidl_typesupport_fastrtps_c.dir/rosidl_typesupport_fastrtps_c/person_msgs/srv/detail/query__type_support_c.cpp.o[0m
[7.400s] [ 71%] [32mBuilding CXX object CMakeFiles/person_msgs__rosidl_typesupport_fastrtps_c.dir/rosidl_typesupport_fastrtps_c/person_msgs/msg/detail/person__type_support_c.cpp.o[0m
[7.751s] [ 74%] [32m[1mLinking CXX shared library libperson_msgs__rosidl_typesupport_fastrtps_c.so[0m
[7.867s] [ 74%] Built target person_msgs__rosidl_typesupport_fastrtps_c
[7.888s] [ 74%] Built target person_msgs
[7.898s] [35m[1mScanning dependencies of target person_msgs__py[0m
[7.910s] [ 76%] [34m[1mGenerating Python code for ROS interfaces[0m
[8.356s] [ 76%] Built target person_msgs__py
[8.370s] [35m[1mScanning dependencies of target person_msgs__python[0m
[8.388s] [ 82%] [32mBuilding C object CMakeFiles/person_msgs__python.dir/rosidl_generator_py/person_msgs/msg/_person_s.c.o[0m
[8.388s] [ 82%] [32mBuilding C object CMakeFiles/person_msgs__python.dir/rosidl_generator_py/person_msgs/srv/_query_s.c.o[0m
[8.528s] [ 84%] [32m[1mLinking C shared library rosidl_generator_py/person_msgs/libperson_msgs__python.so[0m
[8.603s] [ 84%] Built target person_msgs__python
[8.615s] [35m[1mScanning dependencies of target person_msgs__rosidl_typesupport_introspection_c__pyext[0m
[8.615s] [35m[1mScanning dependencies of target person_msgs__rosidl_typesupport_fastrtps_c__pyext[0m
[8.615s] [35m[1mScanning dependencies of target person_msgs__rosidl_typesupport_c__pyext[0m
[8.631s] [ 89%] [32mBuilding C object CMakeFiles/person_msgs__rosidl_typesupport_introspection_c__pyext.dir/rosidl_generator_py/person_msgs/_person_msgs_s.ep.rosidl_typesupport_introspection_c.c.o[0m
[8.631s] [ 89%] [32mBuilding C object CMakeFiles/person_msgs__rosidl_typesupport_fastrtps_c__pyext.dir/rosidl_generator_py/person_msgs/_person_msgs_s.ep.rosidl_typesupport_fastrtps_c.c.o[0m
[8.632s] [ 92%] [32mBuilding C object CMakeFiles/person_msgs__rosidl_typesupport_c__pyext.dir/rosidl_generator_py/person_msgs/_person_msgs_s.ep.rosidl_typesupport_c.c.o[0m
[8.722s] [ 97%] [32m[1mLinking CXX shared library rosidl_generator_py/person_msgs/person_msgs_s__rosidl_typesupport_fastrtps_c.cpython-38-x86_64-linux-gnu.so[0m
[8.722s] [ 97%] [32m[1mLinking C shared library rosidl_generator_py/person_msgs/person_msgs_s__rosidl_typesupport_c.cpython-38-x86_64-linux-gnu.so[0m
[8.724s] [100%] [32m[1mLinking C shared library rosidl_generator_py/person_msgs/person_msgs_s__rosidl_typesupport_introspection_c.cpython-38-x86_64-linux-gnu.so[0m
[8.783s] [100%] Built target person_msgs__rosidl_typesupport_c__pyext
[8.783s] [100%] Built target person_msgs__rosidl_typesupport_introspection_c__pyext
[8.813s] [100%] Built target person_msgs__rosidl_typesupport_fastrtps_c__pyext
[8.827s] Invoked command in '/home/koara/ros2_ws/src/build/person_msgs' returned '0': CMAKE_PREFIX_PATH=${CMAKE_PREFIX_PATH}:/home/koara/ros2_ws/install/mypkg:/opt/ros/foxy /usr/bin/cmake --build /home/koara/ros2_ws/src/build/person_msgs -- -j12 -l12
[8.907s] Invoking command in '/home/koara/ros2_ws/src/build/person_msgs': CMAKE_PREFIX_PATH=${CMAKE_PREFIX_PATH}:/home/koara/ros2_ws/install/mypkg:/opt/ros/foxy /usr/bin/cmake --install /home/koara/ros2_ws/src/build/person_msgs
[8.916s] -- Install configuration: ""
[8.916s] -- Installing: /home/koara/ros2_ws/src/install/person_msgs/share/ament_index/resource_index/rosidl_interfaces/person_msgs
[8.916s] -- Up-to-date: /home/koara/ros2_ws/src/install/person_msgs/include/person_msgs
[8.917s] -- Installing: /home/koara/ros2_ws/src/install/person_msgs/include/person_msgs/srv
[8.917s] -- Installing: /home/koara/ros2_ws/src/install/person_msgs/include/person_msgs/srv/detail
[8.917s] -- Installing: /home/koara/ros2_ws/src/install/person_msgs/include/person_msgs/srv/detail/query__type_support.h
[8.918s] -- Installing: /home/koara/ros2_ws/src/install/person_msgs/include/person_msgs/srv/detail/query__struct.h
[8.918s] -- Installing: /home/koara/ros2_ws/src/install/person_msgs/include/person_msgs/srv/detail/query__functions.h
[8.918s] -- Installing: /home/koara/ros2_ws/src/install/person_msgs/include/person_msgs/srv/detail/query__functions.c
[8.918s] -- Installing: /home/koara/ros2_ws/src/install/person_msgs/include/person_msgs/srv/query.h
[8.918s] -- Up-to-date: /home/koara/ros2_ws/src/install/person_msgs/include/person_msgs/msg
[8.918s] -- Up-to-date: /home/koara/ros2_ws/src/install/person_msgs/include/person_msgs/msg/rosidl_generator_c__visibility_control.h
[8.919s] -- Installing: /home/koara/ros2_ws/src/install/person_msgs/include/person_msgs/msg/person.h
[8.919s] -- Up-to-date: /home/koara/ros2_ws/src/install/person_msgs/include/person_msgs/msg/detail
[8.919s] -- Installing: /home/koara/ros2_ws/src/install/person_msgs/include/person_msgs/msg/detail/person__functions.c
[8.919s] -- Installing: /home/koara/ros2_ws/src/install/person_msgs/include/person_msgs/msg/detail/person__functions.h
[8.920s] -- Installing: /home/koara/ros2_ws/src/install/person_msgs/include/person_msgs/msg/detail/person__type_support.h
[8.920s] -- Installing: /home/koara/ros2_ws/src/install/person_msgs/include/person_msgs/msg/detail/person__struct.h
[8.920s] -- Up-to-date: /home/koara/ros2_ws/src/install/person_msgs/share/person_msgs/environment/library_path.sh
[8.920s] -- Installing: /home/koara/ros2_ws/src/install/person_msgs/share/person_msgs/environment/library_path.dsv
[8.921s] -- Installing: /home/koara/ros2_ws/src/install/person_msgs/lib/libperson_msgs__rosidl_generator_c.so
[8.922s] -- Set runtime path of "/home/koara/ros2_ws/src/install/person_msgs/lib/libperson_msgs__rosidl_generator_c.so" to ""
[8.922s] -- Up-to-date: /home/koara/ros2_ws/src/install/person_msgs/include/person_msgs
[8.922s] -- Up-to-date: /home/koara/ros2_ws/src/install/person_msgs/include/person_msgs/srv
[8.922s] -- Up-to-date: /home/koara/ros2_ws/src/install/person_msgs/include/person_msgs/srv/detail
[8.922s] -- Installing: /home/koara/ros2_ws/src/install/person_msgs/include/person_msgs/srv/detail/query__rosidl_typesupport_fastrtps_c.h
[8.923s] -- Up-to-date: /home/koara/ros2_ws/src/install/person_msgs/include/person_msgs/msg
[8.923s] -- Up-to-date: /home/koara/ros2_ws/src/install/person_msgs/include/person_msgs/msg/detail
[8.923s] -- Installing: /home/koara/ros2_ws/src/install/person_msgs/include/person_msgs/msg/detail/person__rosidl_typesupport_fastrtps_c.h
[8.923s] -- Up-to-date: /home/koara/ros2_ws/src/install/person_msgs/include/person_msgs/msg/rosidl_typesupport_fastrtps_c__visibility_control.h
[8.923s] -- Installing: /home/koara/ros2_ws/src/install/person_msgs/lib/libperson_msgs__rosidl_typesupport_fastrtps_c.so
[8.924s] -- Set runtime path of "/home/koara/ros2_ws/src/install/person_msgs/lib/libperson_msgs__rosidl_typesupport_fastrtps_c.so" to ""
[8.924s] -- Up-to-date: /home/koara/ros2_ws/src/install/person_msgs/include/person_msgs
[8.924s] -- Up-to-date: /home/koara/ros2_ws/src/install/person_msgs/include/person_msgs/srv
[8.924s] -- Up-to-date: /home/koara/ros2_ws/src/install/person_msgs/include/person_msgs/srv/detail
[8.925s] -- Installing: /home/koara/ros2_ws/src/install/person_msgs/include/person_msgs/srv/detail/dds_fastrtps
[8.925s] -- Installing: /home/koara/ros2_ws/src/install/person_msgs/include/person_msgs/srv/detail/query__rosidl_typesupport_fastrtps_cpp.hpp
[8.925s] -- Up-to-date: /home/koara/ros2_ws/src/install/person_msgs/include/person_msgs/msg
[8.925s] -- Up-to-date: /home/koara/ros2_ws/src/install/person_msgs/include/person_msgs/msg/rosidl_typesupport_fastrtps_cpp__visibility_control.h
[8.925s] -- Up-to-date: /home/koara/ros2_ws/src/install/person_msgs/include/person_msgs/msg/detail
[8.925s] -- Up-to-date: /home/koara/ros2_ws/src/install/person_msgs/include/person_msgs/msg/detail/dds_fastrtps
[8.925s] -- Installing: /home/koara/ros2_ws/src/install/person_msgs/include/person_msgs/msg/detail/person__rosidl_typesupport_fastrtps_cpp.hpp
[8.925s] -- Installing: /home/koara/ros2_ws/src/install/person_msgs/lib/libperson_msgs__rosidl_typesupport_fastrtps_cpp.so
[8.926s] -- Set runtime path of "/home/koara/ros2_ws/src/install/person_msgs/lib/libperson_msgs__rosidl_typesupport_fastrtps_cpp.so" to ""
[8.926s] -- Up-to-date: /home/koara/ros2_ws/src/install/person_msgs/include/person_msgs
[8.926s] -- Up-to-date: /home/koara/ros2_ws/src/install/person_msgs/include/person_msgs/srv
[8.926s] -- Up-to-date: /home/koara/ros2_ws/src/install/person_msgs/include/person_msgs/srv/detail
[8.927s] -- Installing: /home/koara/ros2_ws/src/install/person_msgs/include/person_msgs/srv/detail/query__type_support.c
[8.927s] -- Installing: /home/koara/ros2_ws/src/install/person_msgs/include/person_msgs/srv/detail/query__rosidl_typesupport_introspection_c.h
[8.927s] -- Up-to-date: /home/koara/ros2_ws/src/install/person_msgs/include/person_msgs/msg
[8.927s] -- Up-to-date: /home/koara/ros2_ws/src/install/person_msgs/include/person_msgs/msg/detail
[8.927s] -- Installing: /home/koara/ros2_ws/src/install/person_msgs/include/person_msgs/msg/detail/person__rosidl_typesupport_introspection_c.h
[8.927s] -- Installing: /home/koara/ros2_ws/src/install/person_msgs/include/person_msgs/msg/detail/person__type_support.c
[8.927s] -- Up-to-date: /home/koara/ros2_ws/src/install/person_msgs/include/person_msgs/msg/rosidl_typesupport_introspection_c__visibility_control.h
[8.928s] -- Installing: /home/koara/ros2_ws/src/install/person_msgs/lib/libperson_msgs__rosidl_typesupport_introspection_c.so
[8.928s] -- Set runtime path of "/home/koara/ros2_ws/src/install/person_msgs/lib/libperson_msgs__rosidl_typesupport_introspection_c.so" to ""
[8.929s] -- Installing: /home/koara/ros2_ws/src/install/person_msgs/lib/libperson_msgs__rosidl_typesupport_c.so
[8.929s] -- Set runtime path of "/home/koara/ros2_ws/src/install/person_msgs/lib/libperson_msgs__rosidl_typesupport_c.so" to ""
[8.929s] -- Up-to-date: /home/koara/ros2_ws/src/install/person_msgs/include/person_msgs
[8.929s] -- Up-to-date: /home/koara/ros2_ws/src/install/person_msgs/include/person_msgs/srv
[8.930s] -- Up-to-date: /home/koara/ros2_ws/src/install/person_msgs/include/person_msgs/srv/detail
[8.930s] -- Installing: /home/koara/ros2_ws/src/install/person_msgs/include/person_msgs/srv/detail/query__traits.hpp
[8.930s] -- Installing: /home/koara/ros2_ws/src/install/person_msgs/include/person_msgs/srv/detail/query__struct.hpp
[8.930s] -- Installing: /home/koara/ros2_ws/src/install/person_msgs/include/person_msgs/srv/detail/query__type_support.hpp
[8.930s] -- Installing: /home/koara/ros2_ws/src/install/person_msgs/include/person_msgs/srv/detail/query__builder.hpp
[8.931s] -- Installing: /home/koara/ros2_ws/src/install/person_msgs/include/person_msgs/srv/query.hpp
[8.931s] -- Up-to-date: /home/koara/ros2_ws/src/install/person_msgs/include/person_msgs/msg
[8.931s] -- Up-to-date: /home/koara/ros2_ws/src/install/person_msgs/include/person_msgs/msg/detail
[8.931s] -- Installing: /home/koara/ros2_ws/src/install/person_msgs/include/person_msgs/msg/detail/person__struct.hpp
[8.931s] -- Installing: /home/koara/ros2_ws/src/install/person_msgs/include/person_msgs/msg/detail/person__type_support.hpp
[8.932s] -- Installing: /home/koara/ros2_ws/src/install/person_msgs/include/person_msgs/msg/detail/person__builder.hpp
[8.932s] -- Installing: /home/koara/ros2_ws/src/install/person_msgs/include/person_msgs/msg/detail/person__traits.hpp
[8.932s] -- Up-to-date: /home/koara/ros2_ws/src/install/person_msgs/include/person_msgs/msg/rosidl_generator_cpp__visibility_control.hpp
[8.932s] -- Installing: /home/koara/ros2_ws/src/install/person_msgs/include/person_msgs/msg/person.hpp
[8.932s] -- Up-to-date: /home/koara/ros2_ws/src/install/person_msgs/include/person_msgs
[8.932s] -- Up-to-date: /home/koara/ros2_ws/src/install/person_msgs/include/person_msgs/srv
[8.932s] -- Up-to-date: /home/koara/ros2_ws/src/install/person_msgs/include/person_msgs/srv/detail
[8.932s] -- Installing: /home/koara/ros2_ws/src/install/person_msgs/include/person_msgs/srv/detail/query__rosidl_typesupport_introspection_cpp.hpp
[8.932s] -- Installing: /home/koara/ros2_ws/src/install/person_msgs/include/person_msgs/srv/detail/query__type_support.cpp
[8.932s] -- Up-to-date: /home/koara/ros2_ws/src/install/person_msgs/include/person_msgs/msg
[8.932s] -- Up-to-date: /home/koara/ros2_ws/src/install/person_msgs/include/person_msgs/msg/detail
[8.933s] -- Installing: /home/koara/ros2_ws/src/install/person_msgs/include/person_msgs/msg/detail/person__rosidl_typesupport_introspection_cpp.hpp
[8.933s] -- Installing: /home/koara/ros2_ws/src/install/person_msgs/include/person_msgs/msg/detail/person__type_support.cpp
[8.933s] -- Installing: /home/koara/ros2_ws/src/install/person_msgs/lib/libperson_msgs__rosidl_typesupport_introspection_cpp.so
[8.933s] -- Set runtime path of "/home/koara/ros2_ws/src/install/person_msgs/lib/libperson_msgs__rosidl_typesupport_introspection_cpp.so" to ""
[8.934s] -- Installing: /home/koara/ros2_ws/src/install/person_msgs/lib/libperson_msgs__rosidl_typesupport_cpp.so
[8.934s] -- Set runtime path of "/home/koara/ros2_ws/src/install/person_msgs/lib/libperson_msgs__rosidl_typesupport_cpp.so" to ""
[8.934s] -- Up-to-date: /home/koara/ros2_ws/src/install/person_msgs/share/person_msgs/environment/pythonpath.sh
[8.934s] -- Installing: /home/koara/ros2_ws/src/install/person_msgs/share/person_msgs/environment/pythonpath.dsv
[8.935s] -- Installing: /home/koara/ros2_ws/src/install/person_msgs/lib/python3.8/site-packages/person_msgs/__init__.py
[8.964s] Compiling '/home/koara/ros2_ws/src/install/person_msgs/lib/python3.8/site-packages/person_msgs/__init__.py'...
[8.968s] -- Up-to-date: /home/koara/ros2_ws/src/install/person_msgs/lib/python3.8/site-packages/person_msgs/msg
[8.968s] -- Installing: /home/koara/ros2_ws/src/install/person_msgs/lib/python3.8/site-packages/person_msgs/msg/__init__.py
[8.968s] -- Installing: /home/koara/ros2_ws/src/install/person_msgs/lib/python3.8/site-packages/person_msgs/msg/_person_s.c
[8.969s] -- Installing: /home/koara/ros2_ws/src/install/person_msgs/lib/python3.8/site-packages/person_msgs/msg/_person.py
[8.969s] -- Installing: /home/koara/ros2_ws/src/install/person_msgs/lib/python3.8/site-packages/person_msgs/srv
[8.969s] -- Installing: /home/koara/ros2_ws/src/install/person_msgs/lib/python3.8/site-packages/person_msgs/srv/_query.py
[8.969s] -- Installing: /home/koara/ros2_ws/src/install/person_msgs/lib/python3.8/site-packages/person_msgs/srv/_query_s.c
[8.969s] -- Installing: /home/koara/ros2_ws/src/install/person_msgs/lib/python3.8/site-packages/person_msgs/srv/__init__.py
[8.970s] -- Installing: /home/koara/ros2_ws/src/install/person_msgs/lib/python3.8/site-packages/person_msgs/person_msgs_s__rosidl_typesupport_fastrtps_c.cpython-38-x86_64-linux-gnu.so
[8.971s] -- Set runtime path of "/home/koara/ros2_ws/src/install/person_msgs/lib/python3.8/site-packages/person_msgs/person_msgs_s__rosidl_typesupport_fastrtps_c.cpython-38-x86_64-linux-gnu.so" to ""
[8.972s] -- Installing: /home/koara/ros2_ws/src/install/person_msgs/lib/python3.8/site-packages/person_msgs/person_msgs_s__rosidl_typesupport_introspection_c.cpython-38-x86_64-linux-gnu.so
[8.972s] -- Set runtime path of "/home/koara/ros2_ws/src/install/person_msgs/lib/python3.8/site-packages/person_msgs/person_msgs_s__rosidl_typesupport_introspection_c.cpython-38-x86_64-linux-gnu.so" to ""
[8.973s] -- Installing: /home/koara/ros2_ws/src/install/person_msgs/lib/python3.8/site-packages/person_msgs/person_msgs_s__rosidl_typesupport_c.cpython-38-x86_64-linux-gnu.so
[8.973s] -- Set runtime path of "/home/koara/ros2_ws/src/install/person_msgs/lib/python3.8/site-packages/person_msgs/person_msgs_s__rosidl_typesupport_c.cpython-38-x86_64-linux-gnu.so" to ""
[8.974s] -- Installing: /home/koara/ros2_ws/src/install/person_msgs/lib/libperson_msgs__python.so
[8.974s] -- Set runtime path of "/home/koara/ros2_ws/src/install/person_msgs/lib/libperson_msgs__python.so" to ""
[8.975s] -- Up-to-date: /home/koara/ros2_ws/src/install/person_msgs/share/person_msgs/msg/Person.idl
[8.976s] -- Installing: /home/koara/ros2_ws/src/install/person_msgs/share/person_msgs/srv/Query.idl
[8.976s] -- Up-to-date: /home/koara/ros2_ws/src/install/person_msgs/share/person_msgs/msg/Person.msg
[8.976s] -- Installing: /home/koara/ros2_ws/src/install/person_msgs/share/person_msgs/srv/Query.srv
[8.976s] -- Installing: /home/koara/ros2_ws/src/install/person_msgs/share/person_msgs/srv/Query_Request.msg
[8.976s] -- Installing: /home/koara/ros2_ws/src/install/person_msgs/share/person_msgs/srv/Query_Response.msg
[8.976s] -- Up-to-date: /home/koara/ros2_ws/src/install/person_msgs/share/ament_index/resource_index/package_run_dependencies/person_msgs
[8.977s] -- Up-to-date: /home/koara/ros2_ws/src/install/person_msgs/share/ament_index/resource_index/parent_prefix_path/person_msgs
[8.977s] -- Up-to-date: /home/koara/ros2_ws/src/install/person_msgs/share/person_msgs/environment/ament_prefix_path.sh
[8.977s] -- Installing: /home/koara/ros2_ws/src/install/person_msgs/share/person_msgs/environment/ament_prefix_path.dsv
[8.977s] -- Up-to-date: /home/koara/ros2_ws/src/install/person_msgs/share/person_msgs/environment/path.sh
[8.977s] -- Installing: /home/koara/ros2_ws/src/install/person_msgs/share/person_msgs/environment/path.dsv
[8.978s] -- Up-to-date: /home/koara/ros2_ws/src/install/person_msgs/share/person_msgs/local_setup.bash
[8.978s] -- Up-to-date: /home/koara/ros2_ws/src/install/person_msgs/share/person_msgs/local_setup.sh
[8.978s] -- Up-to-date: /home/koara/ros2_ws/src/install/person_msgs/share/person_msgs/local_setup.zsh
[8.978s] -- Installing: /home/koara/ros2_ws/src/install/person_msgs/share/person_msgs/local_setup.dsv
[8.978s] -- Installing: /home/koara/ros2_ws/src/install/person_msgs/share/person_msgs/package.dsv
[8.978s] -- Up-to-date: /home/koara/ros2_ws/src/install/person_msgs/share/ament_index/resource_index/packages/person_msgs
[8.979s] -- Up-to-date: /home/koara/ros2_ws/src/install/person_msgs/share/person_msgs/cmake/person_msgs__rosidl_generator_cExport.cmake
[8.979s] -- Installing: /home/koara/ros2_ws/src/install/person_msgs/share/person_msgs/cmake/person_msgs__rosidl_generator_cExport-noconfig.cmake
[8.980s] -- Up-to-date: /home/koara/ros2_ws/src/install/person_msgs/share/person_msgs/cmake/person_msgs__rosidl_typesupport_introspection_cExport.cmake
[8.980s] -- Installing: /home/koara/ros2_ws/src/install/person_msgs/share/person_msgs/cmake/person_msgs__rosidl_typesupport_introspection_cExport-noconfig.cmake
[8.980s] -- Up-to-date: /home/koara/ros2_ws/src/install/person_msgs/share/person_msgs/cmake/person_msgs__rosidl_typesupport_cExport.cmake
[8.980s] -- Installing: /home/koara/ros2_ws/src/install/person_msgs/share/person_msgs/cmake/person_msgs__rosidl_typesupport_cExport-noconfig.cmake
[8.981s] -- Up-to-date: /home/koara/ros2_ws/src/install/person_msgs/share/person_msgs/cmake/person_msgs__rosidl_generator_cppExport.cmake
[8.982s] -- Up-to-date: /home/koara/ros2_ws/src/install/person_msgs/share/person_msgs/cmake/person_msgs__rosidl_typesupport_introspection_cppExport.cmake
[8.982s] -- Installing: /home/koara/ros2_ws/src/install/person_msgs/share/person_msgs/cmake/person_msgs__rosidl_typesupport_introspection_cppExport-noconfig.cmake
[8.982s] -- Up-to-date: /home/koara/ros2_ws/src/install/person_msgs/share/person_msgs/cmake/person_msgs__rosidl_typesupport_cppExport.cmake
[8.982s] -- Installing: /home/koara/ros2_ws/src/install/person_msgs/share/person_msgs/cmake/person_msgs__rosidl_typesupport_cppExport-noconfig.cmake
[8.982s] -- Installing: /home/koara/ros2_ws/src/install/person_msgs/share/person_msgs/cmake/rosidl_cmake-extras.cmake
[8.983s] -- Up-to-date: /home/koara/ros2_ws/src/install/person_msgs/share/person_msgs/cmake/ament_cmake_export_dependencies-extras.cmake
[8.983s] -- Up-to-date: /home/koara/ros2_ws/src/install/person_msgs/share/person_msgs/cmake/ament_cmake_export_libraries-extras.cmake
[8.983s] -- Up-to-date: /home/koara/ros2_ws/src/install/person_msgs/share/person_msgs/cmake/ament_cmake_export_targets-extras.cmake
[8.983s] -- Up-to-date: /home/koara/ros2_ws/src/install/person_msgs/share/person_msgs/cmake/ament_cmake_export_include_directories-extras.cmake
[8.984s] -- Up-to-date: /home/koara/ros2_ws/src/install/person_msgs/share/person_msgs/cmake/rosidl_cmake_export_typesupport_libraries-extras.cmake
[8.984s] -- Up-to-date: /home/koara/ros2_ws/src/install/person_msgs/share/person_msgs/cmake/rosidl_cmake_export_typesupport_targets-extras.cmake
[8.984s] -- Up-to-date: /home/koara/ros2_ws/src/install/person_msgs/share/person_msgs/cmake/person_msgsConfig.cmake
[8.984s] -- Up-to-date: /home/koara/ros2_ws/src/install/person_msgs/share/person_msgs/cmake/person_msgsConfig-version.cmake
[8.984s] -- Installing: /home/koara/ros2_ws/src/install/person_msgs/share/person_msgs/package.xml
[8.987s] Invoked command in '/home/koara/ros2_ws/src/build/person_msgs' returned '0': CMAKE_PREFIX_PATH=${CMAKE_PREFIX_PATH}:/home/koara/ros2_ws/install/mypkg:/opt/ros/foxy /usr/bin/cmake --install /home/koara/ros2_ws/src/build/person_msgs
