[0.237s] Invoking command in '/home/koara/ros2_ws/build/person_msgs': CMAKE_PREFIX_PATH=${CMAKE_PREFIX_PATH}:/home/koara/ros2_ws/install/mypkg:/opt/ros/foxy /usr/bin/cmake --build /home/koara/ros2_ws/build/person_msgs -- -j12 -l12
[0.404s] -- Found ament_cmake: 0.9.12 (/opt/ros/foxy/share/ament_cmake/cmake)
[0.435s] -- Found PythonInterp: /usr/bin/python3 (found suitable version "3.8.10", minimum required is "3") 
[0.435s] -- Using PYTHON_EXECUTABLE: /usr/bin/python3
[0.662s] -- Found ament_lint_auto: 0.9.8 (/opt/ros/foxy/share/ament_lint_auto/cmake)
[0.663s] -- Found rosidl_default_generators: 1.0.1 (/opt/ros/foxy/share/rosidl_default_generators/cmake)
[0.674s] -- Using all available rosidl_typesupport_c: rosidl_typesupport_fastrtps_c;rosidl_typesupport_introspection_c
[0.681s] -- Found rosidl_adapter: 1.3.1 (/opt/ros/foxy/share/rosidl_adapter/cmake)
[3.437s] -- Using all available rosidl_typesupport_cpp: rosidl_typesupport_fastrtps_cpp;rosidl_typesupport_introspection_cpp
[3.514s] -- Found PythonInterp: /usr/bin/python3 (found version "3.8.10") 
[3.665s] -- Found ament_cmake_ros: 0.9.2 (/opt/ros/foxy/share/ament_cmake_ros/cmake)
[6.221s] -- Using all available rosidl_typesupport_c: rosidl_typesupport_fastrtps_c;rosidl_typesupport_introspection_c
[6.232s] -- Using all available rosidl_typesupport_cpp: rosidl_typesupport_fastrtps_cpp;rosidl_typesupport_introspection_cpp
[6.261s] -- Found PythonInterp: /usr/bin/python3 (found suitable version "3.8.10", minimum required is "3.5") 
[6.262s] -- Found python_cmake_module: 0.8.1 (/opt/ros/foxy/share/python_cmake_module/cmake)
[6.290s] -- Using PYTHON_EXECUTABLE: /usr/bin/python3
[6.290s] -- Using PYTHON_INCLUDE_DIRS: /usr/include/python3.8
[6.291s] -- Using PYTHON_LIBRARIES: /usr/lib/x86_64-linux-gnu/libpython3.8.so
[6.331s] -- Added test 'copyright' to check source files copyright and LICENSE
[6.344s] -- Added test 'cppcheck' to perform static code analysis on C / C++ code
[6.345s] -- Configured cppcheck include dirs: 
[6.346s] -- Configured cppcheck exclude dirs and/or files: 
[6.352s] -- Added test 'cpplint' to check C / C++ code against the Google style
[6.352s] -- Configured cpplint exclude dirs and/or files: 
[6.354s] -- Added test 'flake8' to check Python code syntax and style conventions
[6.356s] -- Added test 'lint_cmake' to check CMake code style
[6.357s] -- Added test 'pep257' to check Python code against some of the style conventions in PEP 257
[6.364s] -- Added test 'uncrustify' to check C / C++ code style
[6.364s] -- Configured uncrustify additional arguments: 
[6.365s] -- Added test 'xmllint' to check XML markup files
[6.384s] -- Configuring done
[6.457s] -- Generating done
[6.463s] -- Build files have been written to: /home/koara/ros2_ws/build/person_msgs
[6.524s] [ 12%] Built target person_msgs__cpp
[6.524s] [ 12%] Built target person_msgs__rosidl_generator_c
[6.555s] [ 41%] Built target person_msgs__rosidl_typesupport_c
[6.555s] [ 41%] Built target person_msgs__rosidl_typesupport_introspection_cpp
[6.555s] [ 53%] Built target person_msgs__rosidl_typesupport_cpp
[6.555s] [ 53%] Built target person_msgs__rosidl_typesupport_introspection_c
[6.557s] [ 64%] Built target person_msgs__rosidl_typesupport_fastrtps_cpp
[6.592s] [ 74%] Built target person_msgs__rosidl_typesupport_fastrtps_c
[6.617s] [ 74%] Built target person_msgs
[6.642s] [ 76%] Built target person_msgs__py
[6.674s] [ 84%] Built target person_msgs__python
[6.714s] [ 94%] Built target person_msgs__rosidl_typesupport_introspection_c__pyext
[6.714s] [ 94%] Built target person_msgs__rosidl_typesupport_c__pyext
[6.716s] [100%] Built target person_msgs__rosidl_typesupport_fastrtps_c__pyext
[6.732s] Invoked command in '/home/koara/ros2_ws/build/person_msgs' returned '0': CMAKE_PREFIX_PATH=${CMAKE_PREFIX_PATH}:/home/koara/ros2_ws/install/mypkg:/opt/ros/foxy /usr/bin/cmake --build /home/koara/ros2_ws/build/person_msgs -- -j12 -l12
[6.828s] Invoking command in '/home/koara/ros2_ws/build/person_msgs': CMAKE_PREFIX_PATH=${CMAKE_PREFIX_PATH}:/home/koara/ros2_ws/install/mypkg:/opt/ros/foxy /usr/bin/cmake --install /home/koara/ros2_ws/build/person_msgs
[6.838s] -- Install configuration: ""
[6.838s] -- Up-to-date: /home/koara/ros2_ws/install/person_msgs/share/ament_index/resource_index/rosidl_interfaces/person_msgs
[6.838s] -- Up-to-date: /home/koara/ros2_ws/install/person_msgs/include/person_msgs
[6.839s] -- Up-to-date: /home/koara/ros2_ws/install/person_msgs/include/person_msgs/srv
[6.840s] -- Up-to-date: /home/koara/ros2_ws/install/person_msgs/include/person_msgs/srv/detail
[6.840s] -- Up-to-date: /home/koara/ros2_ws/install/person_msgs/include/person_msgs/srv/detail/query__type_support.h
[6.840s] -- Up-to-date: /home/koara/ros2_ws/install/person_msgs/include/person_msgs/srv/detail/query__struct.h
[6.840s] -- Up-to-date: /home/koara/ros2_ws/install/person_msgs/include/person_msgs/srv/detail/query__functions.h
[6.840s] -- Up-to-date: /home/koara/ros2_ws/install/person_msgs/include/person_msgs/srv/detail/query__functions.c
[6.840s] -- Up-to-date: /home/koara/ros2_ws/install/person_msgs/include/person_msgs/srv/query.h
[6.841s] -- Up-to-date: /home/koara/ros2_ws/install/person_msgs/include/person_msgs/msg
[6.841s] -- Up-to-date: /home/koara/ros2_ws/install/person_msgs/include/person_msgs/msg/rosidl_generator_c__visibility_control.h
[6.841s] -- Up-to-date: /home/koara/ros2_ws/install/person_msgs/include/person_msgs/msg/person.h
[6.841s] -- Up-to-date: /home/koara/ros2_ws/install/person_msgs/include/person_msgs/msg/detail
[6.841s] -- Up-to-date: /home/koara/ros2_ws/install/person_msgs/include/person_msgs/msg/detail/person__functions.c
[6.841s] -- Up-to-date: /home/koara/ros2_ws/install/person_msgs/include/person_msgs/msg/detail/person__functions.h
[6.841s] -- Up-to-date: /home/koara/ros2_ws/install/person_msgs/include/person_msgs/msg/detail/person__type_support.h
[6.841s] -- Up-to-date: /home/koara/ros2_ws/install/person_msgs/include/person_msgs/msg/detail/person__struct.h
[6.841s] -- Up-to-date: /home/koara/ros2_ws/install/person_msgs/share/person_msgs/environment/library_path.sh
[6.841s] -- Installing: /home/koara/ros2_ws/install/person_msgs/share/person_msgs/environment/library_path.dsv
[6.842s] -- Up-to-date: /home/koara/ros2_ws/install/person_msgs/lib/libperson_msgs__rosidl_generator_c.so
[6.842s] -- Up-to-date: /home/koara/ros2_ws/install/person_msgs/include/person_msgs
[6.843s] -- Up-to-date: /home/koara/ros2_ws/install/person_msgs/include/person_msgs/srv
[6.843s] -- Up-to-date: /home/koara/ros2_ws/install/person_msgs/include/person_msgs/srv/detail
[6.843s] -- Up-to-date: /home/koara/ros2_ws/install/person_msgs/include/person_msgs/srv/detail/query__rosidl_typesupport_fastrtps_c.h
[6.844s] -- Up-to-date: /home/koara/ros2_ws/install/person_msgs/include/person_msgs/msg
[6.844s] -- Up-to-date: /home/koara/ros2_ws/install/person_msgs/include/person_msgs/msg/detail
[6.844s] -- Up-to-date: /home/koara/ros2_ws/install/person_msgs/include/person_msgs/msg/detail/person__rosidl_typesupport_fastrtps_c.h
[6.844s] -- Up-to-date: /home/koara/ros2_ws/install/person_msgs/include/person_msgs/msg/rosidl_typesupport_fastrtps_c__visibility_control.h
[6.845s] -- Up-to-date: /home/koara/ros2_ws/install/person_msgs/lib/libperson_msgs__rosidl_typesupport_fastrtps_c.so
[6.846s] -- Up-to-date: /home/koara/ros2_ws/install/person_msgs/include/person_msgs
[6.846s] -- Up-to-date: /home/koara/ros2_ws/install/person_msgs/include/person_msgs/srv
[6.846s] -- Up-to-date: /home/koara/ros2_ws/install/person_msgs/include/person_msgs/srv/detail
[6.847s] -- Up-to-date: /home/koara/ros2_ws/install/person_msgs/include/person_msgs/srv/detail/dds_fastrtps
[6.847s] -- Up-to-date: /home/koara/ros2_ws/install/person_msgs/include/person_msgs/srv/detail/query__rosidl_typesupport_fastrtps_cpp.hpp
[6.848s] -- Up-to-date: /home/koara/ros2_ws/install/person_msgs/include/person_msgs/msg
[6.848s] -- Up-to-date: /home/koara/ros2_ws/install/person_msgs/include/person_msgs/msg/rosidl_typesupport_fastrtps_cpp__visibility_control.h
[6.848s] -- Up-to-date: /home/koara/ros2_ws/install/person_msgs/include/person_msgs/msg/detail
[6.848s] -- Up-to-date: /home/koara/ros2_ws/install/person_msgs/include/person_msgs/msg/detail/dds_fastrtps
[6.848s] -- Up-to-date: /home/koara/ros2_ws/install/person_msgs/include/person_msgs/msg/detail/person__rosidl_typesupport_fastrtps_cpp.hpp
[6.849s] -- Up-to-date: /home/koara/ros2_ws/install/person_msgs/lib/libperson_msgs__rosidl_typesupport_fastrtps_cpp.so
[6.850s] -- Up-to-date: /home/koara/ros2_ws/install/person_msgs/include/person_msgs
[6.850s] -- Up-to-date: /home/koara/ros2_ws/install/person_msgs/include/person_msgs/srv
[6.850s] -- Up-to-date: /home/koara/ros2_ws/install/person_msgs/include/person_msgs/srv/detail
[6.851s] -- Up-to-date: /home/koara/ros2_ws/install/person_msgs/include/person_msgs/srv/detail/query__type_support.c
[6.851s] -- Up-to-date: /home/koara/ros2_ws/install/person_msgs/include/person_msgs/srv/detail/query__rosidl_typesupport_introspection_c.h
[6.851s] -- Up-to-date: /home/koara/ros2_ws/install/person_msgs/include/person_msgs/msg
[6.851s] -- Up-to-date: /home/koara/ros2_ws/install/person_msgs/include/person_msgs/msg/detail
[6.851s] -- Up-to-date: /home/koara/ros2_ws/install/person_msgs/include/person_msgs/msg/detail/person__rosidl_typesupport_introspection_c.h
[6.851s] -- Up-to-date: /home/koara/ros2_ws/install/person_msgs/include/person_msgs/msg/detail/person__type_support.c
[6.851s] -- Up-to-date: /home/koara/ros2_ws/install/person_msgs/include/person_msgs/msg/rosidl_typesupport_introspection_c__visibility_control.h
[6.852s] -- Up-to-date: /home/koara/ros2_ws/install/person_msgs/lib/libperson_msgs__rosidl_typesupport_introspection_c.so
[6.853s] -- Up-to-date: /home/koara/ros2_ws/install/person_msgs/lib/libperson_msgs__rosidl_typesupport_c.so
[6.853s] -- Up-to-date: /home/koara/ros2_ws/install/person_msgs/include/person_msgs
[6.853s] -- Up-to-date: /home/koara/ros2_ws/install/person_msgs/include/person_msgs/srv
[6.854s] -- Up-to-date: /home/koara/ros2_ws/install/person_msgs/include/person_msgs/srv/detail
[6.855s] -- Up-to-date: /home/koara/ros2_ws/install/person_msgs/include/person_msgs/srv/detail/query__traits.hpp
[6.855s] -- Up-to-date: /home/koara/ros2_ws/install/person_msgs/include/person_msgs/srv/detail/query__struct.hpp
[6.855s] -- Up-to-date: /home/koara/ros2_ws/install/person_msgs/include/person_msgs/srv/detail/query__type_support.hpp
[6.855s] -- Up-to-date: /home/koara/ros2_ws/install/person_msgs/include/person_msgs/srv/detail/query__builder.hpp
[6.856s] -- Up-to-date: /home/koara/ros2_ws/install/person_msgs/include/person_msgs/srv/query.hpp
[6.856s] -- Up-to-date: /home/koara/ros2_ws/install/person_msgs/include/person_msgs/msg
[6.856s] -- Up-to-date: /home/koara/ros2_ws/install/person_msgs/include/person_msgs/msg/detail
[6.856s] -- Up-to-date: /home/koara/ros2_ws/install/person_msgs/include/person_msgs/msg/detail/person__struct.hpp
[6.856s] -- Up-to-date: /home/koara/ros2_ws/install/person_msgs/include/person_msgs/msg/detail/person__type_support.hpp
[6.856s] -- Up-to-date: /home/koara/ros2_ws/install/person_msgs/include/person_msgs/msg/detail/person__builder.hpp
[6.856s] -- Up-to-date: /home/koara/ros2_ws/install/person_msgs/include/person_msgs/msg/detail/person__traits.hpp
[6.856s] -- Up-to-date: /home/koara/ros2_ws/install/person_msgs/include/person_msgs/msg/rosidl_generator_cpp__visibility_control.hpp
[6.856s] -- Up-to-date: /home/koara/ros2_ws/install/person_msgs/include/person_msgs/msg/person.hpp
[6.857s] -- Up-to-date: /home/koara/ros2_ws/install/person_msgs/include/person_msgs
[6.857s] -- Up-to-date: /home/koara/ros2_ws/install/person_msgs/include/person_msgs/srv
[6.857s] -- Up-to-date: /home/koara/ros2_ws/install/person_msgs/include/person_msgs/srv/detail
[6.857s] -- Up-to-date: /home/koara/ros2_ws/install/person_msgs/include/person_msgs/srv/detail/query__rosidl_typesupport_introspection_cpp.hpp
[6.857s] -- Up-to-date: /home/koara/ros2_ws/install/person_msgs/include/person_msgs/srv/detail/query__type_support.cpp
[6.857s] -- Up-to-date: /home/koara/ros2_ws/install/person_msgs/include/person_msgs/msg
[6.857s] -- Up-to-date: /home/koara/ros2_ws/install/person_msgs/include/person_msgs/msg/detail
[6.857s] -- Up-to-date: /home/koara/ros2_ws/install/person_msgs/include/person_msgs/msg/detail/person__rosidl_typesupport_introspection_cpp.hpp
[6.857s] -- Up-to-date: /home/koara/ros2_ws/install/person_msgs/include/person_msgs/msg/detail/person__type_support.cpp
[6.857s] -- Up-to-date: /home/koara/ros2_ws/install/person_msgs/lib/libperson_msgs__rosidl_typesupport_introspection_cpp.so
[6.858s] -- Up-to-date: /home/koara/ros2_ws/install/person_msgs/lib/libperson_msgs__rosidl_typesupport_cpp.so
[6.858s] -- Up-to-date: /home/koara/ros2_ws/install/person_msgs/share/person_msgs/environment/pythonpath.sh
[6.858s] -- Installing: /home/koara/ros2_ws/install/person_msgs/share/person_msgs/environment/pythonpath.dsv
[6.858s] -- Installing: /home/koara/ros2_ws/install/person_msgs/lib/python3.8/site-packages/person_msgs/__init__.py
[6.896s] Compiling '/home/koara/ros2_ws/install/person_msgs/lib/python3.8/site-packages/person_msgs/__init__.py'...
[6.902s] -- Up-to-date: /home/koara/ros2_ws/install/person_msgs/lib/python3.8/site-packages/person_msgs/msg
[6.902s] -- Up-to-date: /home/koara/ros2_ws/install/person_msgs/lib/python3.8/site-packages/person_msgs/msg/__init__.py
[6.902s] -- Up-to-date: /home/koara/ros2_ws/install/person_msgs/lib/python3.8/site-packages/person_msgs/msg/_person_s.c
[6.902s] -- Up-to-date: /home/koara/ros2_ws/install/person_msgs/lib/python3.8/site-packages/person_msgs/msg/_person.py
[6.903s] -- Up-to-date: /home/koara/ros2_ws/install/person_msgs/lib/python3.8/site-packages/person_msgs/srv
[6.903s] -- Up-to-date: /home/koara/ros2_ws/install/person_msgs/lib/python3.8/site-packages/person_msgs/srv/_query.py
[6.903s] -- Up-to-date: /home/koara/ros2_ws/install/person_msgs/lib/python3.8/site-packages/person_msgs/srv/_query_s.c
[6.903s] -- Up-to-date: /home/koara/ros2_ws/install/person_msgs/lib/python3.8/site-packages/person_msgs/srv/__init__.py
[6.903s] -- Up-to-date: /home/koara/ros2_ws/install/person_msgs/lib/python3.8/site-packages/person_msgs/person_msgs_s__rosidl_typesupport_fastrtps_c.cpython-38-x86_64-linux-gnu.so
[6.905s] -- Up-to-date: /home/koara/ros2_ws/install/person_msgs/lib/python3.8/site-packages/person_msgs/person_msgs_s__rosidl_typesupport_introspection_c.cpython-38-x86_64-linux-gnu.so
[6.906s] -- Up-to-date: /home/koara/ros2_ws/install/person_msgs/lib/python3.8/site-packages/person_msgs/person_msgs_s__rosidl_typesupport_c.cpython-38-x86_64-linux-gnu.so
[6.907s] -- Up-to-date: /home/koara/ros2_ws/install/person_msgs/lib/libperson_msgs__python.so
[6.907s] -- Up-to-date: /home/koara/ros2_ws/install/person_msgs/share/person_msgs/msg/Person.idl
[6.908s] -- Up-to-date: /home/koara/ros2_ws/install/person_msgs/share/person_msgs/srv/Query.idl
[6.908s] -- Up-to-date: /home/koara/ros2_ws/install/person_msgs/share/person_msgs/msg/Person.msg
[6.908s] -- Up-to-date: /home/koara/ros2_ws/install/person_msgs/share/person_msgs/srv/Query.srv
[6.908s] -- Up-to-date: /home/koara/ros2_ws/install/person_msgs/share/person_msgs/srv/Query_Request.msg
[6.909s] -- Up-to-date: /home/koara/ros2_ws/install/person_msgs/share/person_msgs/srv/Query_Response.msg
[6.909s] -- Up-to-date: /home/koara/ros2_ws/install/person_msgs/share/ament_index/resource_index/package_run_dependencies/person_msgs
[6.909s] -- Up-to-date: /home/koara/ros2_ws/install/person_msgs/share/ament_index/resource_index/parent_prefix_path/person_msgs
[6.909s] -- Up-to-date: /home/koara/ros2_ws/install/person_msgs/share/person_msgs/environment/ament_prefix_path.sh
[6.909s] -- Installing: /home/koara/ros2_ws/install/person_msgs/share/person_msgs/environment/ament_prefix_path.dsv
[6.909s] -- Up-to-date: /home/koara/ros2_ws/install/person_msgs/share/person_msgs/environment/path.sh
[6.909s] -- Installing: /home/koara/ros2_ws/install/person_msgs/share/person_msgs/environment/path.dsv
[6.909s] -- Up-to-date: /home/koara/ros2_ws/install/person_msgs/share/person_msgs/local_setup.bash
[6.910s] -- Up-to-date: /home/koara/ros2_ws/install/person_msgs/share/person_msgs/local_setup.sh
[6.910s] -- Up-to-date: /home/koara/ros2_ws/install/person_msgs/share/person_msgs/local_setup.zsh
[6.910s] -- Installing: /home/koara/ros2_ws/install/person_msgs/share/person_msgs/local_setup.dsv
[6.911s] -- Installing: /home/koara/ros2_ws/install/person_msgs/share/person_msgs/package.dsv
[6.911s] -- Up-to-date: /home/koara/ros2_ws/install/person_msgs/share/ament_index/resource_index/packages/person_msgs
[6.912s] -- Up-to-date: /home/koara/ros2_ws/install/person_msgs/share/person_msgs/cmake/person_msgs__rosidl_generator_cExport.cmake
[6.912s] -- Installing: /home/koara/ros2_ws/install/person_msgs/share/person_msgs/cmake/person_msgs__rosidl_generator_cExport-noconfig.cmake
[6.913s] -- Up-to-date: /home/koara/ros2_ws/install/person_msgs/share/person_msgs/cmake/person_msgs__rosidl_typesupport_introspection_cExport.cmake
[6.914s] -- Installing: /home/koara/ros2_ws/install/person_msgs/share/person_msgs/cmake/person_msgs__rosidl_typesupport_introspection_cExport-noconfig.cmake
[6.914s] -- Up-to-date: /home/koara/ros2_ws/install/person_msgs/share/person_msgs/cmake/person_msgs__rosidl_typesupport_cExport.cmake
[6.914s] -- Installing: /home/koara/ros2_ws/install/person_msgs/share/person_msgs/cmake/person_msgs__rosidl_typesupport_cExport-noconfig.cmake
[6.915s] -- Up-to-date: /home/koara/ros2_ws/install/person_msgs/share/person_msgs/cmake/person_msgs__rosidl_generator_cppExport.cmake
[6.916s] -- Up-to-date: /home/koara/ros2_ws/install/person_msgs/share/person_msgs/cmake/person_msgs__rosidl_typesupport_introspection_cppExport.cmake
[6.916s] -- Installing: /home/koara/ros2_ws/install/person_msgs/share/person_msgs/cmake/person_msgs__rosidl_typesupport_introspection_cppExport-noconfig.cmake
[6.916s] -- Up-to-date: /home/koara/ros2_ws/install/person_msgs/share/person_msgs/cmake/person_msgs__rosidl_typesupport_cppExport.cmake
[6.916s] -- Installing: /home/koara/ros2_ws/install/person_msgs/share/person_msgs/cmake/person_msgs__rosidl_typesupport_cppExport-noconfig.cmake
[6.917s] -- Up-to-date: /home/koara/ros2_ws/install/person_msgs/share/person_msgs/cmake/rosidl_cmake-extras.cmake
[6.917s] -- Up-to-date: /home/koara/ros2_ws/install/person_msgs/share/person_msgs/cmake/ament_cmake_export_dependencies-extras.cmake
[6.917s] -- Up-to-date: /home/koara/ros2_ws/install/person_msgs/share/person_msgs/cmake/ament_cmake_export_libraries-extras.cmake
[6.918s] -- Up-to-date: /home/koara/ros2_ws/install/person_msgs/share/person_msgs/cmake/ament_cmake_export_targets-extras.cmake
[6.918s] -- Up-to-date: /home/koara/ros2_ws/install/person_msgs/share/person_msgs/cmake/ament_cmake_export_include_directories-extras.cmake
[6.918s] -- Up-to-date: /home/koara/ros2_ws/install/person_msgs/share/person_msgs/cmake/rosidl_cmake_export_typesupport_libraries-extras.cmake
[6.918s] -- Up-to-date: /home/koara/ros2_ws/install/person_msgs/share/person_msgs/cmake/rosidl_cmake_export_typesupport_targets-extras.cmake
[6.918s] -- Up-to-date: /home/koara/ros2_ws/install/person_msgs/share/person_msgs/cmake/person_msgsConfig.cmake
[6.918s] -- Up-to-date: /home/koara/ros2_ws/install/person_msgs/share/person_msgs/cmake/person_msgsConfig-version.cmake
[6.918s] -- Installing: /home/koara/ros2_ws/install/person_msgs/share/person_msgs/package.xml
[6.922s] Invoked command in '/home/koara/ros2_ws/build/person_msgs' returned '0': CMAKE_PREFIX_PATH=${CMAKE_PREFIX_PATH}:/home/koara/ros2_ws/install/mypkg:/opt/ros/foxy /usr/bin/cmake --install /home/koara/ros2_ws/build/person_msgs
