[0.629s] Invoking command in '/home/koara/ros2_ws/src/mypkg': PYTHONPATH=/home/koara/ros2_ws/build/mypkg/prefix_override:/usr/lib/python3/dist-packages/colcon_core/task/python/colcon_distutils_commands:/home/koara/ros2_ws/install/mypkg/lib/python3.8/site-packages:${PYTHONPATH} /usr/bin/python3 -W ignore:setup.py install is deprecated setup.py egg_info --egg-base ../../build/mypkg build --build-base /home/koara/ros2_ws/build/mypkg/build install --record /home/koara/ros2_ws/build/mypkg/install.log --install-scripts $base/lib/mypkg --single-version-externally-managed install_data
[0.802s] running egg_info
[0.802s] writing ../../build/mypkg/mypkg.egg-info/PKG-INFO
[0.803s] writing dependency_links to ../../build/mypkg/mypkg.egg-info/dependency_links.txt
[0.803s] writing entry points to ../../build/mypkg/mypkg.egg-info/entry_points.txt
[0.803s] writing requirements to ../../build/mypkg/mypkg.egg-info/requires.txt
[0.804s] writing top-level names to ../../build/mypkg/mypkg.egg-info/top_level.txt
[0.835s] reading manifest file '../../build/mypkg/mypkg.egg-info/SOURCES.txt'
[0.836s] writing manifest file '../../build/mypkg/mypkg.egg-info/SOURCES.txt'
[0.836s] running build
[0.836s] running build_py
[0.836s] running install
[0.837s] running install_lib
[0.839s] running install_data
[0.839s] copying package.xml -> /home/koara/ros2_ws/install/mypkg/share/mypkg
[0.841s] copying launch/talk_listen.launch.py -> /home/koara/ros2_ws/install/mypkg/share/mypkg
[0.842s] running install_egg_info
[0.844s] removing '/home/koara/ros2_ws/install/mypkg/lib/python3.8/site-packages/mypkg-0.0.0-py3.8.egg-info' (and everything under it)
[0.844s] Copying ../../build/mypkg/mypkg.egg-info to /home/koara/ros2_ws/install/mypkg/lib/python3.8/site-packages/mypkg-0.0.0-py3.8.egg-info
[0.846s] running install_scripts
[0.861s] Installing listener script to /home/koara/ros2_ws/install/mypkg/lib/mypkg
[0.862s] Installing talker script to /home/koara/ros2_ws/install/mypkg/lib/mypkg
[0.862s] writing list of installed files to '/home/koara/ros2_ws/build/mypkg/install.log'
[0.882s] Invoked command in '/home/koara/ros2_ws/src/mypkg' returned '0': PYTHONPATH=/home/koara/ros2_ws/build/mypkg/prefix_override:/usr/lib/python3/dist-packages/colcon_core/task/python/colcon_distutils_commands:/home/koara/ros2_ws/install/mypkg/lib/python3.8/site-packages:${PYTHONPATH} /usr/bin/python3 -W ignore:setup.py install is deprecated setup.py egg_info --egg-base ../../build/mypkg build --build-base /home/koara/ros2_ws/build/mypkg/build install --record /home/koara/ros2_ws/build/mypkg/install.log --install-scripts $base/lib/mypkg --single-version-externally-managed install_data
