[0.627s] Invoking command in '/home/koara/ros2_ws/src/mypkg': PYTHONPATH=/home/koara/ros2_ws/src/build/mypkg/prefix_override:/usr/lib/python3/dist-packages/colcon_core/task/python/colcon_distutils_commands:/home/koara/ros2_ws/src/install/mypkg/lib/python3.8/site-packages:${PYTHONPATH} /usr/bin/python3 -W ignore:setup.py install is deprecated setup.py egg_info --egg-base ../build/mypkg build --build-base /home/koara/ros2_ws/src/build/mypkg/build install --record /home/koara/ros2_ws/src/build/mypkg/install.log --install-scripts $base/lib/mypkg --single-version-externally-managed install_data
[0.791s] running egg_info
[0.791s] creating ../build/mypkg/mypkg.egg-info
[0.791s] writing ../build/mypkg/mypkg.egg-info/PKG-INFO
[0.791s] writing dependency_links to ../build/mypkg/mypkg.egg-info/dependency_links.txt
[0.792s] writing entry points to ../build/mypkg/mypkg.egg-info/entry_points.txt
[0.792s] writing requirements to ../build/mypkg/mypkg.egg-info/requires.txt
[0.793s] writing top-level names to ../build/mypkg/mypkg.egg-info/top_level.txt
[0.795s] writing manifest file '../build/mypkg/mypkg.egg-info/SOURCES.txt'
[0.823s] reading manifest file '../build/mypkg/mypkg.egg-info/SOURCES.txt'
[0.824s] writing manifest file '../build/mypkg/mypkg.egg-info/SOURCES.txt'
[0.824s] running build
[0.824s] running build_py
[0.825s] creating /home/koara/ros2_ws/src/build/mypkg/build
[0.825s] creating /home/koara/ros2_ws/src/build/mypkg/build/lib
[0.825s] creating /home/koara/ros2_ws/src/build/mypkg/build/lib/mypkg
[0.825s] copying mypkg/talker.py -> /home/koara/ros2_ws/src/build/mypkg/build/lib/mypkg
[0.826s] copying mypkg/__init__.py -> /home/koara/ros2_ws/src/build/mypkg/build/lib/mypkg
[0.826s] running install
[0.826s] running install_lib
[0.827s] creating /home/koara/ros2_ws/src/install/mypkg/lib/python3.8/site-packages/mypkg
[0.828s] copying /home/koara/ros2_ws/src/build/mypkg/build/lib/mypkg/talker.py -> /home/koara/ros2_ws/src/install/mypkg/lib/python3.8/site-packages/mypkg
[0.828s] copying /home/koara/ros2_ws/src/build/mypkg/build/lib/mypkg/__init__.py -> /home/koara/ros2_ws/src/install/mypkg/lib/python3.8/site-packages/mypkg
[0.829s] byte-compiling /home/koara/ros2_ws/src/install/mypkg/lib/python3.8/site-packages/mypkg/talker.py to talker.cpython-38.pyc
[0.832s] byte-compiling /home/koara/ros2_ws/src/install/mypkg/lib/python3.8/site-packages/mypkg/__init__.py to __init__.cpython-38.pyc
[0.833s] running install_data
[0.833s] creating /home/koara/ros2_ws/src/install/mypkg/share/ament_index
[0.833s] creating /home/koara/ros2_ws/src/install/mypkg/share/ament_index/resource_index
[0.834s] creating /home/koara/ros2_ws/src/install/mypkg/share/ament_index/resource_index/packages
[0.834s] copying resource/mypkg -> /home/koara/ros2_ws/src/install/mypkg/share/ament_index/resource_index/packages
[0.834s] copying package.xml -> /home/koara/ros2_ws/src/install/mypkg/share/mypkg
[0.835s] copying launch/talk_listen.launch.py -> /home/koara/ros2_ws/src/install/mypkg/share/mypkg
[0.835s] running install_egg_info
[0.837s] Copying ../build/mypkg/mypkg.egg-info to /home/koara/ros2_ws/src/install/mypkg/lib/python3.8/site-packages/mypkg-0.0.0-py3.8.egg-info
[0.840s] running install_scripts
[0.855s] Installing listener script to /home/koara/ros2_ws/src/install/mypkg/lib/mypkg
[0.856s] Installing talker script to /home/koara/ros2_ws/src/install/mypkg/lib/mypkg
[0.856s] writing list of installed files to '/home/koara/ros2_ws/src/build/mypkg/install.log'
[0.881s] Invoked command in '/home/koara/ros2_ws/src/mypkg' returned '0': PYTHONPATH=/home/koara/ros2_ws/src/build/mypkg/prefix_override:/usr/lib/python3/dist-packages/colcon_core/task/python/colcon_distutils_commands:/home/koara/ros2_ws/src/install/mypkg/lib/python3.8/site-packages:${PYTHONPATH} /usr/bin/python3 -W ignore:setup.py install is deprecated setup.py egg_info --egg-base ../build/mypkg build --build-base /home/koara/ros2_ws/src/build/mypkg/build install --record /home/koara/ros2_ws/src/build/mypkg/install.log --install-scripts $base/lib/mypkg --single-version-externally-managed install_data
