[0.589s] Invoking command in '/home/koara/ros2_ws/src/mypkg': PYTHONPATH=/home/koara/ros2_ws/build/mypkg/prefix_override:/usr/lib/python3/dist-packages/colcon_core/task/python/colcon_distutils_commands:/home/koara/ros2_ws/install/mypkg/lib/python3.8/site-packages:${PYTHONPATH} /usr/bin/python3 -W ignore:setup.py install is deprecated setup.py egg_info --egg-base ../../build/mypkg build --build-base /home/koara/ros2_ws/build/mypkg/build install --record /home/koara/ros2_ws/build/mypkg/install.log --install-scripts $base/lib/mypkg --single-version-externally-managed install_data
[0.763s] running egg_info
[0.763s] writing ../../build/mypkg/mypkg.egg-info/PKG-INFO
[0.764s] writing dependency_links to ../../build/mypkg/mypkg.egg-info/dependency_links.txt
[0.764s] writing entry points to ../../build/mypkg/mypkg.egg-info/entry_points.txt
[0.764s] writing requirements to ../../build/mypkg/mypkg.egg-info/requires.txt
[0.764s] writing top-level names to ../../build/mypkg/mypkg.egg-info/top_level.txt
[0.794s] reading manifest file '../../build/mypkg/mypkg.egg-info/SOURCES.txt'
[0.796s] writing manifest file '../../build/mypkg/mypkg.egg-info/SOURCES.txt'
[0.796s] running build
[0.796s] running build_py
[0.796s] copying mypkg/talker.py -> /home/koara/ros2_ws/build/mypkg/build/lib/mypkg
[0.798s] copying mypkg/listener.py -> /home/koara/ros2_ws/build/mypkg/build/lib/mypkg
[0.799s] running install
[0.800s] running install_lib
[0.801s] copying /home/koara/ros2_ws/build/mypkg/build/lib/mypkg/talker.py -> /home/koara/ros2_ws/install/mypkg/lib/python3.8/site-packages/mypkg
[0.802s] copying /home/koara/ros2_ws/build/mypkg/build/lib/mypkg/listener.py -> /home/koara/ros2_ws/install/mypkg/lib/python3.8/site-packages/mypkg
[0.802s] byte-compiling /home/koara/ros2_ws/install/mypkg/lib/python3.8/site-packages/mypkg/talker.py to talker.cpython-38.pyc
[0.805s] byte-compiling /home/koara/ros2_ws/install/mypkg/lib/python3.8/site-packages/mypkg/listener.py to listener.cpython-38.pyc
[0.805s] running install_data
[0.805s] copying package.xml -> /home/koara/ros2_ws/install/mypkg/share/mypkg
[0.806s] running install_egg_info
[0.808s] removing '/home/koara/ros2_ws/install/mypkg/lib/python3.8/site-packages/mypkg-0.0.0-py3.8.egg-info' (and everything under it)
[0.809s] Copying ../../build/mypkg/mypkg.egg-info to /home/koara/ros2_ws/install/mypkg/lib/python3.8/site-packages/mypkg-0.0.0-py3.8.egg-info
[0.813s] running install_scripts
[0.828s] Installing listener script to /home/koara/ros2_ws/install/mypkg/lib/mypkg
[0.828s] Installing talker script to /home/koara/ros2_ws/install/mypkg/lib/mypkg
[0.829s] writing list of installed files to '/home/koara/ros2_ws/build/mypkg/install.log'
[0.852s] Invoked command in '/home/koara/ros2_ws/src/mypkg' returned '0': PYTHONPATH=/home/koara/ros2_ws/build/mypkg/prefix_override:/usr/lib/python3/dist-packages/colcon_core/task/python/colcon_distutils_commands:/home/koara/ros2_ws/install/mypkg/lib/python3.8/site-packages:${PYTHONPATH} /usr/bin/python3 -W ignore:setup.py install is deprecated setup.py egg_info --egg-base ../../build/mypkg build --build-base /home/koara/ros2_ws/build/mypkg/build install --record /home/koara/ros2_ws/build/mypkg/install.log --install-scripts $base/lib/mypkg --single-version-externally-managed install_data
