[0.718s] DEBUG:colcon:Command line arguments: ['/usr/bin/colcon', 'build']
[0.718s] DEBUG:colcon:Parsed command line arguments: Namespace(allow_overriding=[], ament_cmake_args=None, base_paths=['.'], build_base='build', catkin_cmake_args=None, catkin_skip_building_tests=False, cmake_args=None, cmake_clean_cache=False, cmake_clean_first=False, cmake_force_configure=False, cmake_target=None, cmake_target_skip_unavailable=False, continue_on_error=False, event_handlers=None, executor='parallel', ignore_user_meta=False, install_base='install', log_base=None, log_level=None, main=<bound method BuildVerb.main of <colcon_core.verb.build.BuildVerb object at 0x7f4fbe1993d0>>, merge_install=False, metas=['./colcon.meta'], packages_above=None, packages_above_and_dependencies=None, packages_above_depth=None, packages_end=None, packages_ignore=None, packages_ignore_regex=None, packages_select=None, packages_select_build_failed=False, packages_select_by_dep=None, packages_select_regex=None, packages_select_test_failures=False, packages_skip=None, packages_skip_build_finished=False, packages_skip_by_dep=None, packages_skip_regex=None, packages_skip_test_passed=False, packages_skip_up_to=None, packages_start=None, packages_up_to=None, packages_up_to_regex=None, parallel_workers=12, paths=None, symlink_install=False, test_result_base=None, verb_extension=<colcon_core.verb.build.BuildVerb object at 0x7f4fbe1993d0>, verb_name='build', verb_parser=<colcon_defaults.argument_parser.defaults.DefaultArgumentsDecorator object at 0x7f4fbe199910>)
[1.030s] Level 1:colcon.colcon_core.package_discovery:discover_packages(colcon_meta) check parameters
[1.031s] Level 1:colcon.colcon_core.package_discovery:discover_packages(recursive) check parameters
[1.031s] Level 1:colcon.colcon_core.package_discovery:discover_packages(ignore) check parameters
[1.031s] Level 1:colcon.colcon_core.package_discovery:discover_packages(path) check parameters
[1.031s] Level 1:colcon.colcon_core.package_discovery:discover_packages(colcon_meta) discover
[1.031s] Level 1:colcon.colcon_core.package_discovery:discover_packages(recursive) discover
[1.031s] INFO:colcon.colcon_core.package_discovery:Crawling recursively for packages in '/home/koara/ros2_ws'
[1.031s] Level 1:colcon.colcon_core.package_identification:_identify(.) by extensions ['ignore', 'ignore_ament_install']
[1.031s] Level 1:colcon.colcon_core.package_identification:_identify(.) by extension 'ignore'
[1.031s] Level 1:colcon.colcon_core.package_identification:_identify(.) by extension 'ignore_ament_install'
[1.031s] Level 1:colcon.colcon_core.package_identification:_identify(.) by extensions ['colcon_pkg']
[1.031s] Level 1:colcon.colcon_core.package_identification:_identify(.) by extension 'colcon_pkg'
[1.031s] Level 1:colcon.colcon_core.package_identification:_identify(.) by extensions ['colcon_meta']
[1.031s] Level 1:colcon.colcon_core.package_identification:_identify(.) by extension 'colcon_meta'
[1.031s] Level 1:colcon.colcon_core.package_identification:_identify(.) by extensions ['ros']
[1.031s] Level 1:colcon.colcon_core.package_identification:_identify(.) by extension 'ros'
[1.067s] Level 1:colcon.colcon_core.package_identification:_identify(.) by extensions ['cmake', 'python']
[1.067s] Level 1:colcon.colcon_core.package_identification:_identify(.) by extension 'cmake'
[1.067s] Level 1:colcon.colcon_core.package_identification:_identify(.) by extension 'python'
[1.067s] Level 1:colcon.colcon_core.package_identification:_identify(.) by extensions ['python_setup_py']
[1.067s] Level 1:colcon.colcon_core.package_identification:_identify(.) by extension 'python_setup_py'
[1.068s] Level 1:colcon.colcon_core.package_identification:_identify(build) by extensions ['ignore', 'ignore_ament_install']
[1.068s] Level 1:colcon.colcon_core.package_identification:_identify(build) by extension 'ignore'
[1.068s] Level 1:colcon.colcon_core.package_identification:_identify(build) ignored
[1.069s] Level 1:colcon.colcon_core.package_identification:_identify(install) by extensions ['ignore', 'ignore_ament_install']
[1.069s] Level 1:colcon.colcon_core.package_identification:_identify(install) by extension 'ignore'
[1.069s] Level 1:colcon.colcon_core.package_identification:_identify(install) ignored
[1.069s] Level 1:colcon.colcon_core.package_identification:_identify(log) by extensions ['ignore', 'ignore_ament_install']
[1.069s] Level 1:colcon.colcon_core.package_identification:_identify(log) by extension 'ignore'
[1.069s] Level 1:colcon.colcon_core.package_identification:_identify(log) ignored
[1.069s] Level 1:colcon.colcon_core.package_identification:_identify(src) by extensions ['ignore', 'ignore_ament_install']
[1.069s] Level 1:colcon.colcon_core.package_identification:_identify(src) by extension 'ignore'
[1.069s] Level 1:colcon.colcon_core.package_identification:_identify(src) by extension 'ignore_ament_install'
[1.069s] Level 1:colcon.colcon_core.package_identification:_identify(src) by extensions ['colcon_pkg']
[1.069s] Level 1:colcon.colcon_core.package_identification:_identify(src) by extension 'colcon_pkg'
[1.069s] Level 1:colcon.colcon_core.package_identification:_identify(src) by extensions ['colcon_meta']
[1.069s] Level 1:colcon.colcon_core.package_identification:_identify(src) by extension 'colcon_meta'
[1.069s] Level 1:colcon.colcon_core.package_identification:_identify(src) by extensions ['ros']
[1.070s] Level 1:colcon.colcon_core.package_identification:_identify(src) by extension 'ros'
[1.070s] Level 1:colcon.colcon_core.package_identification:_identify(src) by extensions ['cmake', 'python']
[1.070s] Level 1:colcon.colcon_core.package_identification:_identify(src) by extension 'cmake'
[1.070s] Level 1:colcon.colcon_core.package_identification:_identify(src) by extension 'python'
[1.070s] Level 1:colcon.colcon_core.package_identification:_identify(src) by extensions ['python_setup_py']
[1.070s] Level 1:colcon.colcon_core.package_identification:_identify(src) by extension 'python_setup_py'
[1.070s] Level 1:colcon.colcon_core.package_identification:_identify(src/build) by extensions ['ignore', 'ignore_ament_install']
[1.070s] Level 1:colcon.colcon_core.package_identification:_identify(src/build) by extension 'ignore'
[1.070s] Level 1:colcon.colcon_core.package_identification:_identify(src/build) ignored
[1.071s] Level 1:colcon.colcon_core.package_identification:_identify(src/install) by extensions ['ignore', 'ignore_ament_install']
[1.071s] Level 1:colcon.colcon_core.package_identification:_identify(src/install) by extension 'ignore'
[1.071s] Level 1:colcon.colcon_core.package_identification:_identify(src/install) ignored
[1.071s] Level 1:colcon.colcon_core.package_identification:_identify(src/log) by extensions ['ignore', 'ignore_ament_install']
[1.071s] Level 1:colcon.colcon_core.package_identification:_identify(src/log) by extension 'ignore'
[1.071s] Level 1:colcon.colcon_core.package_identification:_identify(src/log) ignored
[1.072s] Level 1:colcon.colcon_core.package_identification:_identify(src/mypkg) by extensions ['ignore', 'ignore_ament_install']
[1.072s] Level 1:colcon.colcon_core.package_identification:_identify(src/mypkg) by extension 'ignore'
[1.072s] Level 1:colcon.colcon_core.package_identification:_identify(src/mypkg) by extension 'ignore_ament_install'
[1.072s] Level 1:colcon.colcon_core.package_identification:_identify(src/mypkg) by extensions ['colcon_pkg']
[1.072s] Level 1:colcon.colcon_core.package_identification:_identify(src/mypkg) by extension 'colcon_pkg'
[1.073s] Level 1:colcon.colcon_core.package_identification:_identify(src/mypkg) by extensions ['colcon_meta']
[1.073s] Level 1:colcon.colcon_core.package_identification:_identify(src/mypkg) by extension 'colcon_meta'
[1.073s] Level 1:colcon.colcon_core.package_identification:_identify(src/mypkg) by extensions ['ros']
[1.073s] Level 1:colcon.colcon_core.package_identification:_identify(src/mypkg) by extension 'ros'
[1.080s] DEBUG:colcon.colcon_core.package_identification:Package 'src/mypkg' with type 'ros.ament_python' and name 'mypkg'
[1.081s] Level 1:colcon.colcon_core.package_identification:_identify(src/person_msgs) by extensions ['ignore', 'ignore_ament_install']
[1.081s] Level 1:colcon.colcon_core.package_identification:_identify(src/person_msgs) by extension 'ignore'
[1.081s] Level 1:colcon.colcon_core.package_identification:_identify(src/person_msgs) by extension 'ignore_ament_install'
[1.081s] Level 1:colcon.colcon_core.package_identification:_identify(src/person_msgs) by extensions ['colcon_pkg']
[1.081s] Level 1:colcon.colcon_core.package_identification:_identify(src/person_msgs) by extension 'colcon_pkg'
[1.081s] Level 1:colcon.colcon_core.package_identification:_identify(src/person_msgs) by extensions ['colcon_meta']
[1.081s] Level 1:colcon.colcon_core.package_identification:_identify(src/person_msgs) by extension 'colcon_meta'
[1.081s] Level 1:colcon.colcon_core.package_identification:_identify(src/person_msgs) by extensions ['ros']
[1.081s] Level 1:colcon.colcon_core.package_identification:_identify(src/person_msgs) by extension 'ros'
[1.082s] DEBUG:colcon.colcon_core.package_identification:Package 'src/person_msgs' with type 'ros.ament_cmake' and name 'person_msgs'
[1.083s] Level 1:colcon.colcon_core.package_discovery:discover_packages(recursive) using defaults
[1.083s] Level 1:colcon.colcon_core.package_discovery:discover_packages(ignore) discover
[1.083s] Level 1:colcon.colcon_core.package_discovery:discover_packages(ignore) using defaults
[1.083s] Level 1:colcon.colcon_core.package_discovery:discover_packages(path) discover
[1.083s] Level 1:colcon.colcon_core.package_discovery:discover_packages(path) using defaults
[1.143s] Level 1:colcon.colcon_core.package_discovery:discover_packages(prefix_path) check parameters
[1.143s] Level 1:colcon.colcon_core.package_discovery:discover_packages(prefix_path) discover
[1.151s] DEBUG:colcon.colcon_installed_package_information.package_discovery:Found 2 installed packages in /home/koara/ros2_ws/install
[1.153s] DEBUG:colcon.colcon_installed_package_information.package_discovery:Found 256 installed packages in /opt/ros/foxy
[1.156s] Level 1:colcon.colcon_core.package_discovery:discover_packages(prefix_path) using defaults
[1.345s] Level 5:colcon.colcon_core.verb:set package 'mypkg' build argument 'cmake_args' from command line to 'None'
[1.345s] Level 5:colcon.colcon_core.verb:set package 'mypkg' build argument 'cmake_target' from command line to 'None'
[1.345s] Level 5:colcon.colcon_core.verb:set package 'mypkg' build argument 'cmake_target_skip_unavailable' from command line to 'False'
[1.345s] Level 5:colcon.colcon_core.verb:set package 'mypkg' build argument 'cmake_clean_cache' from command line to 'False'
[1.345s] Level 5:colcon.colcon_core.verb:set package 'mypkg' build argument 'cmake_clean_first' from command line to 'False'
[1.345s] Level 5:colcon.colcon_core.verb:set package 'mypkg' build argument 'cmake_force_configure' from command line to 'False'
[1.345s] Level 5:colcon.colcon_core.verb:set package 'mypkg' build argument 'ament_cmake_args' from command line to 'None'
[1.345s] Level 5:colcon.colcon_core.verb:set package 'mypkg' build argument 'catkin_cmake_args' from command line to 'None'
[1.345s] Level 5:colcon.colcon_core.verb:set package 'mypkg' build argument 'catkin_skip_building_tests' from command line to 'False'
[1.345s] DEBUG:colcon.colcon_core.verb:Building package 'mypkg' with the following arguments: {'ament_cmake_args': None, 'build_base': '/home/koara/ros2_ws/build/mypkg', 'catkin_cmake_args': None, 'catkin_skip_building_tests': False, 'cmake_args': None, 'cmake_clean_cache': False, 'cmake_clean_first': False, 'cmake_force_configure': False, 'cmake_target': None, 'cmake_target_skip_unavailable': False, 'install_base': '/home/koara/ros2_ws/install/mypkg', 'merge_install': False, 'path': '/home/koara/ros2_ws/src/mypkg', 'symlink_install': False, 'test_result_base': None}
[1.346s] Level 5:colcon.colcon_core.verb:set package 'person_msgs' build argument 'cmake_args' from command line to 'None'
[1.346s] Level 5:colcon.colcon_core.verb:set package 'person_msgs' build argument 'cmake_target' from command line to 'None'
[1.346s] Level 5:colcon.colcon_core.verb:set package 'person_msgs' build argument 'cmake_target_skip_unavailable' from command line to 'False'
[1.346s] Level 5:colcon.colcon_core.verb:set package 'person_msgs' build argument 'cmake_clean_cache' from command line to 'False'
[1.346s] Level 5:colcon.colcon_core.verb:set package 'person_msgs' build argument 'cmake_clean_first' from command line to 'False'
[1.346s] Level 5:colcon.colcon_core.verb:set package 'person_msgs' build argument 'cmake_force_configure' from command line to 'False'
[1.346s] Level 5:colcon.colcon_core.verb:set package 'person_msgs' build argument 'ament_cmake_args' from command line to 'None'
[1.346s] Level 5:colcon.colcon_core.verb:set package 'person_msgs' build argument 'catkin_cmake_args' from command line to 'None'
[1.346s] Level 5:colcon.colcon_core.verb:set package 'person_msgs' build argument 'catkin_skip_building_tests' from command line to 'False'
[1.346s] DEBUG:colcon.colcon_core.verb:Building package 'person_msgs' with the following arguments: {'ament_cmake_args': None, 'build_base': '/home/koara/ros2_ws/build/person_msgs', 'catkin_cmake_args': None, 'catkin_skip_building_tests': False, 'cmake_args': None, 'cmake_clean_cache': False, 'cmake_clean_first': False, 'cmake_force_configure': False, 'cmake_target': None, 'cmake_target_skip_unavailable': False, 'install_base': '/home/koara/ros2_ws/install/person_msgs', 'merge_install': False, 'path': '/home/koara/ros2_ws/src/person_msgs', 'symlink_install': False, 'test_result_base': None}
[1.346s] INFO:colcon.colcon_core.executor:Executing jobs using 'parallel' executor
[1.349s] DEBUG:colcon.colcon_parallel_executor.executor.parallel:run_until_complete
[1.349s] INFO:colcon.colcon_ros.task.ament_python.build:Building ROS package in '/home/koara/ros2_ws/src/mypkg' with build type 'ament_python'
[1.349s] Level 1:colcon.colcon_core.shell:create_environment_hook('mypkg', 'ament_prefix_path')
[1.356s] INFO:colcon.colcon_core.plugin_system:Skipping extension 'colcon_core.shell.bat': Not used on non-Windows systems
[1.356s] INFO:colcon.colcon_core.shell:Creating environment hook '/home/koara/ros2_ws/install/mypkg/share/mypkg/hook/ament_prefix_path.ps1'
[1.358s] INFO:colcon.colcon_core.shell:Creating environment descriptor '/home/koara/ros2_ws/install/mypkg/share/mypkg/hook/ament_prefix_path.dsv'
[1.359s] INFO:colcon.colcon_core.shell:Creating environment hook '/home/koara/ros2_ws/install/mypkg/share/mypkg/hook/ament_prefix_path.sh'
[1.361s] INFO:colcon.colcon_core.shell:Skip shell extension 'powershell' for command environment: Not usable outside of PowerShell
[1.361s] DEBUG:colcon.colcon_core.shell:Skip shell extension 'dsv' for command environment
[1.370s] INFO:colcon.colcon_ros.task.ament_cmake.build:Building ROS package in '/home/koara/ros2_ws/src/person_msgs' with build type 'ament_cmake'
[1.370s] INFO:colcon.colcon_cmake.task.cmake.build:Building CMake package in '/home/koara/ros2_ws/src/person_msgs'
[1.370s] INFO:colcon.colcon_core.shell:Skip shell extension 'powershell' for command environment: Not usable outside of PowerShell
[1.371s] DEBUG:colcon.colcon_core.shell:Skip shell extension 'dsv' for command environment
[1.681s] INFO:colcon.colcon_core.task.python.build:Building Python package in '/home/koara/ros2_ws/src/mypkg'
[1.682s] INFO:colcon.colcon_core.shell:Skip shell extension 'powershell' for command environment: Not usable outside of PowerShell
[1.682s] DEBUG:colcon.colcon_core.shell:Skip shell extension 'dsv' for command environment
[1.710s] DEBUG:colcon.colcon_core.event_handler.log_command:Invoking command in '/home/koara/ros2_ws/build/person_msgs': CMAKE_PREFIX_PATH=${CMAKE_PREFIX_PATH}:/home/koara/ros2_ws/install/mypkg:/opt/ros/foxy /usr/bin/cmake --build /home/koara/ros2_ws/build/person_msgs -- -j12 -l12
[2.354s] DEBUG:colcon.colcon_core.event_handler.log_command:Invoking command in '/home/koara/ros2_ws/src/mypkg': PYTHONPATH=/home/koara/ros2_ws/build/mypkg/prefix_override:/usr/lib/python3/dist-packages/colcon_core/task/python/colcon_distutils_commands:/home/koara/ros2_ws/install/mypkg/lib/python3.8/site-packages:${PYTHONPATH} /usr/bin/python3 -W ignore:setup.py install is deprecated setup.py egg_info --egg-base ../../build/mypkg build --build-base /home/koara/ros2_ws/build/mypkg/build install --record /home/koara/ros2_ws/build/mypkg/install.log --install-scripts $base/lib/mypkg --single-version-externally-managed install_data
[2.690s] DEBUG:colcon.colcon_core.event_handler.log_command:Invoked command in '/home/koara/ros2_ws/src/mypkg' returned '0': PYTHONPATH=/home/koara/ros2_ws/build/mypkg/prefix_override:/usr/lib/python3/dist-packages/colcon_core/task/python/colcon_distutils_commands:/home/koara/ros2_ws/install/mypkg/lib/python3.8/site-packages:${PYTHONPATH} /usr/bin/python3 -W ignore:setup.py install is deprecated setup.py egg_info --egg-base ../../build/mypkg build --build-base /home/koara/ros2_ws/build/mypkg/build install --record /home/koara/ros2_ws/build/mypkg/install.log --install-scripts $base/lib/mypkg --single-version-externally-managed install_data
[2.705s] Level 1:colcon.colcon_core.environment:checking '/home/koara/ros2_ws/install/mypkg' for CMake module files
[2.706s] Level 1:colcon.colcon_core.environment:checking '/home/koara/ros2_ws/install/mypkg' for CMake config files
[2.711s] Level 1:colcon.colcon_core.environment:checking '/home/koara/ros2_ws/install/mypkg/lib'
[2.711s] Level 1:colcon.colcon_core.environment:checking '/home/koara/ros2_ws/install/mypkg/bin'
[2.711s] Level 1:colcon.colcon_core.environment:checking '/home/koara/ros2_ws/install/mypkg/lib/pkgconfig/mypkg.pc'
[2.711s] Level 1:colcon.colcon_core.environment:checking '/home/koara/ros2_ws/install/mypkg/lib/python3.8/site-packages'
[2.712s] Level 1:colcon.colcon_core.shell:create_environment_hook('mypkg', 'pythonpath')
[2.712s] INFO:colcon.colcon_core.shell:Creating environment hook '/home/koara/ros2_ws/install/mypkg/share/mypkg/hook/pythonpath.ps1'
[2.712s] INFO:colcon.colcon_core.shell:Creating environment descriptor '/home/koara/ros2_ws/install/mypkg/share/mypkg/hook/pythonpath.dsv'
[2.713s] INFO:colcon.colcon_core.shell:Creating environment hook '/home/koara/ros2_ws/install/mypkg/share/mypkg/hook/pythonpath.sh'
[2.713s] Level 1:colcon.colcon_core.environment:checking '/home/koara/ros2_ws/install/mypkg/bin'
[2.713s] Level 1:colcon.colcon_core.environment:create_environment_scripts_only(mypkg)
[2.714s] INFO:colcon.colcon_core.shell:Creating package script '/home/koara/ros2_ws/install/mypkg/share/mypkg/package.ps1'
[2.715s] INFO:colcon.colcon_core.shell:Creating package descriptor '/home/koara/ros2_ws/install/mypkg/share/mypkg/package.dsv'
[2.716s] INFO:colcon.colcon_core.shell:Creating package script '/home/koara/ros2_ws/install/mypkg/share/mypkg/package.sh'
[2.717s] INFO:colcon.colcon_core.shell:Creating package script '/home/koara/ros2_ws/install/mypkg/share/mypkg/package.bash'
[2.718s] INFO:colcon.colcon_core.shell:Creating package script '/home/koara/ros2_ws/install/mypkg/share/mypkg/package.zsh'
[2.719s] Level 1:colcon.colcon_core.environment:create_file_with_runtime_dependencies(/home/koara/ros2_ws/install/mypkg/share/colcon-core/packages/mypkg)
[5.344s] DEBUG:colcon.colcon_core.event_handler.log_command:Invoked command in '/home/koara/ros2_ws/build/person_msgs' returned '2': CMAKE_PREFIX_PATH=${CMAKE_PREFIX_PATH}:/home/koara/ros2_ws/install/mypkg:/opt/ros/foxy /usr/bin/cmake --build /home/koara/ros2_ws/build/person_msgs -- -j12 -l12
[5.428s] Level 1:colcon.colcon_core.environment:create_environment_scripts_only(person_msgs)
[5.429s] Level 1:colcon.colcon_core.environment:checking '/home/koara/ros2_ws/install/person_msgs' for CMake module files
[5.432s] Level 1:colcon.colcon_core.environment:checking '/home/koara/ros2_ws/install/person_msgs' for CMake config files
[5.436s] Level 1:colcon.colcon_core.shell:create_environment_hook('person_msgs', 'cmake_prefix_path')
[5.436s] INFO:colcon.colcon_core.shell:Creating environment hook '/home/koara/ros2_ws/install/person_msgs/share/person_msgs/hook/cmake_prefix_path.ps1'
[5.437s] INFO:colcon.colcon_core.shell:Creating environment descriptor '/home/koara/ros2_ws/install/person_msgs/share/person_msgs/hook/cmake_prefix_path.dsv'
[5.438s] INFO:colcon.colcon_core.shell:Creating environment hook '/home/koara/ros2_ws/install/person_msgs/share/person_msgs/hook/cmake_prefix_path.sh'
[5.439s] Level 1:colcon.colcon_core.environment:checking '/home/koara/ros2_ws/install/person_msgs/lib'
[5.439s] Level 1:colcon.colcon_core.shell:create_environment_hook('person_msgs', 'ld_library_path_lib')
[5.439s] INFO:colcon.colcon_core.shell:Creating environment hook '/home/koara/ros2_ws/install/person_msgs/share/person_msgs/hook/ld_library_path_lib.ps1'
[5.439s] INFO:colcon.colcon_core.shell:Creating environment descriptor '/home/koara/ros2_ws/install/person_msgs/share/person_msgs/hook/ld_library_path_lib.dsv'
[5.440s] INFO:colcon.colcon_core.shell:Creating environment hook '/home/koara/ros2_ws/install/person_msgs/share/person_msgs/hook/ld_library_path_lib.sh'
[5.440s] Level 1:colcon.colcon_core.environment:checking '/home/koara/ros2_ws/install/person_msgs/bin'
[5.441s] Level 1:colcon.colcon_core.environment:checking '/home/koara/ros2_ws/install/person_msgs/lib/pkgconfig/person_msgs.pc'
[5.441s] Level 1:colcon.colcon_core.environment:checking '/home/koara/ros2_ws/install/person_msgs/lib/python3.8/site-packages'
[5.441s] Level 1:colcon.colcon_core.shell:create_environment_hook('person_msgs', 'pythonpath')
[5.441s] INFO:colcon.colcon_core.shell:Creating environment hook '/home/koara/ros2_ws/install/person_msgs/share/person_msgs/hook/pythonpath.ps1'
[5.442s] INFO:colcon.colcon_core.shell:Creating environment descriptor '/home/koara/ros2_ws/install/person_msgs/share/person_msgs/hook/pythonpath.dsv'
[5.442s] INFO:colcon.colcon_core.shell:Creating environment hook '/home/koara/ros2_ws/install/person_msgs/share/person_msgs/hook/pythonpath.sh'
[5.442s] Level 1:colcon.colcon_core.environment:checking '/home/koara/ros2_ws/install/person_msgs/bin'
[5.443s] INFO:colcon.colcon_core.shell:Creating package script '/home/koara/ros2_ws/install/person_msgs/share/person_msgs/package.ps1'
[5.443s] INFO:colcon.colcon_core.shell:Creating package descriptor '/home/koara/ros2_ws/install/person_msgs/share/person_msgs/package.dsv'
[5.444s] INFO:colcon.colcon_core.shell:Creating package script '/home/koara/ros2_ws/install/person_msgs/share/person_msgs/package.sh'
[5.445s] INFO:colcon.colcon_core.shell:Creating package script '/home/koara/ros2_ws/install/person_msgs/share/person_msgs/package.bash'
[5.445s] INFO:colcon.colcon_core.shell:Creating package script '/home/koara/ros2_ws/install/person_msgs/share/person_msgs/package.zsh'
[5.446s] Level 1:colcon.colcon_core.environment:create_file_with_runtime_dependencies(/home/koara/ros2_ws/install/person_msgs/share/colcon-core/packages/person_msgs)
[5.457s] DEBUG:colcon.colcon_parallel_executor.executor.parallel:closing loop
[5.457s] DEBUG:colcon.colcon_parallel_executor.executor.parallel:loop closed
[5.457s] DEBUG:colcon.colcon_parallel_executor.executor.parallel:run_until_complete finished with '2'
[5.457s] DEBUG:colcon.colcon_core.event_reactor:joining thread
[5.505s] INFO:colcon.colcon_core.plugin_system:Skipping extension 'colcon_notification.desktop_notification.notify_send': Could not find 'notify-send'
[5.505s] INFO:colcon.colcon_core.plugin_system:Skipping extension 'colcon_notification.desktop_notification.terminal_notifier': Not used on non-Darwin systems
[5.505s] INFO:colcon.colcon_core.plugin_system:Skipping extension 'colcon_notification.desktop_notification.win32': Not used on non-Windows systems
[5.505s] INFO:colcon.colcon_notification.desktop_notification:Sending desktop notification using 'notify2'
[5.517s] DEBUG:colcon.colcon_notification.desktop_notification.notify2:Failed to initialize notify2: org.freedesktop.DBus.Error.ServiceUnknown: The name org.freedesktop.Notifications was not provided by any .service files
[5.518s] DEBUG:colcon.colcon_core.event_reactor:joined thread
[5.518s] INFO:colcon.colcon_core.shell:Creating prefix script '/home/koara/ros2_ws/install/local_setup.ps1'
[5.519s] INFO:colcon.colcon_core.shell:Creating prefix util module '/home/koara/ros2_ws/install/_local_setup_util_ps1.py'
[5.521s] INFO:colcon.colcon_core.shell:Creating prefix chain script '/home/koara/ros2_ws/install/setup.ps1'
[5.523s] INFO:colcon.colcon_core.shell:Creating prefix script '/home/koara/ros2_ws/install/local_setup.sh'
[5.524s] INFO:colcon.colcon_core.shell:Creating prefix util module '/home/koara/ros2_ws/install/_local_setup_util_sh.py'
[5.525s] INFO:colcon.colcon_core.shell:Creating prefix chain script '/home/koara/ros2_ws/install/setup.sh'
[5.526s] INFO:colcon.colcon_core.shell:Creating prefix script '/home/koara/ros2_ws/install/local_setup.bash'
[5.527s] INFO:colcon.colcon_core.shell:Creating prefix chain script '/home/koara/ros2_ws/install/setup.bash'
[5.528s] INFO:colcon.colcon_core.shell:Creating prefix script '/home/koara/ros2_ws/install/local_setup.zsh'
[5.529s] INFO:colcon.colcon_core.shell:Creating prefix chain script '/home/koara/ros2_ws/install/setup.zsh'
