[1.120s] Invoking command in '/home/koara/ros2_ws/src/mypkg': PYTHONPATH=/home/koara/ros2_ws/src/build/mypkg/prefix_override:/usr/lib/python3/dist-packages/colcon_core/task/python/colcon_distutils_commands:/home/koara/ros2_ws/src/install/mypkg/lib/python3.8/site-packages:${PYTHONPATH} /usr/bin/python3 -W ignore:setup.py install is deprecated setup.py egg_info --egg-base ../build/mypkg build --build-base /home/koara/ros2_ws/src/build/mypkg/build install --record /home/koara/ros2_ws/src/build/mypkg/install.log --install-scripts $base/lib/mypkg --single-version-externally-managed install_data
[1.295s] running egg_info
[1.295s] writing ../build/mypkg/mypkg.egg-info/PKG-INFO
[1.296s] writing dependency_links to ../build/mypkg/mypkg.egg-info/dependency_links.txt
[1.297s] writing entry points to ../build/mypkg/mypkg.egg-info/entry_points.txt
[1.297s] writing requirements to ../build/mypkg/mypkg.egg-info/requires.txt
[1.297s] writing top-level names to ../build/mypkg/mypkg.egg-info/top_level.txt
[1.330s] reading manifest file '../build/mypkg/mypkg.egg-info/SOURCES.txt'
[1.331s] writing manifest file '../build/mypkg/mypkg.egg-info/SOURCES.txt'
[1.331s] running build
[1.331s] running build_py
[1.332s] running install
[1.332s] running install_lib
[1.334s] running install_data
[1.334s] copying launch/talk_listen.launch.py -> /home/koara/ros2_ws/src/install/mypkg/share/mypkg
[1.335s] running install_egg_info
[1.337s] removing '/home/koara/ros2_ws/src/install/mypkg/lib/python3.8/site-packages/mypkg-0.0.0-py3.8.egg-info' (and everything under it)
[1.338s] Copying ../build/mypkg/mypkg.egg-info to /home/koara/ros2_ws/src/install/mypkg/lib/python3.8/site-packages/mypkg-0.0.0-py3.8.egg-info
[1.340s] running install_scripts
[1.356s] Installing listener script to /home/koara/ros2_ws/src/install/mypkg/lib/mypkg
[1.356s] Installing talker script to /home/koara/ros2_ws/src/install/mypkg/lib/mypkg
[1.356s] writing list of installed files to '/home/koara/ros2_ws/src/build/mypkg/install.log'
[1.384s] Invoked command in '/home/koara/ros2_ws/src/mypkg' returned '0': PYTHONPATH=/home/koara/ros2_ws/src/build/mypkg/prefix_override:/usr/lib/python3/dist-packages/colcon_core/task/python/colcon_distutils_commands:/home/koara/ros2_ws/src/install/mypkg/lib/python3.8/site-packages:${PYTHONPATH} /usr/bin/python3 -W ignore:setup.py install is deprecated setup.py egg_info --egg-base ../build/mypkg build --build-base /home/koara/ros2_ws/src/build/mypkg/build install --record /home/koara/ros2_ws/src/build/mypkg/install.log --install-scripts $base/lib/mypkg --single-version-externally-managed install_data
