[0.219s] Invoking command in '/home/koara/ros2_ws/build/person_msgs': CMAKE_PREFIX_PATH=${CMAKE_PREFIX_PATH}:/home/koara/ros2_ws/install/mypkg:/opt/ros/foxy /usr/bin/cmake --build /home/koara/ros2_ws/build/person_msgs -- -j12 -l12
[0.375s] -- Found ament_cmake: 0.9.12 (/opt/ros/foxy/share/ament_cmake/cmake)
[0.402s] -- Found PythonInterp: /usr/bin/python3 (found suitable version "3.8.10", minimum required is "3") 
[0.402s] -- Using PYTHON_EXECUTABLE: /usr/bin/python3
[0.583s] -- Found ament_lint_auto: 0.9.8 (/opt/ros/foxy/share/ament_lint_auto/cmake)
[0.585s] -- Found rosidl_default_generators: 1.0.1 (/opt/ros/foxy/share/rosidl_default_generators/cmake)
[0.589s] -- Using all available rosidl_typesupport_c: rosidl_typesupport_fastrtps_c;rosidl_typesupport_introspection_c
[0.596s] -- Found rosidl_adapter: 1.3.1 (/opt/ros/foxy/share/rosidl_adapter/cmake)
[3.025s] -- Using all available rosidl_typesupport_cpp: rosidl_typesupport_fastrtps_cpp;rosidl_typesupport_introspection_cpp
[3.082s] -- Found PythonInterp: /usr/bin/python3 (found version "3.8.10") 
[3.209s] -- Found ament_cmake_ros: 0.9.2 (/opt/ros/foxy/share/ament_cmake_ros/cmake)
[5.520s] -- Using all available rosidl_typesupport_c: rosidl_typesupport_fastrtps_c;rosidl_typesupport_introspection_c
[5.531s] -- Using all available rosidl_typesupport_cpp: rosidl_typesupport_fastrtps_cpp;rosidl_typesupport_introspection_cpp
[5.557s] -- Found PythonInterp: /usr/bin/python3 (found suitable version "3.8.10", minimum required is "3.5") 
[5.558s] -- Found python_cmake_module: 0.8.1 (/opt/ros/foxy/share/python_cmake_module/cmake)
[5.586s] -- Using PYTHON_EXECUTABLE: /usr/bin/python3
[5.586s] -- Using PYTHON_INCLUDE_DIRS: /usr/include/python3.8
[5.586s] -- Using PYTHON_LIBRARIES: /usr/lib/x86_64-linux-gnu/libpython3.8.so
[5.627s] -- Added test 'copyright' to check source files copyright and LICENSE
[5.641s] -- Added test 'cppcheck' to perform static code analysis on C / C++ code
[5.642s] -- Configured cppcheck include dirs: 
[5.642s] -- Configured cppcheck exclude dirs and/or files: 
[5.650s] -- Added test 'cpplint' to check C / C++ code against the Google style
[5.650s] -- Configured cpplint exclude dirs and/or files: 
[5.652s] -- Added test 'flake8' to check Python code syntax and style conventions
[5.655s] -- Added test 'lint_cmake' to check CMake code style
[5.657s] -- Added test 'pep257' to check Python code against some of the style conventions in PEP 257
[5.663s] -- Added test 'uncrustify' to check C / C++ code style
[5.663s] -- Configured uncrustify additional arguments: 
[5.666s] -- Added test 'xmllint' to check XML markup files
[5.684s] -- Configuring done
[5.764s] -- Generating done
[5.770s] -- Build files have been written to: /home/koara/ros2_ws/build/person_msgs
[5.812s] [35m[1mScanning dependencies of target person_msgs__cpp[0m
[5.812s] [  2%] [34m[1mGenerating C code for ROS interfaces[0m
[5.825s] [  5%] [34m[1mGenerating C++ code for ROS interfaces[0m
[6.132s] [35m[1mScanning dependencies of target person_msgs__rosidl_generator_c[0m
[6.152s] [  7%] [32mBuilding C object CMakeFiles/person_msgs__rosidl_generator_c.dir/rosidl_generator_c/person_msgs/msg/detail/person__functions.c.o[0m
[6.153s] [ 10%] [32mBuilding C object CMakeFiles/person_msgs__rosidl_generator_c.dir/rosidl_generator_c/person_msgs/srv/detail/query__functions.c.o[0m
[6.154s] [ 10%] Built target person_msgs__cpp
[6.171s] [ 17%] [34m[1mGenerating C++ type support dispatch for ROS interfaces[0m
[6.171s] [ 17%] [34m[1mGenerating C++ type support for eProsima Fast-RTPS[0m
[6.171s] [ 17%] [34m[1mGenerating C++ introspection for ROS interfaces[0m
[6.490s] [35m[1mScanning dependencies of target person_msgs__rosidl_typesupport_cpp[0m
[6.516s] [ 20%] [32mBuilding CXX object CMakeFiles/person_msgs__rosidl_typesupport_cpp.dir/rosidl_typesupport_cpp/person_msgs/msg/person__type_support.cpp.o[0m
[6.520s] [ 23%] [32m[1mLinking C shared library libperson_msgs__rosidl_generator_c.so[0m
[6.520s] [ 25%] [32mBuilding CXX object CMakeFiles/person_msgs__rosidl_typesupport_cpp.dir/rosidl_typesupport_cpp/person_msgs/srv/query__type_support.cpp.o[0m
[6.521s] [35m[1mScanning dependencies of target person_msgs__rosidl_typesupport_introspection_cpp[0m
[6.551s] [35m[1mScanning dependencies of target person_msgs__rosidl_typesupport_fastrtps_cpp[0m
[6.551s] [ 28%] [32mBuilding CXX object CMakeFiles/person_msgs__rosidl_typesupport_introspection_cpp.dir/rosidl_typesupport_introspection_cpp/person_msgs/msg/detail/person__type_support.cpp.o[0m
[6.554s] [ 30%] [32mBuilding CXX object CMakeFiles/person_msgs__rosidl_typesupport_introspection_cpp.dir/rosidl_typesupport_introspection_cpp/person_msgs/srv/detail/query__type_support.cpp.o[0m
[6.610s] [ 33%] [32mBuilding CXX object CMakeFiles/person_msgs__rosidl_typesupport_fastrtps_cpp.dir/rosidl_typesupport_fastrtps_cpp/person_msgs/msg/detail/dds_fastrtps/person__type_support.cpp.o[0m
[6.611s] [ 35%] [32mBuilding CXX object CMakeFiles/person_msgs__rosidl_typesupport_fastrtps_cpp.dir/rosidl_typesupport_fastrtps_cpp/person_msgs/srv/detail/dds_fastrtps/query__type_support.cpp.o[0m
[6.665s] [ 35%] Built target person_msgs__rosidl_generator_c
[6.680s] [ 38%] [34m[1mGenerating C type support dispatch for ROS interfaces[0m
[6.683s] [ 41%] [34m[1mGenerating C introspection for ROS interfaces[0m
[7.015s] [35m[1mScanning dependencies of target person_msgs__rosidl_typesupport_c[0m
[7.040s] [ 46%] [32mBuilding CXX object CMakeFiles/person_msgs__rosidl_typesupport_c.dir/rosidl_typesupport_c/person_msgs/srv/query__type_support.cpp.o[0m
[7.041s] [ 46%] [32mBuilding CXX object CMakeFiles/person_msgs__rosidl_typesupport_c.dir/rosidl_typesupport_c/person_msgs/msg/person__type_support.cpp.o[0m
[7.075s] [35m[1mScanning dependencies of target person_msgs__rosidl_typesupport_introspection_c[0m
[7.107s] [ 48%] [32mBuilding C object CMakeFiles/person_msgs__rosidl_typesupport_introspection_c.dir/rosidl_typesupport_introspection_c/person_msgs/msg/detail/person__type_support.c.o[0m
[7.115s] [ 51%] [32mBuilding C object CMakeFiles/person_msgs__rosidl_typesupport_introspection_c.dir/rosidl_typesupport_introspection_c/person_msgs/srv/detail/query__type_support.c.o[0m
[7.146s] [ 53%] [32m[1mLinking CXX shared library libperson_msgs__rosidl_typesupport_c.so[0m
[7.181s] [ 56%] [32m[1mLinking C shared library libperson_msgs__rosidl_typesupport_introspection_c.so[0m
[7.234s] [ 58%] [32m[1mLinking CXX shared library libperson_msgs__rosidl_typesupport_cpp.so[0m
[7.240s] [ 61%] [32m[1mLinking CXX shared library libperson_msgs__rosidl_typesupport_introspection_cpp.so[0m
[7.272s] [ 61%] Built target person_msgs__rosidl_typesupport_c
[7.284s] [ 61%] Built target person_msgs__rosidl_typesupport_introspection_c
[7.330s] [ 61%] Built target person_msgs__rosidl_typesupport_cpp
[7.360s] [ 61%] Built target person_msgs__rosidl_typesupport_introspection_cpp
[7.424s] [ 64%] [32m[1mLinking CXX shared library libperson_msgs__rosidl_typesupport_fastrtps_cpp.so[0m
[7.635s] [ 64%] Built target person_msgs__rosidl_typesupport_fastrtps_cpp
[7.648s] [ 66%] [34m[1mGenerating C type support for eProsima Fast-RTPS[0m
[7.921s] [35m[1mScanning dependencies of target person_msgs__rosidl_typesupport_fastrtps_c[0m
[7.944s] [ 71%] [32mBuilding CXX object CMakeFiles/person_msgs__rosidl_typesupport_fastrtps_c.dir/rosidl_typesupport_fastrtps_c/person_msgs/srv/detail/query__type_support_c.cpp.o[0m
[7.944s] [ 71%] [32mBuilding CXX object CMakeFiles/person_msgs__rosidl_typesupport_fastrtps_c.dir/rosidl_typesupport_fastrtps_c/person_msgs/msg/detail/person__type_support_c.cpp.o[0m
[8.334s] [ 74%] [32m[1mLinking CXX shared library libperson_msgs__rosidl_typesupport_fastrtps_c.so[0m
[8.454s] [ 74%] Built target person_msgs__rosidl_typesupport_fastrtps_c
[8.479s] [ 74%] Built target person_msgs
[8.490s] [35m[1mScanning dependencies of target person_msgs__py[0m
[8.503s] [ 76%] [34m[1mGenerating Python code for ROS interfaces[0m
[9.170s] [ 76%] Built target person_msgs__py
[9.183s] [35m[1mScanning dependencies of target person_msgs__python[0m
[9.205s] [ 82%] [32mBuilding C object CMakeFiles/person_msgs__python.dir/rosidl_generator_py/person_msgs/srv/_query_s.c.o[0m
[9.206s] [ 82%] [32mBuilding C object CMakeFiles/person_msgs__python.dir/rosidl_generator_py/person_msgs/msg/_person_s.c.o[0m
[9.363s] [ 84%] [32m[1mLinking C shared library rosidl_generator_py/person_msgs/libperson_msgs__python.so[0m
[9.451s] [ 84%] Built target person_msgs__python
[9.465s] [35m[1mScanning dependencies of target person_msgs__rosidl_typesupport_introspection_c__pyext[0m
[9.466s] [35m[1mScanning dependencies of target person_msgs__rosidl_typesupport_c__pyext[0m
[9.466s] [35m[1mScanning dependencies of target person_msgs__rosidl_typesupport_fastrtps_c__pyext[0m
[9.484s] [ 87%] [32mBuilding C object CMakeFiles/person_msgs__rosidl_typesupport_introspection_c__pyext.dir/rosidl_generator_py/person_msgs/_person_msgs_s.ep.rosidl_typesupport_introspection_c.c.o[0m
[9.484s] [ 89%] [32mBuilding C object CMakeFiles/person_msgs__rosidl_typesupport_c__pyext.dir/rosidl_generator_py/person_msgs/_person_msgs_s.ep.rosidl_typesupport_c.c.o[0m
[9.485s] [ 92%] [32mBuilding C object CMakeFiles/person_msgs__rosidl_typesupport_fastrtps_c__pyext.dir/rosidl_generator_py/person_msgs/_person_msgs_s.ep.rosidl_typesupport_fastrtps_c.c.o[0m
[9.576s] [ 94%] [32m[1mLinking C shared library rosidl_generator_py/person_msgs/person_msgs_s__rosidl_typesupport_c.cpython-38-x86_64-linux-gnu.so[0m
[9.576s] [ 97%] [32m[1mLinking C shared library rosidl_generator_py/person_msgs/person_msgs_s__rosidl_typesupport_introspection_c.cpython-38-x86_64-linux-gnu.so[0m
[9.593s] [100%] [32m[1mLinking CXX shared library rosidl_generator_py/person_msgs/person_msgs_s__rosidl_typesupport_fastrtps_c.cpython-38-x86_64-linux-gnu.so[0m
[9.639s] [100%] Built target person_msgs__rosidl_typesupport_introspection_c__pyext
[9.644s] [100%] Built target person_msgs__rosidl_typesupport_c__pyext
[9.700s] [100%] Built target person_msgs__rosidl_typesupport_fastrtps_c__pyext
[9.716s] Invoked command in '/home/koara/ros2_ws/build/person_msgs' returned '0': CMAKE_PREFIX_PATH=${CMAKE_PREFIX_PATH}:/home/koara/ros2_ws/install/mypkg:/opt/ros/foxy /usr/bin/cmake --build /home/koara/ros2_ws/build/person_msgs -- -j12 -l12
[9.818s] Invoking command in '/home/koara/ros2_ws/build/person_msgs': CMAKE_PREFIX_PATH=${CMAKE_PREFIX_PATH}:/home/koara/ros2_ws/install/mypkg:/opt/ros/foxy /usr/bin/cmake --install /home/koara/ros2_ws/build/person_msgs
[9.826s] -- Install configuration: ""
[9.826s] -- Installing: /home/koara/ros2_ws/install/person_msgs/share/ament_index/resource_index/rosidl_interfaces/person_msgs
[9.827s] -- Up-to-date: /home/koara/ros2_ws/install/person_msgs/include/person_msgs
[9.827s] -- Installing: /home/koara/ros2_ws/install/person_msgs/include/person_msgs/srv
[9.828s] -- Installing: /home/koara/ros2_ws/install/person_msgs/include/person_msgs/srv/detail
[9.828s] -- Installing: /home/koara/ros2_ws/install/person_msgs/include/person_msgs/srv/detail/query__type_support.h
[9.828s] -- Installing: /home/koara/ros2_ws/install/person_msgs/include/person_msgs/srv/detail/query__struct.h
[9.829s] -- Installing: /home/koara/ros2_ws/install/person_msgs/include/person_msgs/srv/detail/query__functions.h
[9.829s] -- Installing: /home/koara/ros2_ws/install/person_msgs/include/person_msgs/srv/detail/query__functions.c
[9.829s] -- Installing: /home/koara/ros2_ws/install/person_msgs/include/person_msgs/srv/query.h
[9.829s] -- Up-to-date: /home/koara/ros2_ws/install/person_msgs/include/person_msgs/msg
[9.829s] -- Up-to-date: /home/koara/ros2_ws/install/person_msgs/include/person_msgs/msg/rosidl_generator_c__visibility_control.h
[9.830s] -- Installing: /home/koara/ros2_ws/install/person_msgs/include/person_msgs/msg/person.h
[9.830s] -- Up-to-date: /home/koara/ros2_ws/install/person_msgs/include/person_msgs/msg/detail
[9.830s] -- Installing: /home/koara/ros2_ws/install/person_msgs/include/person_msgs/msg/detail/person__functions.c
[9.830s] -- Installing: /home/koara/ros2_ws/install/person_msgs/include/person_msgs/msg/detail/person__functions.h
[9.830s] -- Installing: /home/koara/ros2_ws/install/person_msgs/include/person_msgs/msg/detail/person__type_support.h
[9.830s] -- Installing: /home/koara/ros2_ws/install/person_msgs/include/person_msgs/msg/detail/person__struct.h
[9.831s] -- Up-to-date: /home/koara/ros2_ws/install/person_msgs/share/person_msgs/environment/library_path.sh
[9.831s] -- Installing: /home/koara/ros2_ws/install/person_msgs/share/person_msgs/environment/library_path.dsv
[9.833s] -- Installing: /home/koara/ros2_ws/install/person_msgs/lib/libperson_msgs__rosidl_generator_c.so
[9.833s] -- Set runtime path of "/home/koara/ros2_ws/install/person_msgs/lib/libperson_msgs__rosidl_generator_c.so" to ""
[9.834s] -- Up-to-date: /home/koara/ros2_ws/install/person_msgs/include/person_msgs
[9.834s] -- Up-to-date: /home/koara/ros2_ws/install/person_msgs/include/person_msgs/srv
[9.834s] -- Up-to-date: /home/koara/ros2_ws/install/person_msgs/include/person_msgs/srv/detail
[9.834s] -- Installing: /home/koara/ros2_ws/install/person_msgs/include/person_msgs/srv/detail/query__rosidl_typesupport_fastrtps_c.h
[9.834s] -- Up-to-date: /home/koara/ros2_ws/install/person_msgs/include/person_msgs/msg
[9.834s] -- Up-to-date: /home/koara/ros2_ws/install/person_msgs/include/person_msgs/msg/detail
[9.834s] -- Installing: /home/koara/ros2_ws/install/person_msgs/include/person_msgs/msg/detail/person__rosidl_typesupport_fastrtps_c.h
[9.835s] -- Up-to-date: /home/koara/ros2_ws/install/person_msgs/include/person_msgs/msg/rosidl_typesupport_fastrtps_c__visibility_control.h
[9.835s] -- Installing: /home/koara/ros2_ws/install/person_msgs/lib/libperson_msgs__rosidl_typesupport_fastrtps_c.so
[9.836s] -- Set runtime path of "/home/koara/ros2_ws/install/person_msgs/lib/libperson_msgs__rosidl_typesupport_fastrtps_c.so" to ""
[9.836s] -- Up-to-date: /home/koara/ros2_ws/install/person_msgs/include/person_msgs
[9.836s] -- Up-to-date: /home/koara/ros2_ws/install/person_msgs/include/person_msgs/srv
[9.836s] -- Up-to-date: /home/koara/ros2_ws/install/person_msgs/include/person_msgs/srv/detail
[9.836s] -- Installing: /home/koara/ros2_ws/install/person_msgs/include/person_msgs/srv/detail/dds_fastrtps
[9.837s] -- Installing: /home/koara/ros2_ws/install/person_msgs/include/person_msgs/srv/detail/query__rosidl_typesupport_fastrtps_cpp.hpp
[9.837s] -- Up-to-date: /home/koara/ros2_ws/install/person_msgs/include/person_msgs/msg
[9.837s] -- Up-to-date: /home/koara/ros2_ws/install/person_msgs/include/person_msgs/msg/rosidl_typesupport_fastrtps_cpp__visibility_control.h
[9.838s] -- Up-to-date: /home/koara/ros2_ws/install/person_msgs/include/person_msgs/msg/detail
[9.838s] -- Up-to-date: /home/koara/ros2_ws/install/person_msgs/include/person_msgs/msg/detail/dds_fastrtps
[9.838s] -- Installing: /home/koara/ros2_ws/install/person_msgs/include/person_msgs/msg/detail/person__rosidl_typesupport_fastrtps_cpp.hpp
[9.839s] -- Installing: /home/koara/ros2_ws/install/person_msgs/lib/libperson_msgs__rosidl_typesupport_fastrtps_cpp.so
[9.839s] -- Set runtime path of "/home/koara/ros2_ws/install/person_msgs/lib/libperson_msgs__rosidl_typesupport_fastrtps_cpp.so" to ""
[9.840s] -- Up-to-date: /home/koara/ros2_ws/install/person_msgs/include/person_msgs
[9.840s] -- Up-to-date: /home/koara/ros2_ws/install/person_msgs/include/person_msgs/srv
[9.840s] -- Up-to-date: /home/koara/ros2_ws/install/person_msgs/include/person_msgs/srv/detail
[9.840s] -- Installing: /home/koara/ros2_ws/install/person_msgs/include/person_msgs/srv/detail/query__type_support.c
[9.840s] -- Installing: /home/koara/ros2_ws/install/person_msgs/include/person_msgs/srv/detail/query__rosidl_typesupport_introspection_c.h
[9.840s] -- Up-to-date: /home/koara/ros2_ws/install/person_msgs/include/person_msgs/msg
[9.841s] -- Up-to-date: /home/koara/ros2_ws/install/person_msgs/include/person_msgs/msg/detail
[9.841s] -- Installing: /home/koara/ros2_ws/install/person_msgs/include/person_msgs/msg/detail/person__rosidl_typesupport_introspection_c.h
[9.841s] -- Installing: /home/koara/ros2_ws/install/person_msgs/include/person_msgs/msg/detail/person__type_support.c
[9.841s] -- Up-to-date: /home/koara/ros2_ws/install/person_msgs/include/person_msgs/msg/rosidl_typesupport_introspection_c__visibility_control.h
[9.842s] -- Installing: /home/koara/ros2_ws/install/person_msgs/lib/libperson_msgs__rosidl_typesupport_introspection_c.so
[9.843s] -- Set runtime path of "/home/koara/ros2_ws/install/person_msgs/lib/libperson_msgs__rosidl_typesupport_introspection_c.so" to ""
[9.843s] -- Installing: /home/koara/ros2_ws/install/person_msgs/lib/libperson_msgs__rosidl_typesupport_c.so
[9.844s] -- Set runtime path of "/home/koara/ros2_ws/install/person_msgs/lib/libperson_msgs__rosidl_typesupport_c.so" to ""
[9.844s] -- Up-to-date: /home/koara/ros2_ws/install/person_msgs/include/person_msgs
[9.844s] -- Up-to-date: /home/koara/ros2_ws/install/person_msgs/include/person_msgs/srv
[9.844s] -- Up-to-date: /home/koara/ros2_ws/install/person_msgs/include/person_msgs/srv/detail
[9.844s] -- Installing: /home/koara/ros2_ws/install/person_msgs/include/person_msgs/srv/detail/query__traits.hpp
[9.845s] -- Installing: /home/koara/ros2_ws/install/person_msgs/include/person_msgs/srv/detail/query__struct.hpp
[9.845s] -- Installing: /home/koara/ros2_ws/install/person_msgs/include/person_msgs/srv/detail/query__type_support.hpp
[9.845s] -- Installing: /home/koara/ros2_ws/install/person_msgs/include/person_msgs/srv/detail/query__builder.hpp
[9.845s] -- Installing: /home/koara/ros2_ws/install/person_msgs/include/person_msgs/srv/query.hpp
[9.845s] -- Up-to-date: /home/koara/ros2_ws/install/person_msgs/include/person_msgs/msg
[9.845s] -- Up-to-date: /home/koara/ros2_ws/install/person_msgs/include/person_msgs/msg/detail
[9.846s] -- Installing: /home/koara/ros2_ws/install/person_msgs/include/person_msgs/msg/detail/person__struct.hpp
[9.846s] -- Installing: /home/koara/ros2_ws/install/person_msgs/include/person_msgs/msg/detail/person__type_support.hpp
[9.846s] -- Installing: /home/koara/ros2_ws/install/person_msgs/include/person_msgs/msg/detail/person__builder.hpp
[9.846s] -- Installing: /home/koara/ros2_ws/install/person_msgs/include/person_msgs/msg/detail/person__traits.hpp
[9.846s] -- Up-to-date: /home/koara/ros2_ws/install/person_msgs/include/person_msgs/msg/rosidl_generator_cpp__visibility_control.hpp
[9.847s] -- Installing: /home/koara/ros2_ws/install/person_msgs/include/person_msgs/msg/person.hpp
[9.847s] -- Up-to-date: /home/koara/ros2_ws/install/person_msgs/include/person_msgs
[9.847s] -- Up-to-date: /home/koara/ros2_ws/install/person_msgs/include/person_msgs/srv
[9.847s] -- Up-to-date: /home/koara/ros2_ws/install/person_msgs/include/person_msgs/srv/detail
[9.847s] -- Installing: /home/koara/ros2_ws/install/person_msgs/include/person_msgs/srv/detail/query__rosidl_typesupport_introspection_cpp.hpp
[9.847s] -- Installing: /home/koara/ros2_ws/install/person_msgs/include/person_msgs/srv/detail/query__type_support.cpp
[9.847s] -- Up-to-date: /home/koara/ros2_ws/install/person_msgs/include/person_msgs/msg
[9.848s] -- Up-to-date: /home/koara/ros2_ws/install/person_msgs/include/person_msgs/msg/detail
[9.848s] -- Installing: /home/koara/ros2_ws/install/person_msgs/include/person_msgs/msg/detail/person__rosidl_typesupport_introspection_cpp.hpp
[9.848s] -- Installing: /home/koara/ros2_ws/install/person_msgs/include/person_msgs/msg/detail/person__type_support.cpp
[9.849s] -- Installing: /home/koara/ros2_ws/install/person_msgs/lib/libperson_msgs__rosidl_typesupport_introspection_cpp.so
[9.849s] -- Set runtime path of "/home/koara/ros2_ws/install/person_msgs/lib/libperson_msgs__rosidl_typesupport_introspection_cpp.so" to ""
[9.850s] -- Installing: /home/koara/ros2_ws/install/person_msgs/lib/libperson_msgs__rosidl_typesupport_cpp.so
[9.850s] -- Set runtime path of "/home/koara/ros2_ws/install/person_msgs/lib/libperson_msgs__rosidl_typesupport_cpp.so" to ""
[9.850s] -- Up-to-date: /home/koara/ros2_ws/install/person_msgs/share/person_msgs/environment/pythonpath.sh
[9.850s] -- Installing: /home/koara/ros2_ws/install/person_msgs/share/person_msgs/environment/pythonpath.dsv
[9.850s] -- Installing: /home/koara/ros2_ws/install/person_msgs/lib/python3.8/site-packages/person_msgs/__init__.py
[9.879s] Compiling '/home/koara/ros2_ws/install/person_msgs/lib/python3.8/site-packages/person_msgs/__init__.py'...
[9.883s] -- Up-to-date: /home/koara/ros2_ws/install/person_msgs/lib/python3.8/site-packages/person_msgs/msg
[9.883s] -- Installing: /home/koara/ros2_ws/install/person_msgs/lib/python3.8/site-packages/person_msgs/msg/__init__.py
[9.884s] -- Installing: /home/koara/ros2_ws/install/person_msgs/lib/python3.8/site-packages/person_msgs/msg/_person_s.c
[9.884s] -- Installing: /home/koara/ros2_ws/install/person_msgs/lib/python3.8/site-packages/person_msgs/msg/_person.py
[9.884s] -- Installing: /home/koara/ros2_ws/install/person_msgs/lib/python3.8/site-packages/person_msgs/srv
[9.885s] -- Installing: /home/koara/ros2_ws/install/person_msgs/lib/python3.8/site-packages/person_msgs/srv/_query.py
[9.885s] -- Installing: /home/koara/ros2_ws/install/person_msgs/lib/python3.8/site-packages/person_msgs/srv/_query_s.c
[9.886s] -- Installing: /home/koara/ros2_ws/install/person_msgs/lib/python3.8/site-packages/person_msgs/srv/__init__.py
[9.887s] -- Installing: /home/koara/ros2_ws/install/person_msgs/lib/python3.8/site-packages/person_msgs/person_msgs_s__rosidl_typesupport_fastrtps_c.cpython-38-x86_64-linux-gnu.so
[9.888s] -- Set runtime path of "/home/koara/ros2_ws/install/person_msgs/lib/python3.8/site-packages/person_msgs/person_msgs_s__rosidl_typesupport_fastrtps_c.cpython-38-x86_64-linux-gnu.so" to ""
[9.889s] -- Installing: /home/koara/ros2_ws/install/person_msgs/lib/python3.8/site-packages/person_msgs/person_msgs_s__rosidl_typesupport_introspection_c.cpython-38-x86_64-linux-gnu.so
[9.890s] -- Set runtime path of "/home/koara/ros2_ws/install/person_msgs/lib/python3.8/site-packages/person_msgs/person_msgs_s__rosidl_typesupport_introspection_c.cpython-38-x86_64-linux-gnu.so" to ""
[9.891s] -- Installing: /home/koara/ros2_ws/install/person_msgs/lib/python3.8/site-packages/person_msgs/person_msgs_s__rosidl_typesupport_c.cpython-38-x86_64-linux-gnu.so
[9.892s] -- Set runtime path of "/home/koara/ros2_ws/install/person_msgs/lib/python3.8/site-packages/person_msgs/person_msgs_s__rosidl_typesupport_c.cpython-38-x86_64-linux-gnu.so" to ""
[9.893s] -- Installing: /home/koara/ros2_ws/install/person_msgs/lib/libperson_msgs__python.so
[9.894s] -- Set runtime path of "/home/koara/ros2_ws/install/person_msgs/lib/libperson_msgs__python.so" to ""
[9.894s] -- Up-to-date: /home/koara/ros2_ws/install/person_msgs/share/person_msgs/msg/Person.idl
[9.894s] -- Installing: /home/koara/ros2_ws/install/person_msgs/share/person_msgs/srv/Query.idl
[9.895s] -- Up-to-date: /home/koara/ros2_ws/install/person_msgs/share/person_msgs/msg/Person.msg
[9.895s] -- Installing: /home/koara/ros2_ws/install/person_msgs/share/person_msgs/srv/Query.srv
[9.895s] -- Installing: /home/koara/ros2_ws/install/person_msgs/share/person_msgs/srv/Query_Request.msg
[9.895s] -- Installing: /home/koara/ros2_ws/install/person_msgs/share/person_msgs/srv/Query_Response.msg
[9.895s] -- Up-to-date: /home/koara/ros2_ws/install/person_msgs/share/ament_index/resource_index/package_run_dependencies/person_msgs
[9.896s] -- Installing: /home/koara/ros2_ws/install/person_msgs/share/ament_index/resource_index/parent_prefix_path/person_msgs
[9.897s] -- Up-to-date: /home/koara/ros2_ws/install/person_msgs/share/person_msgs/environment/ament_prefix_path.sh
[9.897s] -- Installing: /home/koara/ros2_ws/install/person_msgs/share/person_msgs/environment/ament_prefix_path.dsv
[9.897s] -- Up-to-date: /home/koara/ros2_ws/install/person_msgs/share/person_msgs/environment/path.sh
[9.897s] -- Installing: /home/koara/ros2_ws/install/person_msgs/share/person_msgs/environment/path.dsv
[9.898s] -- Up-to-date: /home/koara/ros2_ws/install/person_msgs/share/person_msgs/local_setup.bash
[9.898s] -- Up-to-date: /home/koara/ros2_ws/install/person_msgs/share/person_msgs/local_setup.sh
[9.898s] -- Up-to-date: /home/koara/ros2_ws/install/person_msgs/share/person_msgs/local_setup.zsh
[9.899s] -- Installing: /home/koara/ros2_ws/install/person_msgs/share/person_msgs/local_setup.dsv
[9.899s] -- Installing: /home/koara/ros2_ws/install/person_msgs/share/person_msgs/package.dsv
[9.899s] -- Up-to-date: /home/koara/ros2_ws/install/person_msgs/share/ament_index/resource_index/packages/person_msgs
[9.900s] -- Up-to-date: /home/koara/ros2_ws/install/person_msgs/share/person_msgs/cmake/person_msgs__rosidl_generator_cExport.cmake
[9.900s] -- Installing: /home/koara/ros2_ws/install/person_msgs/share/person_msgs/cmake/person_msgs__rosidl_generator_cExport-noconfig.cmake
[9.901s] -- Up-to-date: /home/koara/ros2_ws/install/person_msgs/share/person_msgs/cmake/person_msgs__rosidl_typesupport_introspection_cExport.cmake
[9.901s] -- Installing: /home/koara/ros2_ws/install/person_msgs/share/person_msgs/cmake/person_msgs__rosidl_typesupport_introspection_cExport-noconfig.cmake
[9.902s] -- Up-to-date: /home/koara/ros2_ws/install/person_msgs/share/person_msgs/cmake/person_msgs__rosidl_typesupport_cExport.cmake
[9.902s] -- Installing: /home/koara/ros2_ws/install/person_msgs/share/person_msgs/cmake/person_msgs__rosidl_typesupport_cExport-noconfig.cmake
[9.903s] -- Up-to-date: /home/koara/ros2_ws/install/person_msgs/share/person_msgs/cmake/person_msgs__rosidl_generator_cppExport.cmake
[9.903s] -- Up-to-date: /home/koara/ros2_ws/install/person_msgs/share/person_msgs/cmake/person_msgs__rosidl_typesupport_introspection_cppExport.cmake
[9.904s] -- Installing: /home/koara/ros2_ws/install/person_msgs/share/person_msgs/cmake/person_msgs__rosidl_typesupport_introspection_cppExport-noconfig.cmake
[9.904s] -- Up-to-date: /home/koara/ros2_ws/install/person_msgs/share/person_msgs/cmake/person_msgs__rosidl_typesupport_cppExport.cmake
[9.904s] -- Installing: /home/koara/ros2_ws/install/person_msgs/share/person_msgs/cmake/person_msgs__rosidl_typesupport_cppExport-noconfig.cmake
[9.904s] -- Installing: /home/koara/ros2_ws/install/person_msgs/share/person_msgs/cmake/rosidl_cmake-extras.cmake
[9.904s] -- Up-to-date: /home/koara/ros2_ws/install/person_msgs/share/person_msgs/cmake/ament_cmake_export_dependencies-extras.cmake
[9.905s] -- Up-to-date: /home/koara/ros2_ws/install/person_msgs/share/person_msgs/cmake/ament_cmake_export_libraries-extras.cmake
[9.905s] -- Up-to-date: /home/koara/ros2_ws/install/person_msgs/share/person_msgs/cmake/ament_cmake_export_targets-extras.cmake
[9.905s] -- Up-to-date: /home/koara/ros2_ws/install/person_msgs/share/person_msgs/cmake/ament_cmake_export_include_directories-extras.cmake
[9.905s] -- Up-to-date: /home/koara/ros2_ws/install/person_msgs/share/person_msgs/cmake/rosidl_cmake_export_typesupport_libraries-extras.cmake
[9.905s] -- Up-to-date: /home/koara/ros2_ws/install/person_msgs/share/person_msgs/cmake/rosidl_cmake_export_typesupport_targets-extras.cmake
[9.905s] -- Up-to-date: /home/koara/ros2_ws/install/person_msgs/share/person_msgs/cmake/person_msgsConfig.cmake
[9.905s] -- Up-to-date: /home/koara/ros2_ws/install/person_msgs/share/person_msgs/cmake/person_msgsConfig-version.cmake
[9.905s] -- Up-to-date: /home/koara/ros2_ws/install/person_msgs/share/person_msgs/package.xml
[9.909s] Invoked command in '/home/koara/ros2_ws/build/person_msgs' returned '0': CMAKE_PREFIX_PATH=${CMAKE_PREFIX_PATH}:/home/koara/ros2_ws/install/mypkg:/opt/ros/foxy /usr/bin/cmake --install /home/koara/ros2_ws/build/person_msgs
