[0.985s] Invoking command in '/home/koara/ros2_ws/src/mypkg': PYTHONPATH=/home/koara/ros2_ws/build/mypkg/prefix_override:/usr/lib/python3/dist-packages/colcon_core/task/python/colcon_distutils_commands:/home/koara/ros2_ws/install/mypkg/lib/python3.8/site-packages:${PYTHONPATH} /usr/bin/python3 -W ignore:setup.py install is deprecated setup.py egg_info --egg-base ../../build/mypkg build --build-base /home/koara/ros2_ws/build/mypkg/build install --record /home/koara/ros2_ws/build/mypkg/install.log --install-scripts $base/lib/mypkg --single-version-externally-managed install_data
[1.195s] running egg_info
[1.196s] writing ../../build/mypkg/mypkg.egg-info/PKG-INFO
[1.201s] writing dependency_links to ../../build/mypkg/mypkg.egg-info/dependency_links.txt
[1.202s] writing entry points to ../../build/mypkg/mypkg.egg-info/entry_points.txt
[1.203s] writing requirements to ../../build/mypkg/mypkg.egg-info/requires.txt
[1.204s] writing top-level names to ../../build/mypkg/mypkg.egg-info/top_level.txt
[1.246s] reading manifest file '../../build/mypkg/mypkg.egg-info/SOURCES.txt'
[1.247s] writing manifest file '../../build/mypkg/mypkg.egg-info/SOURCES.txt'
[1.248s] running build
[1.248s] running build_py
[1.249s] copying mypkg/talker.py -> /home/koara/ros2_ws/build/mypkg/build/lib/mypkg
[1.252s] running install
[1.253s] running install_lib
[1.255s] copying /home/koara/ros2_ws/build/mypkg/build/lib/mypkg/talker.py -> /home/koara/ros2_ws/install/mypkg/lib/python3.8/site-packages/mypkg
[1.256s] byte-compiling /home/koara/ros2_ws/install/mypkg/lib/python3.8/site-packages/mypkg/talker.py to talker.cpython-38.pyc
[1.261s] running install_data
[1.261s] running install_egg_info
[1.264s] removing '/home/koara/ros2_ws/install/mypkg/lib/python3.8/site-packages/mypkg-0.0.0-py3.8.egg-info' (and everything under it)
[1.267s] Copying ../../build/mypkg/mypkg.egg-info to /home/koara/ros2_ws/install/mypkg/lib/python3.8/site-packages/mypkg-0.0.0-py3.8.egg-info
[1.272s] running install_scripts
[1.295s] Installing talker script to /home/koara/ros2_ws/install/mypkg/lib/mypkg
[1.296s] writing list of installed files to '/home/koara/ros2_ws/build/mypkg/install.log'
[1.330s] Invoked command in '/home/koara/ros2_ws/src/mypkg' returned '0': PYTHONPATH=/home/koara/ros2_ws/build/mypkg/prefix_override:/usr/lib/python3/dist-packages/colcon_core/task/python/colcon_distutils_commands:/home/koara/ros2_ws/install/mypkg/lib/python3.8/site-packages:${PYTHONPATH} /usr/bin/python3 -W ignore:setup.py install is deprecated setup.py egg_info --egg-base ../../build/mypkg build --build-base /home/koara/ros2_ws/build/mypkg/build install --record /home/koara/ros2_ws/build/mypkg/install.log --install-scripts $base/lib/mypkg --single-version-externally-managed install_data
