[0.744s] Invoking command in '/home/koara/ros2_ws/src/mypkg': PYTHONPATH=/home/koara/ros2_ws/build/mypkg/prefix_override:/usr/lib/python3/dist-packages/colcon_core/task/python/colcon_distutils_commands:/home/koara/ros2_ws/install/mypkg/lib/python3.8/site-packages:${PYTHONPATH} /usr/bin/python3 -W ignore:setup.py install is deprecated setup.py egg_info --egg-base ../../build/mypkg build --build-base /home/koara/ros2_ws/build/mypkg/build install --record /home/koara/ros2_ws/build/mypkg/install.log --install-scripts $base/lib/mypkg --single-version-externally-managed install_data
[0.937s] running egg_info
[0.938s] writing ../../build/mypkg/mypkg.egg-info/PKG-INFO
[0.939s] writing dependency_links to ../../build/mypkg/mypkg.egg-info/dependency_links.txt
[0.939s] writing entry points to ../../build/mypkg/mypkg.egg-info/entry_points.txt
[0.939s] writing requirements to ../../build/mypkg/mypkg.egg-info/requires.txt
[0.940s] writing top-level names to ../../build/mypkg/mypkg.egg-info/top_level.txt
[0.977s] reading manifest file '../../build/mypkg/mypkg.egg-info/SOURCES.txt'
[0.979s] writing manifest file '../../build/mypkg/mypkg.egg-info/SOURCES.txt'
[0.979s] running build
[0.979s] running build_py
[0.980s] copying mypkg/talker.py -> /home/koara/ros2_ws/build/mypkg/build/lib/mypkg
[0.981s] copying mypkg/listener.py -> /home/koara/ros2_ws/build/mypkg/build/lib/mypkg
[0.982s] running install
[0.983s] running install_lib
[0.984s] copying /home/koara/ros2_ws/build/mypkg/build/lib/mypkg/talker.py -> /home/koara/ros2_ws/install/mypkg/lib/python3.8/site-packages/mypkg
[0.985s] copying /home/koara/ros2_ws/build/mypkg/build/lib/mypkg/listener.py -> /home/koara/ros2_ws/install/mypkg/lib/python3.8/site-packages/mypkg
[0.985s] byte-compiling /home/koara/ros2_ws/install/mypkg/lib/python3.8/site-packages/mypkg/talker.py to talker.cpython-38.pyc
[0.988s] byte-compiling /home/koara/ros2_ws/install/mypkg/lib/python3.8/site-packages/mypkg/listener.py to listener.cpython-38.pyc
[0.988s] running install_data
[0.989s] copying launch/talk_listen.launch.py -> /home/koara/ros2_ws/install/mypkg/share/mypkg
[0.990s] running install_egg_info
[0.992s] removing '/home/koara/ros2_ws/install/mypkg/lib/python3.8/site-packages/mypkg-0.0.0-py3.8.egg-info' (and everything under it)
[0.992s] Copying ../../build/mypkg/mypkg.egg-info to /home/koara/ros2_ws/install/mypkg/lib/python3.8/site-packages/mypkg-0.0.0-py3.8.egg-info
[0.995s] running install_scripts
[1.010s] Installing listener script to /home/koara/ros2_ws/install/mypkg/lib/mypkg
[1.010s] Installing talker script to /home/koara/ros2_ws/install/mypkg/lib/mypkg
[1.010s] writing list of installed files to '/home/koara/ros2_ws/build/mypkg/install.log'
[1.032s] Invoked command in '/home/koara/ros2_ws/src/mypkg' returned '0': PYTHONPATH=/home/koara/ros2_ws/build/mypkg/prefix_override:/usr/lib/python3/dist-packages/colcon_core/task/python/colcon_distutils_commands:/home/koara/ros2_ws/install/mypkg/lib/python3.8/site-packages:${PYTHONPATH} /usr/bin/python3 -W ignore:setup.py install is deprecated setup.py egg_info --egg-base ../../build/mypkg build --build-base /home/koara/ros2_ws/build/mypkg/build install --record /home/koara/ros2_ws/build/mypkg/install.log --install-scripts $base/lib/mypkg --single-version-externally-managed install_data
