[0.547s] Invoking command in '/home/koara/robosys2024-4/ros2_ws/src/mypkg': PYTHONPATH=/home/koara/robosys2024-4/ros2_ws/build/mypkg/prefix_override:/usr/lib/python3/dist-packages/colcon_core/task/python/colcon_distutils_commands:/home/koara/robosys2024-4/ros2_ws/install/mypkg/lib/python3.8/site-packages:${PYTHONPATH} /usr/bin/python3 -W ignore:setup.py install is deprecated setup.py egg_info --egg-base ../../build/mypkg build --build-base /home/koara/robosys2024-4/ros2_ws/build/mypkg/build install --record /home/koara/robosys2024-4/ros2_ws/build/mypkg/install.log --install-scripts $base/lib/mypkg --single-version-externally-managed install_data
[0.722s] running egg_info
[0.722s] writing ../../build/mypkg/mypkg.egg-info/PKG-INFO
[0.722s] writing dependency_links to ../../build/mypkg/mypkg.egg-info/dependency_links.txt
[0.723s] writing entry points to ../../build/mypkg/mypkg.egg-info/entry_points.txt
[0.723s] writing requirements to ../../build/mypkg/mypkg.egg-info/requires.txt
[0.723s] writing top-level names to ../../build/mypkg/mypkg.egg-info/top_level.txt
[0.753s] reading manifest file '../../build/mypkg/mypkg.egg-info/SOURCES.txt'
[0.754s] writing manifest file '../../build/mypkg/mypkg.egg-info/SOURCES.txt'
[0.755s] running build
[0.755s] running build_py
[0.755s] copying mypkg/talker.py -> /home/koara/robosys2024-4/ros2_ws/build/mypkg/build/lib/mypkg
[0.755s] copying mypkg/test.py -> /home/koara/robosys2024-4/ros2_ws/build/mypkg/build/lib/mypkg
[0.755s] running install
[0.756s] running install_lib
[0.757s] copying /home/koara/robosys2024-4/ros2_ws/build/mypkg/build/lib/mypkg/talker.py -> /home/koara/robosys2024-4/ros2_ws/install/mypkg/lib/python3.8/site-packages/mypkg
[0.757s] copying /home/koara/robosys2024-4/ros2_ws/build/mypkg/build/lib/mypkg/test.py -> /home/koara/robosys2024-4/ros2_ws/install/mypkg/lib/python3.8/site-packages/mypkg
[0.757s] byte-compiling /home/koara/robosys2024-4/ros2_ws/install/mypkg/lib/python3.8/site-packages/mypkg/talker.py to talker.cpython-38.pyc
[0.759s] byte-compiling /home/koara/robosys2024-4/ros2_ws/install/mypkg/lib/python3.8/site-packages/mypkg/test.py to test.cpython-38.pyc
[0.759s] running install_data
[0.759s] copying launch/talk_listen.launch.py -> /home/koara/robosys2024-4/ros2_ws/install/mypkg/share/mypkg
[0.759s] running install_egg_info
[0.761s] removing '/home/koara/robosys2024-4/ros2_ws/install/mypkg/lib/python3.8/site-packages/mypkg-0.0.0-py3.8.egg-info' (and everything under it)
[0.761s] Copying ../../build/mypkg/mypkg.egg-info to /home/koara/robosys2024-4/ros2_ws/install/mypkg/lib/python3.8/site-packages/mypkg-0.0.0-py3.8.egg-info
[0.763s] running install_scripts
[0.779s] Installing listener script to /home/koara/robosys2024-4/ros2_ws/install/mypkg/lib/mypkg
[0.779s] Installing talker script to /home/koara/robosys2024-4/ros2_ws/install/mypkg/lib/mypkg
[0.779s] writing list of installed files to '/home/koara/robosys2024-4/ros2_ws/build/mypkg/install.log'
[0.804s] Invoked command in '/home/koara/robosys2024-4/ros2_ws/src/mypkg' returned '0': PYTHONPATH=/home/koara/robosys2024-4/ros2_ws/build/mypkg/prefix_override:/usr/lib/python3/dist-packages/colcon_core/task/python/colcon_distutils_commands:/home/koara/robosys2024-4/ros2_ws/install/mypkg/lib/python3.8/site-packages:${PYTHONPATH} /usr/bin/python3 -W ignore:setup.py install is deprecated setup.py egg_info --egg-base ../../build/mypkg build --build-base /home/koara/robosys2024-4/ros2_ws/build/mypkg/build install --record /home/koara/robosys2024-4/ros2_ws/build/mypkg/install.log --install-scripts $base/lib/mypkg --single-version-externally-managed install_data
