[0.262s] Invoking command in '/home/koara/ros2_ws/build/person_msgs': CMAKE_PREFIX_PATH=${CMAKE_PREFIX_PATH}:/home/koara/ros2_ws/install/mypkg:/opt/ros/foxy /usr/bin/cmake --build /home/koara/ros2_ws/build/person_msgs -- -j12 -l12
[0.444s] -- Found ament_cmake: 0.9.12 (/opt/ros/foxy/share/ament_cmake/cmake)
[0.477s] -- Found PythonInterp: /usr/bin/python3 (found suitable version "3.8.10", minimum required is "3") 
[0.478s] -- Using PYTHON_EXECUTABLE: /usr/bin/python3
[0.714s] -- Found ament_lint_auto: 0.9.8 (/opt/ros/foxy/share/ament_lint_auto/cmake)
[0.716s] -- Found rosidl_default_generators: 1.0.1 (/opt/ros/foxy/share/rosidl_default_generators/cmake)
[0.722s] -- Using all available rosidl_typesupport_c: rosidl_typesupport_fastrtps_c;rosidl_typesupport_introspection_c
[0.730s] -- Found rosidl_adapter: 1.3.1 (/opt/ros/foxy/share/rosidl_adapter/cmake)
[3.713s] -- Using all available rosidl_typesupport_cpp: rosidl_typesupport_fastrtps_cpp;rosidl_typesupport_introspection_cpp
[3.781s] -- Found PythonInterp: /usr/bin/python3 (found version "3.8.10") 
[3.941s] -- Found ament_cmake_ros: 0.9.2 (/opt/ros/foxy/share/ament_cmake_ros/cmake)
[6.763s] -- Using all available rosidl_typesupport_c: rosidl_typesupport_fastrtps_c;rosidl_typesupport_introspection_c
[6.774s] -- Using all available rosidl_typesupport_cpp: rosidl_typesupport_fastrtps_cpp;rosidl_typesupport_introspection_cpp
[6.800s] -- Found PythonInterp: /usr/bin/python3 (found suitable version "3.8.10", minimum required is "3.5") 
[6.801s] -- Found python_cmake_module: 0.8.1 (/opt/ros/foxy/share/python_cmake_module/cmake)
[6.837s] -- Using PYTHON_EXECUTABLE: /usr/bin/python3
[6.837s] -- Using PYTHON_INCLUDE_DIRS: /usr/include/python3.8
[6.837s] -- Using PYTHON_LIBRARIES: /usr/lib/x86_64-linux-gnu/libpython3.8.so
[6.883s] -- Added test 'copyright' to check source files copyright and LICENSE
[6.900s] -- Added test 'cppcheck' to perform static code analysis on C / C++ code
[6.901s] -- Configured cppcheck include dirs: 
[6.901s] -- Configured cppcheck exclude dirs and/or files: 
[6.909s] -- Added test 'cpplint' to check C / C++ code against the Google style
[6.909s] -- Configured cpplint exclude dirs and/or files: 
[6.910s] -- Added test 'flake8' to check Python code syntax and style conventions
[6.913s] -- Added test 'lint_cmake' to check CMake code style
[6.915s] -- Added test 'pep257' to check Python code against some of the style conventions in PEP 257
[6.921s] -- Added test 'uncrustify' to check C / C++ code style
[6.921s] -- Configured uncrustify additional arguments: 
[6.922s] -- Added test 'xmllint' to check XML markup files
[6.947s] -- Configuring done
[7.040s] -- Generating done
[7.047s] -- Build files have been written to: /home/koara/ros2_ws/build/person_msgs
[7.110s] [  2%] Built target person_msgs__cpp
[7.115s] [ 12%] Built target person_msgs__rosidl_generator_c
[7.149s] [ 23%] Built target person_msgs__rosidl_typesupport_cpp
[7.154s] [ 33%] Built target person_msgs__rosidl_typesupport_introspection_cpp
[7.157s] [ 51%] Built target person_msgs__rosidl_typesupport_fastrtps_cpp
[7.157s] [ 61%] Built target person_msgs__rosidl_typesupport_introspection_c
[7.157s] [ 64%] Built target person_msgs__rosidl_typesupport_c
[7.206s] [ 74%] Built target person_msgs__rosidl_typesupport_fastrtps_c
[7.239s] [ 74%] Built target person_msgs
[7.271s] [ 76%] Built target person_msgs__py
[7.312s] [ 84%] Built target person_msgs__python
[7.345s] [ 89%] Built target person_msgs__rosidl_typesupport_introspection_c__pyext
[7.347s] [ 94%] Built target person_msgs__rosidl_typesupport_c__pyext
[7.348s] [100%] Built target person_msgs__rosidl_typesupport_fastrtps_c__pyext
[7.364s] Invoked command in '/home/koara/ros2_ws/build/person_msgs' returned '0': CMAKE_PREFIX_PATH=${CMAKE_PREFIX_PATH}:/home/koara/ros2_ws/install/mypkg:/opt/ros/foxy /usr/bin/cmake --build /home/koara/ros2_ws/build/person_msgs -- -j12 -l12
[7.480s] Invoking command in '/home/koara/ros2_ws/build/person_msgs': CMAKE_PREFIX_PATH=${CMAKE_PREFIX_PATH}:/home/koara/ros2_ws/install/mypkg:/opt/ros/foxy /usr/bin/cmake --install /home/koara/ros2_ws/build/person_msgs
[7.493s] -- Install configuration: ""
[7.493s] -- Up-to-date: /home/koara/ros2_ws/install/person_msgs/share/ament_index/resource_index/rosidl_interfaces/person_msgs
[7.494s] -- Up-to-date: /home/koara/ros2_ws/install/person_msgs/include/person_msgs
[7.494s] -- Up-to-date: /home/koara/ros2_ws/install/person_msgs/include/person_msgs/srv
[7.494s] -- Up-to-date: /home/koara/ros2_ws/install/person_msgs/include/person_msgs/srv/detail
[7.494s] -- Up-to-date: /home/koara/ros2_ws/install/person_msgs/include/person_msgs/srv/detail/query__type_support.h
[7.495s] -- Up-to-date: /home/koara/ros2_ws/install/person_msgs/include/person_msgs/srv/detail/query__struct.h
[7.495s] -- Up-to-date: /home/koara/ros2_ws/install/person_msgs/include/person_msgs/srv/detail/query__functions.h
[7.495s] -- Up-to-date: /home/koara/ros2_ws/install/person_msgs/include/person_msgs/srv/detail/query__functions.c
[7.495s] -- Up-to-date: /home/koara/ros2_ws/install/person_msgs/include/person_msgs/srv/query.h
[7.495s] -- Up-to-date: /home/koara/ros2_ws/install/person_msgs/include/person_msgs/msg
[7.495s] -- Up-to-date: /home/koara/ros2_ws/install/person_msgs/include/person_msgs/msg/rosidl_generator_c__visibility_control.h
[7.496s] -- Up-to-date: /home/koara/ros2_ws/install/person_msgs/include/person_msgs/msg/person.h
[7.496s] -- Up-to-date: /home/koara/ros2_ws/install/person_msgs/include/person_msgs/msg/detail
[7.496s] -- Up-to-date: /home/koara/ros2_ws/install/person_msgs/include/person_msgs/msg/detail/person__functions.c
[7.496s] -- Up-to-date: /home/koara/ros2_ws/install/person_msgs/include/person_msgs/msg/detail/person__functions.h
[7.496s] -- Up-to-date: /home/koara/ros2_ws/install/person_msgs/include/person_msgs/msg/detail/person__type_support.h
[7.496s] -- Up-to-date: /home/koara/ros2_ws/install/person_msgs/include/person_msgs/msg/detail/person__struct.h
[7.497s] -- Up-to-date: /home/koara/ros2_ws/install/person_msgs/share/person_msgs/environment/library_path.sh
[7.497s] -- Installing: /home/koara/ros2_ws/install/person_msgs/share/person_msgs/environment/library_path.dsv
[7.497s] -- Up-to-date: /home/koara/ros2_ws/install/person_msgs/lib/libperson_msgs__rosidl_generator_c.so
[7.497s] -- Up-to-date: /home/koara/ros2_ws/install/person_msgs/include/person_msgs
[7.497s] -- Up-to-date: /home/koara/ros2_ws/install/person_msgs/include/person_msgs/srv
[7.497s] -- Up-to-date: /home/koara/ros2_ws/install/person_msgs/include/person_msgs/srv/detail
[7.498s] -- Up-to-date: /home/koara/ros2_ws/install/person_msgs/include/person_msgs/srv/detail/query__rosidl_typesupport_fastrtps_c.h
[7.498s] -- Up-to-date: /home/koara/ros2_ws/install/person_msgs/include/person_msgs/msg
[7.498s] -- Up-to-date: /home/koara/ros2_ws/install/person_msgs/include/person_msgs/msg/detail
[7.498s] -- Up-to-date: /home/koara/ros2_ws/install/person_msgs/include/person_msgs/msg/detail/person__rosidl_typesupport_fastrtps_c.h
[7.498s] -- Up-to-date: /home/koara/ros2_ws/install/person_msgs/include/person_msgs/msg/rosidl_typesupport_fastrtps_c__visibility_control.h
[7.498s] -- Up-to-date: /home/koara/ros2_ws/install/person_msgs/lib/libperson_msgs__rosidl_typesupport_fastrtps_c.so
[7.499s] -- Up-to-date: /home/koara/ros2_ws/install/person_msgs/include/person_msgs
[7.500s] -- Up-to-date: /home/koara/ros2_ws/install/person_msgs/include/person_msgs/srv
[7.500s] -- Up-to-date: /home/koara/ros2_ws/install/person_msgs/include/person_msgs/srv/detail
[7.500s] -- Up-to-date: /home/koara/ros2_ws/install/person_msgs/include/person_msgs/srv/detail/dds_fastrtps
[7.501s] -- Up-to-date: /home/koara/ros2_ws/install/person_msgs/include/person_msgs/srv/detail/query__rosidl_typesupport_fastrtps_cpp.hpp
[7.501s] -- Up-to-date: /home/koara/ros2_ws/install/person_msgs/include/person_msgs/msg
[7.501s] -- Up-to-date: /home/koara/ros2_ws/install/person_msgs/include/person_msgs/msg/rosidl_typesupport_fastrtps_cpp__visibility_control.h
[7.501s] -- Up-to-date: /home/koara/ros2_ws/install/person_msgs/include/person_msgs/msg/detail
[7.502s] -- Up-to-date: /home/koara/ros2_ws/install/person_msgs/include/person_msgs/msg/detail/dds_fastrtps
[7.502s] -- Up-to-date: /home/koara/ros2_ws/install/person_msgs/include/person_msgs/msg/detail/person__rosidl_typesupport_fastrtps_cpp.hpp
[7.504s] -- Up-to-date: /home/koara/ros2_ws/install/person_msgs/lib/libperson_msgs__rosidl_typesupport_fastrtps_cpp.so
[7.504s] -- Up-to-date: /home/koara/ros2_ws/install/person_msgs/include/person_msgs
[7.504s] -- Up-to-date: /home/koara/ros2_ws/install/person_msgs/include/person_msgs/srv
[7.505s] -- Up-to-date: /home/koara/ros2_ws/install/person_msgs/include/person_msgs/srv/detail
[7.505s] -- Up-to-date: /home/koara/ros2_ws/install/person_msgs/include/person_msgs/srv/detail/query__type_support.c
[7.505s] -- Up-to-date: /home/koara/ros2_ws/install/person_msgs/include/person_msgs/srv/detail/query__rosidl_typesupport_introspection_c.h
[7.505s] -- Up-to-date: /home/koara/ros2_ws/install/person_msgs/include/person_msgs/msg
[7.505s] -- Up-to-date: /home/koara/ros2_ws/install/person_msgs/include/person_msgs/msg/detail
[7.506s] -- Up-to-date: /home/koara/ros2_ws/install/person_msgs/include/person_msgs/msg/detail/person__rosidl_typesupport_introspection_c.h
[7.506s] -- Up-to-date: /home/koara/ros2_ws/install/person_msgs/include/person_msgs/msg/detail/person__type_support.c
[7.506s] -- Up-to-date: /home/koara/ros2_ws/install/person_msgs/include/person_msgs/msg/rosidl_typesupport_introspection_c__visibility_control.h
[7.507s] -- Up-to-date: /home/koara/ros2_ws/install/person_msgs/lib/libperson_msgs__rosidl_typesupport_introspection_c.so
[7.507s] -- Up-to-date: /home/koara/ros2_ws/install/person_msgs/lib/libperson_msgs__rosidl_typesupport_c.so
[7.507s] -- Up-to-date: /home/koara/ros2_ws/install/person_msgs/include/person_msgs
[7.508s] -- Up-to-date: /home/koara/ros2_ws/install/person_msgs/include/person_msgs/srv
[7.508s] -- Up-to-date: /home/koara/ros2_ws/install/person_msgs/include/person_msgs/srv/detail
[7.509s] -- Up-to-date: /home/koara/ros2_ws/install/person_msgs/include/person_msgs/srv/detail/query__traits.hpp
[7.509s] -- Up-to-date: /home/koara/ros2_ws/install/person_msgs/include/person_msgs/srv/detail/query__struct.hpp
[7.509s] -- Up-to-date: /home/koara/ros2_ws/install/person_msgs/include/person_msgs/srv/detail/query__type_support.hpp
[7.509s] -- Up-to-date: /home/koara/ros2_ws/install/person_msgs/include/person_msgs/srv/detail/query__builder.hpp
[7.510s] -- Up-to-date: /home/koara/ros2_ws/install/person_msgs/include/person_msgs/srv/query.hpp
[7.510s] -- Up-to-date: /home/koara/ros2_ws/install/person_msgs/include/person_msgs/msg
[7.510s] -- Up-to-date: /home/koara/ros2_ws/install/person_msgs/include/person_msgs/msg/detail
[7.510s] -- Up-to-date: /home/koara/ros2_ws/install/person_msgs/include/person_msgs/msg/detail/person__struct.hpp
[7.510s] -- Up-to-date: /home/koara/ros2_ws/install/person_msgs/include/person_msgs/msg/detail/person__type_support.hpp
[7.511s] -- Up-to-date: /home/koara/ros2_ws/install/person_msgs/include/person_msgs/msg/detail/person__builder.hpp
[7.511s] -- Up-to-date: /home/koara/ros2_ws/install/person_msgs/include/person_msgs/msg/detail/person__traits.hpp
[7.511s] -- Up-to-date: /home/koara/ros2_ws/install/person_msgs/include/person_msgs/msg/rosidl_generator_cpp__visibility_control.hpp
[7.511s] -- Up-to-date: /home/koara/ros2_ws/install/person_msgs/include/person_msgs/msg/person.hpp
[7.511s] -- Up-to-date: /home/koara/ros2_ws/install/person_msgs/include/person_msgs
[7.511s] -- Up-to-date: /home/koara/ros2_ws/install/person_msgs/include/person_msgs/srv
[7.511s] -- Up-to-date: /home/koara/ros2_ws/install/person_msgs/include/person_msgs/srv/detail
[7.511s] -- Up-to-date: /home/koara/ros2_ws/install/person_msgs/include/person_msgs/srv/detail/query__rosidl_typesupport_introspection_cpp.hpp
[7.511s] -- Up-to-date: /home/koara/ros2_ws/install/person_msgs/include/person_msgs/srv/detail/query__type_support.cpp
[7.511s] -- Up-to-date: /home/koara/ros2_ws/install/person_msgs/include/person_msgs/msg
[7.511s] -- Up-to-date: /home/koara/ros2_ws/install/person_msgs/include/person_msgs/msg/detail
[7.511s] -- Up-to-date: /home/koara/ros2_ws/install/person_msgs/include/person_msgs/msg/detail/person__rosidl_typesupport_introspection_cpp.hpp
[7.511s] -- Up-to-date: /home/koara/ros2_ws/install/person_msgs/include/person_msgs/msg/detail/person__type_support.cpp
[7.512s] -- Up-to-date: /home/koara/ros2_ws/install/person_msgs/lib/libperson_msgs__rosidl_typesupport_introspection_cpp.so
[7.513s] -- Up-to-date: /home/koara/ros2_ws/install/person_msgs/lib/libperson_msgs__rosidl_typesupport_cpp.so
[7.513s] -- Up-to-date: /home/koara/ros2_ws/install/person_msgs/share/person_msgs/environment/pythonpath.sh
[7.513s] -- Installing: /home/koara/ros2_ws/install/person_msgs/share/person_msgs/environment/pythonpath.dsv
[7.514s] -- Installing: /home/koara/ros2_ws/install/person_msgs/lib/python3.8/site-packages/person_msgs/__init__.py
[7.549s] Compiling '/home/koara/ros2_ws/install/person_msgs/lib/python3.8/site-packages/person_msgs/__init__.py'...
[7.554s] -- Up-to-date: /home/koara/ros2_ws/install/person_msgs/lib/python3.8/site-packages/person_msgs/msg
[7.554s] -- Up-to-date: /home/koara/ros2_ws/install/person_msgs/lib/python3.8/site-packages/person_msgs/msg/__init__.py
[7.554s] -- Up-to-date: /home/koara/ros2_ws/install/person_msgs/lib/python3.8/site-packages/person_msgs/msg/_person_s.c
[7.554s] -- Up-to-date: /home/koara/ros2_ws/install/person_msgs/lib/python3.8/site-packages/person_msgs/msg/_person.py
[7.554s] -- Up-to-date: /home/koara/ros2_ws/install/person_msgs/lib/python3.8/site-packages/person_msgs/srv
[7.555s] -- Up-to-date: /home/koara/ros2_ws/install/person_msgs/lib/python3.8/site-packages/person_msgs/srv/_query.py
[7.555s] -- Up-to-date: /home/koara/ros2_ws/install/person_msgs/lib/python3.8/site-packages/person_msgs/srv/_query_s.c
[7.555s] -- Up-to-date: /home/koara/ros2_ws/install/person_msgs/lib/python3.8/site-packages/person_msgs/srv/__init__.py
[7.555s] -- Up-to-date: /home/koara/ros2_ws/install/person_msgs/lib/python3.8/site-packages/person_msgs/person_msgs_s__rosidl_typesupport_fastrtps_c.cpython-38-x86_64-linux-gnu.so
[7.557s] -- Up-to-date: /home/koara/ros2_ws/install/person_msgs/lib/python3.8/site-packages/person_msgs/person_msgs_s__rosidl_typesupport_introspection_c.cpython-38-x86_64-linux-gnu.so
[7.557s] -- Up-to-date: /home/koara/ros2_ws/install/person_msgs/lib/python3.8/site-packages/person_msgs/person_msgs_s__rosidl_typesupport_c.cpython-38-x86_64-linux-gnu.so
[7.558s] -- Up-to-date: /home/koara/ros2_ws/install/person_msgs/lib/libperson_msgs__python.so
[7.558s] -- Up-to-date: /home/koara/ros2_ws/install/person_msgs/share/person_msgs/msg/Person.idl
[7.559s] -- Up-to-date: /home/koara/ros2_ws/install/person_msgs/share/person_msgs/srv/Query.idl
[7.559s] -- Up-to-date: /home/koara/ros2_ws/install/person_msgs/share/person_msgs/msg/Person.msg
[7.559s] -- Up-to-date: /home/koara/ros2_ws/install/person_msgs/share/person_msgs/srv/Query.srv
[7.559s] -- Up-to-date: /home/koara/ros2_ws/install/person_msgs/share/person_msgs/srv/Query_Request.msg
[7.559s] -- Up-to-date: /home/koara/ros2_ws/install/person_msgs/share/person_msgs/srv/Query_Response.msg
[7.560s] -- Up-to-date: /home/koara/ros2_ws/install/person_msgs/share/ament_index/resource_index/package_run_dependencies/person_msgs
[7.560s] -- Up-to-date: /home/koara/ros2_ws/install/person_msgs/share/ament_index/resource_index/parent_prefix_path/person_msgs
[7.560s] -- Up-to-date: /home/koara/ros2_ws/install/person_msgs/share/person_msgs/environment/ament_prefix_path.sh
[7.560s] -- Installing: /home/koara/ros2_ws/install/person_msgs/share/person_msgs/environment/ament_prefix_path.dsv
[7.560s] -- Up-to-date: /home/koara/ros2_ws/install/person_msgs/share/person_msgs/environment/path.sh
[7.560s] -- Installing: /home/koara/ros2_ws/install/person_msgs/share/person_msgs/environment/path.dsv
[7.561s] -- Up-to-date: /home/koara/ros2_ws/install/person_msgs/share/person_msgs/local_setup.bash
[7.561s] -- Up-to-date: /home/koara/ros2_ws/install/person_msgs/share/person_msgs/local_setup.sh
[7.561s] -- Up-to-date: /home/koara/ros2_ws/install/person_msgs/share/person_msgs/local_setup.zsh
[7.561s] -- Installing: /home/koara/ros2_ws/install/person_msgs/share/person_msgs/local_setup.dsv
[7.561s] -- Installing: /home/koara/ros2_ws/install/person_msgs/share/person_msgs/package.dsv
[7.561s] -- Up-to-date: /home/koara/ros2_ws/install/person_msgs/share/ament_index/resource_index/packages/person_msgs
[7.561s] -- Up-to-date: /home/koara/ros2_ws/install/person_msgs/share/person_msgs/cmake/person_msgs__rosidl_generator_cExport.cmake
[7.561s] -- Installing: /home/koara/ros2_ws/install/person_msgs/share/person_msgs/cmake/person_msgs__rosidl_generator_cExport-noconfig.cmake
[7.564s] -- Up-to-date: /home/koara/ros2_ws/install/person_msgs/share/person_msgs/cmake/person_msgs__rosidl_typesupport_introspection_cExport.cmake
[7.564s] -- Installing: /home/koara/ros2_ws/install/person_msgs/share/person_msgs/cmake/person_msgs__rosidl_typesupport_introspection_cExport-noconfig.cmake
[7.565s] -- Up-to-date: /home/koara/ros2_ws/install/person_msgs/share/person_msgs/cmake/person_msgs__rosidl_typesupport_cExport.cmake
[7.565s] -- Installing: /home/koara/ros2_ws/install/person_msgs/share/person_msgs/cmake/person_msgs__rosidl_typesupport_cExport-noconfig.cmake
[7.566s] -- Up-to-date: /home/koara/ros2_ws/install/person_msgs/share/person_msgs/cmake/person_msgs__rosidl_generator_cppExport.cmake
[7.566s] -- Up-to-date: /home/koara/ros2_ws/install/person_msgs/share/person_msgs/cmake/person_msgs__rosidl_typesupport_introspection_cppExport.cmake
[7.566s] -- Installing: /home/koara/ros2_ws/install/person_msgs/share/person_msgs/cmake/person_msgs__rosidl_typesupport_introspection_cppExport-noconfig.cmake
[7.567s] -- Up-to-date: /home/koara/ros2_ws/install/person_msgs/share/person_msgs/cmake/person_msgs__rosidl_typesupport_cppExport.cmake
[7.567s] -- Installing: /home/koara/ros2_ws/install/person_msgs/share/person_msgs/cmake/person_msgs__rosidl_typesupport_cppExport-noconfig.cmake
[7.568s] -- Up-to-date: /home/koara/ros2_ws/install/person_msgs/share/person_msgs/cmake/rosidl_cmake-extras.cmake
[7.568s] -- Up-to-date: /home/koara/ros2_ws/install/person_msgs/share/person_msgs/cmake/ament_cmake_export_dependencies-extras.cmake
[7.568s] -- Up-to-date: /home/koara/ros2_ws/install/person_msgs/share/person_msgs/cmake/ament_cmake_export_libraries-extras.cmake
[7.568s] -- Up-to-date: /home/koara/ros2_ws/install/person_msgs/share/person_msgs/cmake/ament_cmake_export_targets-extras.cmake
[7.568s] -- Up-to-date: /home/koara/ros2_ws/install/person_msgs/share/person_msgs/cmake/ament_cmake_export_include_directories-extras.cmake
[7.568s] -- Up-to-date: /home/koara/ros2_ws/install/person_msgs/share/person_msgs/cmake/rosidl_cmake_export_typesupport_libraries-extras.cmake
[7.569s] -- Up-to-date: /home/koara/ros2_ws/install/person_msgs/share/person_msgs/cmake/rosidl_cmake_export_typesupport_targets-extras.cmake
[7.569s] -- Up-to-date: /home/koara/ros2_ws/install/person_msgs/share/person_msgs/cmake/person_msgsConfig.cmake
[7.569s] -- Up-to-date: /home/koara/ros2_ws/install/person_msgs/share/person_msgs/cmake/person_msgsConfig-version.cmake
[7.569s] -- Up-to-date: /home/koara/ros2_ws/install/person_msgs/share/person_msgs/package.xml
[7.571s] Invoked command in '/home/koara/ros2_ws/build/person_msgs' returned '0': CMAKE_PREFIX_PATH=${CMAKE_PREFIX_PATH}:/home/koara/ros2_ws/install/mypkg:/opt/ros/foxy /usr/bin/cmake --install /home/koara/ros2_ws/build/person_msgs
