[0.684s] Invoking command in '/home/koara/ros2_ws/src/mypkg': PYTHONPATH=/home/koara/ros2_ws/build/mypkg/prefix_override:/usr/lib/python3/dist-packages/colcon_core/task/python/colcon_distutils_commands:/home/koara/ros2_ws/install/mypkg/lib/python3.8/site-packages:${PYTHONPATH} /usr/bin/python3 -W ignore:setup.py install is deprecated setup.py egg_info --egg-base ../../build/mypkg build --build-base /home/koara/ros2_ws/build/mypkg/build install --record /home/koara/ros2_ws/build/mypkg/install.log --install-scripts $base/lib/mypkg --single-version-externally-managed install_data
[0.905s] running egg_info
[0.906s] writing ../../build/mypkg/mypkg.egg-info/PKG-INFO
[0.908s] writing dependency_links to ../../build/mypkg/mypkg.egg-info/dependency_links.txt
[0.909s] writing entry points to ../../build/mypkg/mypkg.egg-info/entry_points.txt
[0.909s] writing requirements to ../../build/mypkg/mypkg.egg-info/requires.txt
[0.910s] writing top-level names to ../../build/mypkg/mypkg.egg-info/top_level.txt
[0.944s] reading manifest file '../../build/mypkg/mypkg.egg-info/SOURCES.txt'
[0.945s] writing manifest file '../../build/mypkg/mypkg.egg-info/SOURCES.txt'
[0.945s] running build
[0.945s] running build_py
[0.945s] running install
[0.946s] running install_lib
[0.948s] running install_data
[0.948s] running install_egg_info
[0.949s] removing '/home/koara/ros2_ws/install/mypkg/lib/python3.8/site-packages/mypkg-0.0.0-py3.8.egg-info' (and everything under it)
[0.950s] Copying ../../build/mypkg/mypkg.egg-info to /home/koara/ros2_ws/install/mypkg/lib/python3.8/site-packages/mypkg-0.0.0-py3.8.egg-info
[0.952s] running install_scripts
[0.967s] Installing talker script to /home/koara/ros2_ws/install/mypkg/lib/mypkg
[0.967s] writing list of installed files to '/home/koara/ros2_ws/build/mypkg/install.log'
[0.988s] Invoked command in '/home/koara/ros2_ws/src/mypkg' returned '0': PYTHONPATH=/home/koara/ros2_ws/build/mypkg/prefix_override:/usr/lib/python3/dist-packages/colcon_core/task/python/colcon_distutils_commands:/home/koara/ros2_ws/install/mypkg/lib/python3.8/site-packages:${PYTHONPATH} /usr/bin/python3 -W ignore:setup.py install is deprecated setup.py egg_info --egg-base ../../build/mypkg build --build-base /home/koara/ros2_ws/build/mypkg/build install --record /home/koara/ros2_ws/build/mypkg/install.log --install-scripts $base/lib/mypkg --single-version-externally-managed install_data
