[0.423s] Invoking command in '/home/koara/ros2_ws/build/person_msgs': CMAKE_PREFIX_PATH=${CMAKE_PREFIX_PATH}:/home/koara/ros2_ws/install/mypkg:/opt/ros/foxy /usr/bin/cmake --build /home/koara/ros2_ws/build/person_msgs -- -j12 -l12
[0.921s] [  2%] Built target person_msgs__cpp
[0.970s] [ 12%] Built target person_msgs__rosidl_generator_c
[1.001s] [ 23%] Built target person_msgs__rosidl_typesupport_cpp
[1.016s] [ 33%] Built target person_msgs__rosidl_typesupport_introspection_cpp
[1.022s] [ 43%] Built target person_msgs__rosidl_typesupport_fastrtps_cpp
[1.027s] [ 53%] Built target person_msgs__rosidl_typesupport_introspection_c
[1.042s] [ 64%] Built target person_msgs__rosidl_typesupport_c
[1.090s] [ 74%] Built target person_msgs__rosidl_typesupport_fastrtps_c
[1.136s] [ 74%] Built target person_msgs
[1.173s] [ 76%] Built target person_msgs__py
[1.239s] [ 84%] Built target person_msgs__python
[1.275s] [ 94%] Built target person_msgs__rosidl_typesupport_fastrtps_c__pyext
[1.275s] [ 94%] Built target person_msgs__rosidl_typesupport_introspection_c__pyext
[1.280s] [100%] Built target person_msgs__rosidl_typesupport_c__pyext
[1.301s] Invoked command in '/home/koara/ros2_ws/build/person_msgs' returned '0': CMAKE_PREFIX_PATH=${CMAKE_PREFIX_PATH}:/home/koara/ros2_ws/install/mypkg:/opt/ros/foxy /usr/bin/cmake --build /home/koara/ros2_ws/build/person_msgs -- -j12 -l12
[1.468s] Invoking command in '/home/koara/ros2_ws/build/person_msgs': CMAKE_PREFIX_PATH=${CMAKE_PREFIX_PATH}:/home/koara/ros2_ws/install/mypkg:/opt/ros/foxy /usr/bin/cmake --install /home/koara/ros2_ws/build/person_msgs
[1.482s] -- Install configuration: ""
[1.483s] -- Up-to-date: /home/koara/ros2_ws/install/person_msgs/share/ament_index/resource_index/rosidl_interfaces/person_msgs
[1.483s] -- Up-to-date: /home/koara/ros2_ws/install/person_msgs/include/person_msgs
[1.484s] -- Up-to-date: /home/koara/ros2_ws/install/person_msgs/include/person_msgs/srv
[1.484s] -- Up-to-date: /home/koara/ros2_ws/install/person_msgs/include/person_msgs/srv/detail
[1.484s] -- Up-to-date: /home/koara/ros2_ws/install/person_msgs/include/person_msgs/srv/detail/query__type_support.h
[1.484s] -- Up-to-date: /home/koara/ros2_ws/install/person_msgs/include/person_msgs/srv/detail/query__struct.h
[1.484s] -- Up-to-date: /home/koara/ros2_ws/install/person_msgs/include/person_msgs/srv/detail/query__functions.h
[1.485s] -- Up-to-date: /home/koara/ros2_ws/install/person_msgs/include/person_msgs/srv/detail/query__functions.c
[1.485s] -- Up-to-date: /home/koara/ros2_ws/install/person_msgs/include/person_msgs/srv/query.h
[1.485s] -- Up-to-date: /home/koara/ros2_ws/install/person_msgs/include/person_msgs/msg
[1.485s] -- Up-to-date: /home/koara/ros2_ws/install/person_msgs/include/person_msgs/msg/rosidl_generator_c__visibility_control.h
[1.485s] -- Up-to-date: /home/koara/ros2_ws/install/person_msgs/include/person_msgs/msg/person.h
[1.485s] -- Up-to-date: /home/koara/ros2_ws/install/person_msgs/include/person_msgs/msg/detail
[1.485s] -- Up-to-date: /home/koara/ros2_ws/install/person_msgs/include/person_msgs/msg/detail/person__functions.c
[1.485s] -- Up-to-date: /home/koara/ros2_ws/install/person_msgs/include/person_msgs/msg/detail/person__functions.h
[1.485s] -- Up-to-date: /home/koara/ros2_ws/install/person_msgs/include/person_msgs/msg/detail/person__type_support.h
[1.486s] -- Up-to-date: /home/koara/ros2_ws/install/person_msgs/include/person_msgs/msg/detail/person__struct.h
[1.486s] -- Up-to-date: /home/koara/ros2_ws/install/person_msgs/share/person_msgs/environment/library_path.sh
[1.486s] -- Up-to-date: /home/koara/ros2_ws/install/person_msgs/share/person_msgs/environment/library_path.dsv
[1.486s] -- Up-to-date: /home/koara/ros2_ws/install/person_msgs/lib/libperson_msgs__rosidl_generator_c.so
[1.487s] -- Up-to-date: /home/koara/ros2_ws/install/person_msgs/include/person_msgs
[1.487s] -- Up-to-date: /home/koara/ros2_ws/install/person_msgs/include/person_msgs/srv
[1.487s] -- Up-to-date: /home/koara/ros2_ws/install/person_msgs/include/person_msgs/srv/detail
[1.487s] -- Up-to-date: /home/koara/ros2_ws/install/person_msgs/include/person_msgs/srv/detail/query__rosidl_typesupport_fastrtps_c.h
[1.487s] -- Up-to-date: /home/koara/ros2_ws/install/person_msgs/include/person_msgs/msg
[1.487s] -- Up-to-date: /home/koara/ros2_ws/install/person_msgs/include/person_msgs/msg/detail
[1.488s] -- Up-to-date: /home/koara/ros2_ws/install/person_msgs/include/person_msgs/msg/detail/person__rosidl_typesupport_fastrtps_c.h
[1.488s] -- Up-to-date: /home/koara/ros2_ws/install/person_msgs/include/person_msgs/msg/rosidl_typesupport_fastrtps_c__visibility_control.h
[1.489s] -- Up-to-date: /home/koara/ros2_ws/install/person_msgs/lib/libperson_msgs__rosidl_typesupport_fastrtps_c.so
[1.489s] -- Up-to-date: /home/koara/ros2_ws/install/person_msgs/include/person_msgs
[1.489s] -- Up-to-date: /home/koara/ros2_ws/install/person_msgs/include/person_msgs/srv
[1.489s] -- Up-to-date: /home/koara/ros2_ws/install/person_msgs/include/person_msgs/srv/detail
[1.490s] -- Up-to-date: /home/koara/ros2_ws/install/person_msgs/include/person_msgs/srv/detail/dds_fastrtps
[1.490s] -- Up-to-date: /home/koara/ros2_ws/install/person_msgs/include/person_msgs/srv/detail/query__rosidl_typesupport_fastrtps_cpp.hpp
[1.490s] -- Up-to-date: /home/koara/ros2_ws/install/person_msgs/include/person_msgs/msg
[1.490s] -- Up-to-date: /home/koara/ros2_ws/install/person_msgs/include/person_msgs/msg/rosidl_typesupport_fastrtps_cpp__visibility_control.h
[1.490s] -- Up-to-date: /home/koara/ros2_ws/install/person_msgs/include/person_msgs/msg/detail
[1.490s] -- Up-to-date: /home/koara/ros2_ws/install/person_msgs/include/person_msgs/msg/detail/dds_fastrtps
[1.490s] -- Up-to-date: /home/koara/ros2_ws/install/person_msgs/include/person_msgs/msg/detail/person__rosidl_typesupport_fastrtps_cpp.hpp
[1.492s] -- Up-to-date: /home/koara/ros2_ws/install/person_msgs/lib/libperson_msgs__rosidl_typesupport_fastrtps_cpp.so
[1.492s] -- Up-to-date: /home/koara/ros2_ws/install/person_msgs/include/person_msgs
[1.492s] -- Up-to-date: /home/koara/ros2_ws/install/person_msgs/include/person_msgs/srv
[1.493s] -- Up-to-date: /home/koara/ros2_ws/install/person_msgs/include/person_msgs/srv/detail
[1.493s] -- Up-to-date: /home/koara/ros2_ws/install/person_msgs/include/person_msgs/srv/detail/query__type_support.c
[1.493s] -- Up-to-date: /home/koara/ros2_ws/install/person_msgs/include/person_msgs/srv/detail/query__rosidl_typesupport_introspection_c.h
[1.493s] -- Up-to-date: /home/koara/ros2_ws/install/person_msgs/include/person_msgs/msg
[1.494s] -- Up-to-date: /home/koara/ros2_ws/install/person_msgs/include/person_msgs/msg/detail
[1.495s] -- Up-to-date: /home/koara/ros2_ws/install/person_msgs/include/person_msgs/msg/detail/person__rosidl_typesupport_introspection_c.h
[1.495s] -- Up-to-date: /home/koara/ros2_ws/install/person_msgs/include/person_msgs/msg/detail/person__type_support.c
[1.495s] -- Up-to-date: /home/koara/ros2_ws/install/person_msgs/include/person_msgs/msg/rosidl_typesupport_introspection_c__visibility_control.h
[1.496s] -- Up-to-date: /home/koara/ros2_ws/install/person_msgs/lib/libperson_msgs__rosidl_typesupport_introspection_c.so
[1.497s] -- Up-to-date: /home/koara/ros2_ws/install/person_msgs/lib/libperson_msgs__rosidl_typesupport_c.so
[1.498s] -- Up-to-date: /home/koara/ros2_ws/install/person_msgs/include/person_msgs
[1.498s] -- Up-to-date: /home/koara/ros2_ws/install/person_msgs/include/person_msgs/srv
[1.498s] -- Up-to-date: /home/koara/ros2_ws/install/person_msgs/include/person_msgs/srv/detail
[1.499s] -- Up-to-date: /home/koara/ros2_ws/install/person_msgs/include/person_msgs/srv/detail/query__traits.hpp
[1.499s] -- Up-to-date: /home/koara/ros2_ws/install/person_msgs/include/person_msgs/srv/detail/query__struct.hpp
[1.499s] -- Up-to-date: /home/koara/ros2_ws/install/person_msgs/include/person_msgs/srv/detail/query__type_support.hpp
[1.499s] -- Up-to-date: /home/koara/ros2_ws/install/person_msgs/include/person_msgs/srv/detail/query__builder.hpp
[1.500s] -- Up-to-date: /home/koara/ros2_ws/install/person_msgs/include/person_msgs/srv/query.hpp
[1.500s] -- Up-to-date: /home/koara/ros2_ws/install/person_msgs/include/person_msgs/msg
[1.500s] -- Up-to-date: /home/koara/ros2_ws/install/person_msgs/include/person_msgs/msg/detail
[1.500s] -- Up-to-date: /home/koara/ros2_ws/install/person_msgs/include/person_msgs/msg/detail/person__struct.hpp
[1.500s] -- Up-to-date: /home/koara/ros2_ws/install/person_msgs/include/person_msgs/msg/detail/person__type_support.hpp
[1.500s] -- Up-to-date: /home/koara/ros2_ws/install/person_msgs/include/person_msgs/msg/detail/person__builder.hpp
[1.501s] -- Up-to-date: /home/koara/ros2_ws/install/person_msgs/include/person_msgs/msg/detail/person__traits.hpp
[1.501s] -- Up-to-date: /home/koara/ros2_ws/install/person_msgs/include/person_msgs/msg/rosidl_generator_cpp__visibility_control.hpp
[1.501s] -- Up-to-date: /home/koara/ros2_ws/install/person_msgs/include/person_msgs/msg/person.hpp
[1.501s] -- Up-to-date: /home/koara/ros2_ws/install/person_msgs/include/person_msgs
[1.501s] -- Up-to-date: /home/koara/ros2_ws/install/person_msgs/include/person_msgs/srv
[1.501s] -- Up-to-date: /home/koara/ros2_ws/install/person_msgs/include/person_msgs/srv/detail
[1.501s] -- Up-to-date: /home/koara/ros2_ws/install/person_msgs/include/person_msgs/srv/detail/query__rosidl_typesupport_introspection_cpp.hpp
[1.501s] -- Up-to-date: /home/koara/ros2_ws/install/person_msgs/include/person_msgs/srv/detail/query__type_support.cpp
[1.501s] -- Up-to-date: /home/koara/ros2_ws/install/person_msgs/include/person_msgs/msg
[1.501s] -- Up-to-date: /home/koara/ros2_ws/install/person_msgs/include/person_msgs/msg/detail
[1.501s] -- Up-to-date: /home/koara/ros2_ws/install/person_msgs/include/person_msgs/msg/detail/person__rosidl_typesupport_introspection_cpp.hpp
[1.502s] -- Up-to-date: /home/koara/ros2_ws/install/person_msgs/include/person_msgs/msg/detail/person__type_support.cpp
[1.502s] -- Up-to-date: /home/koara/ros2_ws/install/person_msgs/lib/libperson_msgs__rosidl_typesupport_introspection_cpp.so
[1.503s] -- Up-to-date: /home/koara/ros2_ws/install/person_msgs/lib/libperson_msgs__rosidl_typesupport_cpp.so
[1.503s] -- Up-to-date: /home/koara/ros2_ws/install/person_msgs/share/person_msgs/environment/pythonpath.sh
[1.504s] -- Up-to-date: /home/koara/ros2_ws/install/person_msgs/share/person_msgs/environment/pythonpath.dsv
[1.504s] -- Up-to-date: /home/koara/ros2_ws/install/person_msgs/lib/python3.8/site-packages/person_msgs/__init__.py
[1.571s] -- Up-to-date: /home/koara/ros2_ws/install/person_msgs/lib/python3.8/site-packages/person_msgs/msg
[1.571s] -- Up-to-date: /home/koara/ros2_ws/install/person_msgs/lib/python3.8/site-packages/person_msgs/msg/__init__.py
[1.571s] -- Up-to-date: /home/koara/ros2_ws/install/person_msgs/lib/python3.8/site-packages/person_msgs/msg/_person_s.c
[1.572s] -- Up-to-date: /home/koara/ros2_ws/install/person_msgs/lib/python3.8/site-packages/person_msgs/msg/_person.py
[1.572s] -- Up-to-date: /home/koara/ros2_ws/install/person_msgs/lib/python3.8/site-packages/person_msgs/srv
[1.572s] -- Up-to-date: /home/koara/ros2_ws/install/person_msgs/lib/python3.8/site-packages/person_msgs/srv/_query.py
[1.572s] -- Up-to-date: /home/koara/ros2_ws/install/person_msgs/lib/python3.8/site-packages/person_msgs/srv/_query_s.c
[1.572s] -- Up-to-date: /home/koara/ros2_ws/install/person_msgs/lib/python3.8/site-packages/person_msgs/srv/__init__.py
[1.573s] -- Up-to-date: /home/koara/ros2_ws/install/person_msgs/lib/python3.8/site-packages/person_msgs/person_msgs_s__rosidl_typesupport_fastrtps_c.cpython-38-x86_64-linux-gnu.so
[1.574s] -- Up-to-date: /home/koara/ros2_ws/install/person_msgs/lib/python3.8/site-packages/person_msgs/person_msgs_s__rosidl_typesupport_introspection_c.cpython-38-x86_64-linux-gnu.so
[1.575s] -- Up-to-date: /home/koara/ros2_ws/install/person_msgs/lib/python3.8/site-packages/person_msgs/person_msgs_s__rosidl_typesupport_c.cpython-38-x86_64-linux-gnu.so
[1.577s] -- Up-to-date: /home/koara/ros2_ws/install/person_msgs/lib/libperson_msgs__python.so
[1.577s] -- Up-to-date: /home/koara/ros2_ws/install/person_msgs/share/person_msgs/msg/Person.idl
[1.577s] -- Up-to-date: /home/koara/ros2_ws/install/person_msgs/share/person_msgs/srv/Query.idl
[1.577s] -- Up-to-date: /home/koara/ros2_ws/install/person_msgs/share/person_msgs/msg/Person.msg
[1.578s] -- Up-to-date: /home/koara/ros2_ws/install/person_msgs/share/person_msgs/srv/Query.srv
[1.578s] -- Up-to-date: /home/koara/ros2_ws/install/person_msgs/share/person_msgs/srv/Query_Request.msg
[1.578s] -- Up-to-date: /home/koara/ros2_ws/install/person_msgs/share/person_msgs/srv/Query_Response.msg
[1.578s] -- Up-to-date: /home/koara/ros2_ws/install/person_msgs/share/ament_index/resource_index/package_run_dependencies/person_msgs
[1.579s] -- Up-to-date: /home/koara/ros2_ws/install/person_msgs/share/ament_index/resource_index/parent_prefix_path/person_msgs
[1.579s] -- Up-to-date: /home/koara/ros2_ws/install/person_msgs/share/person_msgs/environment/ament_prefix_path.sh
[1.579s] -- Up-to-date: /home/koara/ros2_ws/install/person_msgs/share/person_msgs/environment/ament_prefix_path.dsv
[1.579s] -- Up-to-date: /home/koara/ros2_ws/install/person_msgs/share/person_msgs/environment/path.sh
[1.579s] -- Up-to-date: /home/koara/ros2_ws/install/person_msgs/share/person_msgs/environment/path.dsv
[1.580s] -- Up-to-date: /home/koara/ros2_ws/install/person_msgs/share/person_msgs/local_setup.bash
[1.580s] -- Up-to-date: /home/koara/ros2_ws/install/person_msgs/share/person_msgs/local_setup.sh
[1.581s] -- Up-to-date: /home/koara/ros2_ws/install/person_msgs/share/person_msgs/local_setup.zsh
[1.581s] -- Up-to-date: /home/koara/ros2_ws/install/person_msgs/share/person_msgs/local_setup.dsv
[1.582s] -- Installing: /home/koara/ros2_ws/install/person_msgs/share/person_msgs/package.dsv
[1.583s] -- Up-to-date: /home/koara/ros2_ws/install/person_msgs/share/ament_index/resource_index/packages/person_msgs
[1.585s] -- Up-to-date: /home/koara/ros2_ws/install/person_msgs/share/person_msgs/cmake/person_msgs__rosidl_generator_cExport.cmake
[1.585s] -- Up-to-date: /home/koara/ros2_ws/install/person_msgs/share/person_msgs/cmake/person_msgs__rosidl_generator_cExport-noconfig.cmake
[1.586s] -- Up-to-date: /home/koara/ros2_ws/install/person_msgs/share/person_msgs/cmake/person_msgs__rosidl_typesupport_introspection_cExport.cmake
[1.586s] -- Up-to-date: /home/koara/ros2_ws/install/person_msgs/share/person_msgs/cmake/person_msgs__rosidl_typesupport_introspection_cExport-noconfig.cmake
[1.587s] -- Up-to-date: /home/koara/ros2_ws/install/person_msgs/share/person_msgs/cmake/person_msgs__rosidl_typesupport_cExport.cmake
[1.587s] -- Up-to-date: /home/koara/ros2_ws/install/person_msgs/share/person_msgs/cmake/person_msgs__rosidl_typesupport_cExport-noconfig.cmake
[1.588s] -- Up-to-date: /home/koara/ros2_ws/install/person_msgs/share/person_msgs/cmake/person_msgs__rosidl_generator_cppExport.cmake
[1.589s] -- Up-to-date: /home/koara/ros2_ws/install/person_msgs/share/person_msgs/cmake/person_msgs__rosidl_typesupport_introspection_cppExport.cmake
[1.589s] -- Up-to-date: /home/koara/ros2_ws/install/person_msgs/share/person_msgs/cmake/person_msgs__rosidl_typesupport_introspection_cppExport-noconfig.cmake
[1.590s] -- Up-to-date: /home/koara/ros2_ws/install/person_msgs/share/person_msgs/cmake/person_msgs__rosidl_typesupport_cppExport.cmake
[1.591s] -- Up-to-date: /home/koara/ros2_ws/install/person_msgs/share/person_msgs/cmake/person_msgs__rosidl_typesupport_cppExport-noconfig.cmake
[1.591s] -- Up-to-date: /home/koara/ros2_ws/install/person_msgs/share/person_msgs/cmake/rosidl_cmake-extras.cmake
[1.591s] -- Up-to-date: /home/koara/ros2_ws/install/person_msgs/share/person_msgs/cmake/ament_cmake_export_dependencies-extras.cmake
[1.591s] -- Up-to-date: /home/koara/ros2_ws/install/person_msgs/share/person_msgs/cmake/ament_cmake_export_libraries-extras.cmake
[1.591s] -- Up-to-date: /home/koara/ros2_ws/install/person_msgs/share/person_msgs/cmake/ament_cmake_export_targets-extras.cmake
[1.591s] -- Up-to-date: /home/koara/ros2_ws/install/person_msgs/share/person_msgs/cmake/ament_cmake_export_include_directories-extras.cmake
[1.592s] -- Up-to-date: /home/koara/ros2_ws/install/person_msgs/share/person_msgs/cmake/rosidl_cmake_export_typesupport_libraries-extras.cmake
[1.592s] -- Up-to-date: /home/koara/ros2_ws/install/person_msgs/share/person_msgs/cmake/rosidl_cmake_export_typesupport_targets-extras.cmake
[1.592s] -- Up-to-date: /home/koara/ros2_ws/install/person_msgs/share/person_msgs/cmake/person_msgsConfig.cmake
[1.592s] -- Up-to-date: /home/koara/ros2_ws/install/person_msgs/share/person_msgs/cmake/person_msgsConfig-version.cmake
[1.592s] -- Up-to-date: /home/koara/ros2_ws/install/person_msgs/share/person_msgs/package.xml
[1.597s] Invoked command in '/home/koara/ros2_ws/build/person_msgs' returned '0': CMAKE_PREFIX_PATH=${CMAKE_PREFIX_PATH}:/home/koara/ros2_ws/install/mypkg:/opt/ros/foxy /usr/bin/cmake --install /home/koara/ros2_ws/build/person_msgs
