[0.261s] Invoking command in '/home/koara/ros2_ws/build/person_msgs': CMAKE_PREFIX_PATH=${CMAKE_PREFIX_PATH}:/home/koara/ros2_ws/install/mypkg:/opt/ros/foxy /usr/bin/cmake --build /home/koara/ros2_ws/build/person_msgs -- -j12 -l12
[0.457s] -- Found ament_cmake: 0.9.12 (/opt/ros/foxy/share/ament_cmake/cmake)
[0.495s] -- Using PYTHON_EXECUTABLE: /usr/bin/python3
[0.760s] -- Found ament_lint_auto: 0.9.8 (/opt/ros/foxy/share/ament_lint_auto/cmake)
[0.762s] -- Found rosidl_default_generators: 1.0.1 (/opt/ros/foxy/share/rosidl_default_generators/cmake)
[0.767s] -- Using all available rosidl_typesupport_c: rosidl_typesupport_fastrtps_c;rosidl_typesupport_introspection_c
[0.774s] -- Found rosidl_adapter: 1.3.1 (/opt/ros/foxy/share/rosidl_adapter/cmake)
[3.960s] -- Using all available rosidl_typesupport_cpp: rosidl_typesupport_fastrtps_cpp;rosidl_typesupport_introspection_cpp
[3.995s] CMake Error at /opt/ros/foxy/share/rosidl_cmake/cmake/rosidl_generate_interfaces.cmake:93 (message):
[3.995s]   rosidl_generate_interfaces() the passed file 'srv/Query.srv' doesn't exist
[3.995s]   relative to the CMAKE_CURRENT_SOURCE_DIR
[3.995s]   '/home/koara/ros2_ws/src/person_msgs'
[3.995s] Call Stack (most recent call first):
[3.995s]   CMakeLists.txt:27 (rosidl_generate_interfaces)
[3.995s] 
[3.995s] 
[3.996s] -- Configuring incomplete, errors occurred!
[3.996s] See also "/home/koara/ros2_ws/build/person_msgs/CMakeFiles/CMakeOutput.log".
[4.017s] make: *** [Makefile:748: cmake_check_build_system] Error 1
[4.020s] Invoked command in '/home/koara/ros2_ws/build/person_msgs' returned '2': CMAKE_PREFIX_PATH=${CMAKE_PREFIX_PATH}:/home/koara/ros2_ws/install/mypkg:/opt/ros/foxy /usr/bin/cmake --build /home/koara/ros2_ws/build/person_msgs -- -j12 -l12
