[0.194s] DEBUG:colcon:Command line arguments: ['/usr/bin/colcon', 'build']
[0.194s] DEBUG:colcon:Parsed command line arguments: Namespace(allow_overriding=[], ament_cmake_args=None, base_paths=['.'], build_base='build', catkin_cmake_args=None, catkin_skip_building_tests=False, cmake_args=None, cmake_clean_cache=False, cmake_clean_first=False, cmake_force_configure=False, cmake_target=None, cmake_target_skip_unavailable=False, continue_on_error=False, event_handlers=None, executor='parallel', ignore_user_meta=False, install_base='install', log_base=None, log_level=None, main=<bound method BuildVerb.main of <colcon_core.verb.build.BuildVerb object at 0x7fa1d7317250>>, merge_install=False, metas=['./colcon.meta'], packages_above=None, packages_above_and_dependencies=None, packages_above_depth=None, packages_end=None, packages_ignore=None, packages_ignore_regex=None, packages_select=None, packages_select_build_failed=False, packages_select_by_dep=None, packages_select_regex=None, packages_select_test_failures=False, packages_skip=None, packages_skip_build_finished=False, packages_skip_by_dep=None, packages_skip_regex=None, packages_skip_test_passed=False, packages_skip_up_to=None, packages_start=None, packages_up_to=None, packages_up_to_regex=None, parallel_workers=12, paths=None, symlink_install=False, test_result_base=None, verb_extension=<colcon_core.verb.build.BuildVerb object at 0x7fa1d7317250>, verb_name='build', verb_parser=<colcon_defaults.argument_parser.defaults.DefaultArgumentsDecorator object at 0x7fa1d7317790>)
[0.313s] Level 1:colcon.colcon_core.package_discovery:discover_packages(colcon_meta) check parameters
[0.313s] Level 1:colcon.colcon_core.package_discovery:discover_packages(recursive) check parameters
[0.314s] Level 1:colcon.colcon_core.package_discovery:discover_packages(ignore) check parameters
[0.314s] Level 1:colcon.colcon_core.package_discovery:discover_packages(path) check parameters
[0.314s] Level 1:colcon.colcon_core.package_discovery:discover_packages(colcon_meta) discover
[0.314s] Level 1:colcon.colcon_core.package_discovery:discover_packages(recursive) discover
[0.314s] INFO:colcon.colcon_core.package_discovery:Crawling recursively for packages in '/home/koara/robosys2024-4/ros2_ws'
[0.314s] Level 1:colcon.colcon_core.package_identification:_identify(.) by extensions ['ignore', 'ignore_ament_install']
[0.314s] Level 1:colcon.colcon_core.package_identification:_identify(.) by extension 'ignore'
[0.314s] Level 1:colcon.colcon_core.package_identification:_identify(.) by extension 'ignore_ament_install'
[0.314s] Level 1:colcon.colcon_core.package_identification:_identify(.) by extensions ['colcon_pkg']
[0.314s] Level 1:colcon.colcon_core.package_identification:_identify(.) by extension 'colcon_pkg'
[0.314s] Level 1:colcon.colcon_core.package_identification:_identify(.) by extensions ['colcon_meta']
[0.314s] Level 1:colcon.colcon_core.package_identification:_identify(.) by extension 'colcon_meta'
[0.314s] Level 1:colcon.colcon_core.package_identification:_identify(.) by extensions ['ros']
[0.314s] Level 1:colcon.colcon_core.package_identification:_identify(.) by extension 'ros'
[0.322s] Level 1:colcon.colcon_core.package_identification:_identify(.) by extensions ['cmake', 'python']
[0.322s] Level 1:colcon.colcon_core.package_identification:_identify(.) by extension 'cmake'
[0.322s] Level 1:colcon.colcon_core.package_identification:_identify(.) by extension 'python'
[0.322s] Level 1:colcon.colcon_core.package_identification:_identify(.) by extensions ['python_setup_py']
[0.322s] Level 1:colcon.colcon_core.package_identification:_identify(.) by extension 'python_setup_py'
[0.323s] Level 1:colcon.colcon_core.package_identification:_identify(build) by extensions ['ignore', 'ignore_ament_install']
[0.323s] Level 1:colcon.colcon_core.package_identification:_identify(build) by extension 'ignore'
[0.323s] Level 1:colcon.colcon_core.package_identification:_identify(build) ignored
[0.323s] Level 1:colcon.colcon_core.package_identification:_identify(install) by extensions ['ignore', 'ignore_ament_install']
[0.323s] Level 1:colcon.colcon_core.package_identification:_identify(install) by extension 'ignore'
[0.323s] Level 1:colcon.colcon_core.package_identification:_identify(install) ignored
[0.323s] Level 1:colcon.colcon_core.package_identification:_identify(log) by extensions ['ignore', 'ignore_ament_install']
[0.323s] Level 1:colcon.colcon_core.package_identification:_identify(log) by extension 'ignore'
[0.323s] Level 1:colcon.colcon_core.package_identification:_identify(log) ignored
[0.323s] Level 1:colcon.colcon_core.package_identification:_identify(src) by extensions ['ignore', 'ignore_ament_install']
[0.323s] Level 1:colcon.colcon_core.package_identification:_identify(src) by extension 'ignore'
[0.323s] Level 1:colcon.colcon_core.package_identification:_identify(src) by extension 'ignore_ament_install'
[0.323s] Level 1:colcon.colcon_core.package_identification:_identify(src) by extensions ['colcon_pkg']
[0.323s] Level 1:colcon.colcon_core.package_identification:_identify(src) by extension 'colcon_pkg'
[0.323s] Level 1:colcon.colcon_core.package_identification:_identify(src) by extensions ['colcon_meta']
[0.323s] Level 1:colcon.colcon_core.package_identification:_identify(src) by extension 'colcon_meta'
[0.323s] Level 1:colcon.colcon_core.package_identification:_identify(src) by extensions ['ros']
[0.323s] Level 1:colcon.colcon_core.package_identification:_identify(src) by extension 'ros'
[0.323s] Level 1:colcon.colcon_core.package_identification:_identify(src) by extensions ['cmake', 'python']
[0.323s] Level 1:colcon.colcon_core.package_identification:_identify(src) by extension 'cmake'
[0.324s] Level 1:colcon.colcon_core.package_identification:_identify(src) by extension 'python'
[0.324s] Level 1:colcon.colcon_core.package_identification:_identify(src) by extensions ['python_setup_py']
[0.324s] Level 1:colcon.colcon_core.package_identification:_identify(src) by extension 'python_setup_py'
[0.324s] Level 1:colcon.colcon_core.package_identification:_identify(src/build) by extensions ['ignore', 'ignore_ament_install']
[0.324s] Level 1:colcon.colcon_core.package_identification:_identify(src/build) by extension 'ignore'
[0.324s] Level 1:colcon.colcon_core.package_identification:_identify(src/build) ignored
[0.324s] Level 1:colcon.colcon_core.package_identification:_identify(src/install) by extensions ['ignore', 'ignore_ament_install']
[0.324s] Level 1:colcon.colcon_core.package_identification:_identify(src/install) by extension 'ignore'
[0.324s] Level 1:colcon.colcon_core.package_identification:_identify(src/install) ignored
[0.324s] Level 1:colcon.colcon_core.package_identification:_identify(src/log) by extensions ['ignore', 'ignore_ament_install']
[0.324s] Level 1:colcon.colcon_core.package_identification:_identify(src/log) by extension 'ignore'
[0.324s] Level 1:colcon.colcon_core.package_identification:_identify(src/log) ignored
[0.324s] Level 1:colcon.colcon_core.package_identification:_identify(src/mypkg) by extensions ['ignore', 'ignore_ament_install']
[0.324s] Level 1:colcon.colcon_core.package_identification:_identify(src/mypkg) by extension 'ignore'
[0.324s] Level 1:colcon.colcon_core.package_identification:_identify(src/mypkg) by extension 'ignore_ament_install'
[0.324s] Level 1:colcon.colcon_core.package_identification:_identify(src/mypkg) by extensions ['colcon_pkg']
[0.324s] Level 1:colcon.colcon_core.package_identification:_identify(src/mypkg) by extension 'colcon_pkg'
[0.324s] Level 1:colcon.colcon_core.package_identification:_identify(src/mypkg) by extensions ['colcon_meta']
[0.324s] Level 1:colcon.colcon_core.package_identification:_identify(src/mypkg) by extension 'colcon_meta'
[0.324s] Level 1:colcon.colcon_core.package_identification:_identify(src/mypkg) by extensions ['ros']
[0.325s] Level 1:colcon.colcon_core.package_identification:_identify(src/mypkg) by extension 'ros'
[0.327s] DEBUG:colcon.colcon_core.package_identification:Package 'src/mypkg' with type 'ros.ament_python' and name 'mypkg'
[0.327s] Level 1:colcon.colcon_core.package_identification:_identify(src/person_msgs) by extensions ['ignore', 'ignore_ament_install']
[0.327s] Level 1:colcon.colcon_core.package_identification:_identify(src/person_msgs) by extension 'ignore'
[0.327s] Level 1:colcon.colcon_core.package_identification:_identify(src/person_msgs) by extension 'ignore_ament_install'
[0.327s] Level 1:colcon.colcon_core.package_identification:_identify(src/person_msgs) by extensions ['colcon_pkg']
[0.327s] Level 1:colcon.colcon_core.package_identification:_identify(src/person_msgs) by extension 'colcon_pkg'
[0.327s] Level 1:colcon.colcon_core.package_identification:_identify(src/person_msgs) by extensions ['colcon_meta']
[0.327s] Level 1:colcon.colcon_core.package_identification:_identify(src/person_msgs) by extension 'colcon_meta'
[0.327s] Level 1:colcon.colcon_core.package_identification:_identify(src/person_msgs) by extensions ['ros']
[0.327s] Level 1:colcon.colcon_core.package_identification:_identify(src/person_msgs) by extension 'ros'
[0.329s] DEBUG:colcon.colcon_core.package_identification:Package 'src/person_msgs' with type 'ros.ament_cmake' and name 'person_msgs'
[0.329s] Level 1:colcon.colcon_core.package_discovery:discover_packages(recursive) using defaults
[0.329s] Level 1:colcon.colcon_core.package_discovery:discover_packages(ignore) discover
[0.329s] Level 1:colcon.colcon_core.package_discovery:discover_packages(ignore) using defaults
[0.329s] Level 1:colcon.colcon_core.package_discovery:discover_packages(path) discover
[0.329s] Level 1:colcon.colcon_core.package_discovery:discover_packages(path) using defaults
[0.342s] Level 1:colcon.colcon_core.package_discovery:discover_packages(prefix_path) check parameters
[0.342s] Level 1:colcon.colcon_core.package_discovery:discover_packages(prefix_path) discover
[0.344s] DEBUG:colcon.colcon_installed_package_information.package_discovery:Found 2 installed packages in /home/koara/ros2_ws/install
[0.345s] DEBUG:colcon.colcon_installed_package_information.package_discovery:Found 256 installed packages in /opt/ros/foxy
[0.346s] Level 1:colcon.colcon_core.package_discovery:discover_packages(prefix_path) using defaults
[0.403s] Level 5:colcon.colcon_core.verb:set package 'mypkg' build argument 'cmake_args' from command line to 'None'
[0.403s] Level 5:colcon.colcon_core.verb:set package 'mypkg' build argument 'cmake_target' from command line to 'None'
[0.404s] Level 5:colcon.colcon_core.verb:set package 'mypkg' build argument 'cmake_target_skip_unavailable' from command line to 'False'
[0.404s] Level 5:colcon.colcon_core.verb:set package 'mypkg' build argument 'cmake_clean_cache' from command line to 'False'
[0.404s] Level 5:colcon.colcon_core.verb:set package 'mypkg' build argument 'cmake_clean_first' from command line to 'False'
[0.404s] Level 5:colcon.colcon_core.verb:set package 'mypkg' build argument 'cmake_force_configure' from command line to 'False'
[0.404s] Level 5:colcon.colcon_core.verb:set package 'mypkg' build argument 'ament_cmake_args' from command line to 'None'
[0.404s] Level 5:colcon.colcon_core.verb:set package 'mypkg' build argument 'catkin_cmake_args' from command line to 'None'
[0.404s] Level 5:colcon.colcon_core.verb:set package 'mypkg' build argument 'catkin_skip_building_tests' from command line to 'False'
[0.404s] DEBUG:colcon.colcon_core.verb:Building package 'mypkg' with the following arguments: {'ament_cmake_args': None, 'build_base': '/home/koara/robosys2024-4/ros2_ws/build/mypkg', 'catkin_cmake_args': None, 'catkin_skip_building_tests': False, 'cmake_args': None, 'cmake_clean_cache': False, 'cmake_clean_first': False, 'cmake_force_configure': False, 'cmake_target': None, 'cmake_target_skip_unavailable': False, 'install_base': '/home/koara/robosys2024-4/ros2_ws/install/mypkg', 'merge_install': False, 'path': '/home/koara/robosys2024-4/ros2_ws/src/mypkg', 'symlink_install': False, 'test_result_base': None}
[0.404s] Level 5:colcon.colcon_core.verb:set package 'person_msgs' build argument 'cmake_args' from command line to 'None'
[0.404s] Level 5:colcon.colcon_core.verb:set package 'person_msgs' build argument 'cmake_target' from command line to 'None'
[0.404s] Level 5:colcon.colcon_core.verb:set package 'person_msgs' build argument 'cmake_target_skip_unavailable' from command line to 'False'
[0.404s] Level 5:colcon.colcon_core.verb:set package 'person_msgs' build argument 'cmake_clean_cache' from command line to 'False'
[0.404s] Level 5:colcon.colcon_core.verb:set package 'person_msgs' build argument 'cmake_clean_first' from command line to 'False'
[0.404s] Level 5:colcon.colcon_core.verb:set package 'person_msgs' build argument 'cmake_force_configure' from command line to 'False'
[0.404s] Level 5:colcon.colcon_core.verb:set package 'person_msgs' build argument 'ament_cmake_args' from command line to 'None'
[0.404s] Level 5:colcon.colcon_core.verb:set package 'person_msgs' build argument 'catkin_cmake_args' from command line to 'None'
[0.404s] Level 5:colcon.colcon_core.verb:set package 'person_msgs' build argument 'catkin_skip_building_tests' from command line to 'False'
[0.404s] DEBUG:colcon.colcon_core.verb:Building package 'person_msgs' with the following arguments: {'ament_cmake_args': None, 'build_base': '/home/koara/robosys2024-4/ros2_ws/build/person_msgs', 'catkin_cmake_args': None, 'catkin_skip_building_tests': False, 'cmake_args': None, 'cmake_clean_cache': False, 'cmake_clean_first': False, 'cmake_force_configure': False, 'cmake_target': None, 'cmake_target_skip_unavailable': False, 'install_base': '/home/koara/robosys2024-4/ros2_ws/install/person_msgs', 'merge_install': False, 'path': '/home/koara/robosys2024-4/ros2_ws/src/person_msgs', 'symlink_install': False, 'test_result_base': None}
[0.404s] INFO:colcon.colcon_core.executor:Executing jobs using 'parallel' executor
[0.405s] DEBUG:colcon.colcon_parallel_executor.executor.parallel:run_until_complete
[0.405s] INFO:colcon.colcon_ros.task.ament_python.build:Building ROS package in '/home/koara/robosys2024-4/ros2_ws/src/mypkg' with build type 'ament_python'
[0.406s] Level 1:colcon.colcon_core.shell:create_environment_hook('mypkg', 'ament_prefix_path')
[0.407s] INFO:colcon.colcon_core.plugin_system:Skipping extension 'colcon_core.shell.bat': Not used on non-Windows systems
[0.408s] INFO:colcon.colcon_core.shell:Creating environment hook '/home/koara/robosys2024-4/ros2_ws/install/mypkg/share/mypkg/hook/ament_prefix_path.ps1'
[0.408s] INFO:colcon.colcon_core.shell:Creating environment descriptor '/home/koara/robosys2024-4/ros2_ws/install/mypkg/share/mypkg/hook/ament_prefix_path.dsv'
[0.409s] INFO:colcon.colcon_core.shell:Creating environment hook '/home/koara/robosys2024-4/ros2_ws/install/mypkg/share/mypkg/hook/ament_prefix_path.sh'
[0.410s] INFO:colcon.colcon_core.shell:Skip shell extension 'powershell' for command environment: Not usable outside of PowerShell
[0.410s] DEBUG:colcon.colcon_core.shell:Skip shell extension 'dsv' for command environment
[0.414s] INFO:colcon.colcon_ros.task.ament_cmake.build:Building ROS package in '/home/koara/robosys2024-4/ros2_ws/src/person_msgs' with build type 'ament_cmake'
[0.414s] INFO:colcon.colcon_cmake.task.cmake.build:Building CMake package in '/home/koara/robosys2024-4/ros2_ws/src/person_msgs'
[0.414s] INFO:colcon.colcon_core.shell:Skip shell extension 'powershell' for command environment: Not usable outside of PowerShell
[0.414s] DEBUG:colcon.colcon_core.shell:Skip shell extension 'dsv' for command environment
[0.587s] INFO:colcon.colcon_core.task.python.build:Building Python package in '/home/koara/robosys2024-4/ros2_ws/src/mypkg'
[0.588s] INFO:colcon.colcon_core.shell:Skip shell extension 'powershell' for command environment: Not usable outside of PowerShell
[0.588s] DEBUG:colcon.colcon_core.shell:Skip shell extension 'dsv' for command environment
[0.598s] DEBUG:colcon.colcon_core.event_handler.log_command:Invoking command in '/home/koara/robosys2024-4/ros2_ws/build/person_msgs': CMAKE_PREFIX_PATH=${CMAKE_PREFIX_PATH}:/home/koara/ros2_ws/install/mypkg:/opt/ros/foxy /usr/bin/cmake --build /home/koara/robosys2024-4/ros2_ws/build/person_msgs -- -j12 -l12
[0.942s] DEBUG:colcon.colcon_core.event_handler.log_command:Invoking command in '/home/koara/robosys2024-4/ros2_ws/src/mypkg': PYTHONPATH=/home/koara/robosys2024-4/ros2_ws/build/mypkg/prefix_override:/usr/lib/python3/dist-packages/colcon_core/task/python/colcon_distutils_commands:/home/koara/robosys2024-4/ros2_ws/install/mypkg/lib/python3.8/site-packages:${PYTHONPATH} /usr/bin/python3 -W ignore:setup.py install is deprecated setup.py egg_info --egg-base ../../build/mypkg build --build-base /home/koara/robosys2024-4/ros2_ws/build/mypkg/build install --record /home/koara/robosys2024-4/ros2_ws/build/mypkg/install.log --install-scripts $base/lib/mypkg --single-version-externally-managed install_data
[1.199s] DEBUG:colcon.colcon_core.event_handler.log_command:Invoked command in '/home/koara/robosys2024-4/ros2_ws/src/mypkg' returned '0': PYTHONPATH=/home/koara/robosys2024-4/ros2_ws/build/mypkg/prefix_override:/usr/lib/python3/dist-packages/colcon_core/task/python/colcon_distutils_commands:/home/koara/robosys2024-4/ros2_ws/install/mypkg/lib/python3.8/site-packages:${PYTHONPATH} /usr/bin/python3 -W ignore:setup.py install is deprecated setup.py egg_info --egg-base ../../build/mypkg build --build-base /home/koara/robosys2024-4/ros2_ws/build/mypkg/build install --record /home/koara/robosys2024-4/ros2_ws/build/mypkg/install.log --install-scripts $base/lib/mypkg --single-version-externally-managed install_data
[1.201s] Level 1:colcon.colcon_core.environment:checking '/home/koara/robosys2024-4/ros2_ws/install/mypkg' for CMake module files
[1.201s] Level 1:colcon.colcon_core.environment:checking '/home/koara/robosys2024-4/ros2_ws/install/mypkg' for CMake config files
[1.202s] Level 1:colcon.colcon_core.environment:checking '/home/koara/robosys2024-4/ros2_ws/install/mypkg/lib'
[1.202s] Level 1:colcon.colcon_core.environment:checking '/home/koara/robosys2024-4/ros2_ws/install/mypkg/bin'
[1.202s] Level 1:colcon.colcon_core.environment:checking '/home/koara/robosys2024-4/ros2_ws/install/mypkg/lib/pkgconfig/mypkg.pc'
[1.202s] Level 1:colcon.colcon_core.environment:checking '/home/koara/robosys2024-4/ros2_ws/install/mypkg/lib/python3.8/site-packages'
[1.202s] Level 1:colcon.colcon_core.shell:create_environment_hook('mypkg', 'pythonpath')
[1.203s] INFO:colcon.colcon_core.shell:Creating environment hook '/home/koara/robosys2024-4/ros2_ws/install/mypkg/share/mypkg/hook/pythonpath.ps1'
[1.203s] INFO:colcon.colcon_core.shell:Creating environment descriptor '/home/koara/robosys2024-4/ros2_ws/install/mypkg/share/mypkg/hook/pythonpath.dsv'
[1.203s] INFO:colcon.colcon_core.shell:Creating environment hook '/home/koara/robosys2024-4/ros2_ws/install/mypkg/share/mypkg/hook/pythonpath.sh'
[1.204s] Level 1:colcon.colcon_core.environment:checking '/home/koara/robosys2024-4/ros2_ws/install/mypkg/bin'
[1.204s] Level 1:colcon.colcon_core.environment:create_environment_scripts_only(mypkg)
[1.204s] INFO:colcon.colcon_core.shell:Creating package script '/home/koara/robosys2024-4/ros2_ws/install/mypkg/share/mypkg/package.ps1'
[1.205s] INFO:colcon.colcon_core.shell:Creating package descriptor '/home/koara/robosys2024-4/ros2_ws/install/mypkg/share/mypkg/package.dsv'
[1.205s] INFO:colcon.colcon_core.shell:Creating package script '/home/koara/robosys2024-4/ros2_ws/install/mypkg/share/mypkg/package.sh'
[1.206s] INFO:colcon.colcon_core.shell:Creating package script '/home/koara/robosys2024-4/ros2_ws/install/mypkg/share/mypkg/package.bash'
[1.206s] INFO:colcon.colcon_core.shell:Creating package script '/home/koara/robosys2024-4/ros2_ws/install/mypkg/share/mypkg/package.zsh'
[1.207s] Level 1:colcon.colcon_core.environment:create_file_with_runtime_dependencies(/home/koara/robosys2024-4/ros2_ws/install/mypkg/share/colcon-core/packages/mypkg)
[5.639s] DEBUG:colcon.colcon_core.event_handler.log_command:Invoked command in '/home/koara/robosys2024-4/ros2_ws/build/person_msgs' returned '0': CMAKE_PREFIX_PATH=${CMAKE_PREFIX_PATH}:/home/koara/ros2_ws/install/mypkg:/opt/ros/foxy /usr/bin/cmake --build /home/koara/robosys2024-4/ros2_ws/build/person_msgs -- -j12 -l12
[5.716s] DEBUG:colcon.colcon_core.event_handler.log_command:Invoking command in '/home/koara/robosys2024-4/ros2_ws/build/person_msgs': CMAKE_PREFIX_PATH=${CMAKE_PREFIX_PATH}:/home/koara/ros2_ws/install/mypkg:/opt/ros/foxy /usr/bin/cmake --install /home/koara/robosys2024-4/ros2_ws/build/person_msgs
[5.769s] Level 1:colcon.colcon_core.environment:create_environment_scripts_only(person_msgs)
[5.770s] Level 1:colcon.colcon_core.environment:checking '/home/koara/robosys2024-4/ros2_ws/install/person_msgs' for CMake module files
[5.770s] DEBUG:colcon.colcon_core.event_handler.log_command:Invoked command in '/home/koara/robosys2024-4/ros2_ws/build/person_msgs' returned '0': CMAKE_PREFIX_PATH=${CMAKE_PREFIX_PATH}:/home/koara/ros2_ws/install/mypkg:/opt/ros/foxy /usr/bin/cmake --install /home/koara/robosys2024-4/ros2_ws/build/person_msgs
[5.771s] Level 1:colcon.colcon_core.environment:checking '/home/koara/robosys2024-4/ros2_ws/install/person_msgs' for CMake config files
[5.771s] Level 1:colcon.colcon_core.shell:create_environment_hook('person_msgs', 'cmake_prefix_path')
[5.771s] INFO:colcon.colcon_core.shell:Creating environment hook '/home/koara/robosys2024-4/ros2_ws/install/person_msgs/share/person_msgs/hook/cmake_prefix_path.ps1'
[5.772s] INFO:colcon.colcon_core.shell:Creating environment descriptor '/home/koara/robosys2024-4/ros2_ws/install/person_msgs/share/person_msgs/hook/cmake_prefix_path.dsv'
[5.772s] INFO:colcon.colcon_core.shell:Creating environment hook '/home/koara/robosys2024-4/ros2_ws/install/person_msgs/share/person_msgs/hook/cmake_prefix_path.sh'
[5.772s] Level 1:colcon.colcon_core.environment:checking '/home/koara/robosys2024-4/ros2_ws/install/person_msgs/lib'
[5.772s] Level 1:colcon.colcon_core.shell:create_environment_hook('person_msgs', 'ld_library_path_lib')
[5.773s] INFO:colcon.colcon_core.shell:Creating environment hook '/home/koara/robosys2024-4/ros2_ws/install/person_msgs/share/person_msgs/hook/ld_library_path_lib.ps1'
[5.773s] INFO:colcon.colcon_core.shell:Creating environment descriptor '/home/koara/robosys2024-4/ros2_ws/install/person_msgs/share/person_msgs/hook/ld_library_path_lib.dsv'
[5.773s] INFO:colcon.colcon_core.shell:Creating environment hook '/home/koara/robosys2024-4/ros2_ws/install/person_msgs/share/person_msgs/hook/ld_library_path_lib.sh'
[5.773s] Level 1:colcon.colcon_core.environment:checking '/home/koara/robosys2024-4/ros2_ws/install/person_msgs/bin'
[5.773s] Level 1:colcon.colcon_core.environment:checking '/home/koara/robosys2024-4/ros2_ws/install/person_msgs/lib/pkgconfig/person_msgs.pc'
[5.774s] Level 1:colcon.colcon_core.environment:checking '/home/koara/robosys2024-4/ros2_ws/install/person_msgs/lib/python3.8/site-packages'
[5.774s] Level 1:colcon.colcon_core.shell:create_environment_hook('person_msgs', 'pythonpath')
[5.774s] INFO:colcon.colcon_core.shell:Creating environment hook '/home/koara/robosys2024-4/ros2_ws/install/person_msgs/share/person_msgs/hook/pythonpath.ps1'
[5.774s] INFO:colcon.colcon_core.shell:Creating environment descriptor '/home/koara/robosys2024-4/ros2_ws/install/person_msgs/share/person_msgs/hook/pythonpath.dsv'
[5.774s] INFO:colcon.colcon_core.shell:Creating environment hook '/home/koara/robosys2024-4/ros2_ws/install/person_msgs/share/person_msgs/hook/pythonpath.sh'
[5.775s] Level 1:colcon.colcon_core.environment:checking '/home/koara/robosys2024-4/ros2_ws/install/person_msgs/bin'
[5.775s] INFO:colcon.colcon_core.shell:Creating package script '/home/koara/robosys2024-4/ros2_ws/install/person_msgs/share/person_msgs/package.ps1'
[5.775s] INFO:colcon.colcon_core.shell:Creating package descriptor '/home/koara/robosys2024-4/ros2_ws/install/person_msgs/share/person_msgs/package.dsv'
[5.776s] INFO:colcon.colcon_core.shell:Creating package script '/home/koara/robosys2024-4/ros2_ws/install/person_msgs/share/person_msgs/package.sh'
[5.776s] INFO:colcon.colcon_core.shell:Creating package script '/home/koara/robosys2024-4/ros2_ws/install/person_msgs/share/person_msgs/package.bash'
[5.776s] INFO:colcon.colcon_core.shell:Creating package script '/home/koara/robosys2024-4/ros2_ws/install/person_msgs/share/person_msgs/package.zsh'
[5.777s] Level 1:colcon.colcon_core.environment:create_file_with_runtime_dependencies(/home/koara/robosys2024-4/ros2_ws/install/person_msgs/share/colcon-core/packages/person_msgs)
[5.844s] Level 1:colcon.colcon_core.environment:create_environment_scripts_only(person_msgs)
[5.844s] Level 1:colcon.colcon_core.environment:checking '/home/koara/robosys2024-4/ros2_ws/install/person_msgs' for CMake module files
[5.845s] Level 1:colcon.colcon_core.environment:checking '/home/koara/robosys2024-4/ros2_ws/install/person_msgs' for CMake config files
[5.845s] Level 1:colcon.colcon_core.shell:create_environment_hook('person_msgs', 'cmake_prefix_path')
[5.845s] INFO:colcon.colcon_core.shell:Creating environment hook '/home/koara/robosys2024-4/ros2_ws/install/person_msgs/share/person_msgs/hook/cmake_prefix_path.ps1'
[5.846s] INFO:colcon.colcon_core.shell:Creating environment descriptor '/home/koara/robosys2024-4/ros2_ws/install/person_msgs/share/person_msgs/hook/cmake_prefix_path.dsv'
[5.846s] INFO:colcon.colcon_core.shell:Creating environment hook '/home/koara/robosys2024-4/ros2_ws/install/person_msgs/share/person_msgs/hook/cmake_prefix_path.sh'
[5.847s] Level 1:colcon.colcon_core.environment:checking '/home/koara/robosys2024-4/ros2_ws/install/person_msgs/lib'
[5.847s] Level 1:colcon.colcon_core.shell:create_environment_hook('person_msgs', 'ld_library_path_lib')
[5.847s] INFO:colcon.colcon_core.shell:Creating environment hook '/home/koara/robosys2024-4/ros2_ws/install/person_msgs/share/person_msgs/hook/ld_library_path_lib.ps1'
[5.847s] INFO:colcon.colcon_core.shell:Creating environment descriptor '/home/koara/robosys2024-4/ros2_ws/install/person_msgs/share/person_msgs/hook/ld_library_path_lib.dsv'
[5.848s] INFO:colcon.colcon_core.shell:Creating environment hook '/home/koara/robosys2024-4/ros2_ws/install/person_msgs/share/person_msgs/hook/ld_library_path_lib.sh'
[5.848s] Level 1:colcon.colcon_core.environment:checking '/home/koara/robosys2024-4/ros2_ws/install/person_msgs/bin'
[5.848s] Level 1:colcon.colcon_core.environment:checking '/home/koara/robosys2024-4/ros2_ws/install/person_msgs/lib/pkgconfig/person_msgs.pc'
[5.848s] Level 1:colcon.colcon_core.environment:checking '/home/koara/robosys2024-4/ros2_ws/install/person_msgs/lib/python3.8/site-packages'
[5.848s] Level 1:colcon.colcon_core.shell:create_environment_hook('person_msgs', 'pythonpath')
[5.848s] INFO:colcon.colcon_core.shell:Creating environment hook '/home/koara/robosys2024-4/ros2_ws/install/person_msgs/share/person_msgs/hook/pythonpath.ps1'
[5.849s] INFO:colcon.colcon_core.shell:Creating environment descriptor '/home/koara/robosys2024-4/ros2_ws/install/person_msgs/share/person_msgs/hook/pythonpath.dsv'
[5.849s] INFO:colcon.colcon_core.shell:Creating environment hook '/home/koara/robosys2024-4/ros2_ws/install/person_msgs/share/person_msgs/hook/pythonpath.sh'
[5.849s] Level 1:colcon.colcon_core.environment:checking '/home/koara/robosys2024-4/ros2_ws/install/person_msgs/bin'
[5.850s] INFO:colcon.colcon_core.shell:Creating package script '/home/koara/robosys2024-4/ros2_ws/install/person_msgs/share/person_msgs/package.ps1'
[5.850s] INFO:colcon.colcon_core.shell:Creating package descriptor '/home/koara/robosys2024-4/ros2_ws/install/person_msgs/share/person_msgs/package.dsv'
[5.851s] INFO:colcon.colcon_core.shell:Creating package script '/home/koara/robosys2024-4/ros2_ws/install/person_msgs/share/person_msgs/package.sh'
[5.851s] INFO:colcon.colcon_core.shell:Creating package script '/home/koara/robosys2024-4/ros2_ws/install/person_msgs/share/person_msgs/package.bash'
[5.852s] INFO:colcon.colcon_core.shell:Creating package script '/home/koara/robosys2024-4/ros2_ws/install/person_msgs/share/person_msgs/package.zsh'
[5.852s] Level 1:colcon.colcon_core.environment:create_file_with_runtime_dependencies(/home/koara/robosys2024-4/ros2_ws/install/person_msgs/share/colcon-core/packages/person_msgs)
[5.853s] DEBUG:colcon.colcon_parallel_executor.executor.parallel:closing loop
[5.853s] DEBUG:colcon.colcon_parallel_executor.executor.parallel:loop closed
[5.853s] DEBUG:colcon.colcon_parallel_executor.executor.parallel:run_until_complete finished with '0'
[5.853s] DEBUG:colcon.colcon_core.event_reactor:joining thread
[5.879s] INFO:colcon.colcon_core.plugin_system:Skipping extension 'colcon_notification.desktop_notification.notify_send': Could not find 'notify-send'
[5.879s] INFO:colcon.colcon_core.plugin_system:Skipping extension 'colcon_notification.desktop_notification.terminal_notifier': Not used on non-Darwin systems
[5.879s] INFO:colcon.colcon_core.plugin_system:Skipping extension 'colcon_notification.desktop_notification.win32': Not used on non-Windows systems
[5.879s] INFO:colcon.colcon_notification.desktop_notification:Sending desktop notification using 'notify2'
[5.880s] DEBUG:colcon.colcon_notification.desktop_notification.notify2:Failed to initialize notify2: org.freedesktop.DBus.Error.ServiceUnknown: The name org.freedesktop.Notifications was not provided by any .service files
[5.880s] DEBUG:colcon.colcon_core.event_reactor:joined thread
[5.880s] INFO:colcon.colcon_core.shell:Creating prefix script '/home/koara/robosys2024-4/ros2_ws/install/local_setup.ps1'
[5.881s] INFO:colcon.colcon_core.shell:Creating prefix util module '/home/koara/robosys2024-4/ros2_ws/install/_local_setup_util_ps1.py'
[5.882s] INFO:colcon.colcon_core.shell:Creating prefix chain script '/home/koara/robosys2024-4/ros2_ws/install/setup.ps1'
[5.883s] INFO:colcon.colcon_core.shell:Creating prefix script '/home/koara/robosys2024-4/ros2_ws/install/local_setup.sh'
[5.883s] INFO:colcon.colcon_core.shell:Creating prefix util module '/home/koara/robosys2024-4/ros2_ws/install/_local_setup_util_sh.py'
[5.884s] INFO:colcon.colcon_core.shell:Creating prefix chain script '/home/koara/robosys2024-4/ros2_ws/install/setup.sh'
[5.885s] INFO:colcon.colcon_core.shell:Creating prefix script '/home/koara/robosys2024-4/ros2_ws/install/local_setup.bash'
[5.885s] INFO:colcon.colcon_core.shell:Creating prefix chain script '/home/koara/robosys2024-4/ros2_ws/install/setup.bash'
[5.886s] INFO:colcon.colcon_core.shell:Creating prefix script '/home/koara/robosys2024-4/ros2_ws/install/local_setup.zsh'
[5.886s] INFO:colcon.colcon_core.shell:Creating prefix chain script '/home/koara/robosys2024-4/ros2_ws/install/setup.zsh'
