[0.804s] Invoking command in '/home/koara/ros2_ws/src/mypkg': PYTHONPATH=/home/koara/ros2_ws/build/mypkg/prefix_override:/usr/lib/python3/dist-packages/colcon_core/task/python/colcon_distutils_commands:/home/koara/ros2_ws/install/mypkg/lib/python3.8/site-packages:${PYTHONPATH} /usr/bin/python3 -W ignore:setup.py install is deprecated setup.py egg_info --egg-base ../../build/mypkg build --build-base /home/koara/ros2_ws/build/mypkg/build install --record /home/koara/ros2_ws/build/mypkg/install.log --install-scripts $base/lib/mypkg --single-version-externally-managed install_data
[1.009s] running egg_info
[1.010s] writing ../../build/mypkg/mypkg.egg-info/PKG-INFO
[1.010s] writing dependency_links to ../../build/mypkg/mypkg.egg-info/dependency_links.txt
[1.011s] writing entry points to ../../build/mypkg/mypkg.egg-info/entry_points.txt
[1.011s] writing requirements to ../../build/mypkg/mypkg.egg-info/requires.txt
[1.011s] writing top-level names to ../../build/mypkg/mypkg.egg-info/top_level.txt
[1.045s] reading manifest file '../../build/mypkg/mypkg.egg-info/SOURCES.txt'
[1.046s] writing manifest file '../../build/mypkg/mypkg.egg-info/SOURCES.txt'
[1.046s] running build
[1.047s] running build_py
[1.048s] copying mypkg/talker.py -> /home/koara/ros2_ws/build/mypkg/build/lib/mypkg
[1.048s] running install
[1.049s] running install_lib
[1.050s] copying /home/koara/ros2_ws/build/mypkg/build/lib/mypkg/talker.py -> /home/koara/ros2_ws/install/mypkg/lib/python3.8/site-packages/mypkg
[1.051s] byte-compiling /home/koara/ros2_ws/install/mypkg/lib/python3.8/site-packages/mypkg/talker.py to talker.cpython-38.pyc
[1.053s] running install_data
[1.054s] copying package.xml -> /home/koara/ros2_ws/install/mypkg/share/mypkg
[1.055s] copying launch/talk_listen.launch.py -> /home/koara/ros2_ws/install/mypkg/share/mypkg
[1.055s] running install_egg_info
[1.057s] removing '/home/koara/ros2_ws/install/mypkg/lib/python3.8/site-packages/mypkg-0.0.0-py3.8.egg-info' (and everything under it)
[1.058s] Copying ../../build/mypkg/mypkg.egg-info to /home/koara/ros2_ws/install/mypkg/lib/python3.8/site-packages/mypkg-0.0.0-py3.8.egg-info
[1.061s] running install_scripts
[1.075s] Installing listener script to /home/koara/ros2_ws/install/mypkg/lib/mypkg
[1.076s] Installing talker script to /home/koara/ros2_ws/install/mypkg/lib/mypkg
[1.076s] writing list of installed files to '/home/koara/ros2_ws/build/mypkg/install.log'
[1.095s] Invoked command in '/home/koara/ros2_ws/src/mypkg' returned '0': PYTHONPATH=/home/koara/ros2_ws/build/mypkg/prefix_override:/usr/lib/python3/dist-packages/colcon_core/task/python/colcon_distutils_commands:/home/koara/ros2_ws/install/mypkg/lib/python3.8/site-packages:${PYTHONPATH} /usr/bin/python3 -W ignore:setup.py install is deprecated setup.py egg_info --egg-base ../../build/mypkg build --build-base /home/koara/ros2_ws/build/mypkg/build install --record /home/koara/ros2_ws/build/mypkg/install.log --install-scripts $base/lib/mypkg --single-version-externally-managed install_data
