[0.624s] Invoking command in '/home/koara/ros2_ws/src/mypkg': PYTHONPATH=/home/koara/ros2_ws/src/build/mypkg/prefix_override:/usr/lib/python3/dist-packages/colcon_core/task/python/colcon_distutils_commands:/home/koara/ros2_ws/src/install/mypkg/lib/python3.8/site-packages:${PYTHONPATH} /usr/bin/python3 -W ignore:setup.py install is deprecated setup.py egg_info --egg-base ../build/mypkg build --build-base /home/koara/ros2_ws/src/build/mypkg/build install --record /home/koara/ros2_ws/src/build/mypkg/install.log --install-scripts $base/lib/mypkg --single-version-externally-managed install_data
[0.809s] running egg_info
[0.810s] writing ../build/mypkg/mypkg.egg-info/PKG-INFO
[0.811s] writing dependency_links to ../build/mypkg/mypkg.egg-info/dependency_links.txt
[0.812s] writing entry points to ../build/mypkg/mypkg.egg-info/entry_points.txt
[0.812s] writing requirements to ../build/mypkg/mypkg.egg-info/requires.txt
[0.812s] writing top-level names to ../build/mypkg/mypkg.egg-info/top_level.txt
[0.845s] reading manifest file '../build/mypkg/mypkg.egg-info/SOURCES.txt'
[0.847s] writing manifest file '../build/mypkg/mypkg.egg-info/SOURCES.txt'
[0.847s] running build
[0.847s] running build_py
[0.849s] copying mypkg/talker.py -> /home/koara/ros2_ws/src/build/mypkg/build/lib/mypkg
[0.850s] copying mypkg/listener.py -> /home/koara/ros2_ws/src/build/mypkg/build/lib/mypkg
[0.850s] running install
[0.851s] running install_lib
[0.852s] copying /home/koara/ros2_ws/src/build/mypkg/build/lib/mypkg/talker.py -> /home/koara/ros2_ws/src/install/mypkg/lib/python3.8/site-packages/mypkg
[0.853s] copying /home/koara/ros2_ws/src/build/mypkg/build/lib/mypkg/listener.py -> /home/koara/ros2_ws/src/install/mypkg/lib/python3.8/site-packages/mypkg
[0.854s] byte-compiling /home/koara/ros2_ws/src/install/mypkg/lib/python3.8/site-packages/mypkg/talker.py to talker.cpython-38.pyc
[0.856s] byte-compiling /home/koara/ros2_ws/src/install/mypkg/lib/python3.8/site-packages/mypkg/listener.py to listener.cpython-38.pyc
[0.856s] running install_data
[0.858s] copying package.xml -> /home/koara/ros2_ws/src/install/mypkg/share/mypkg
[0.858s] running install_egg_info
[0.860s] removing '/home/koara/ros2_ws/src/install/mypkg/lib/python3.8/site-packages/mypkg-0.0.0-py3.8.egg-info' (and everything under it)
[0.860s] Copying ../build/mypkg/mypkg.egg-info to /home/koara/ros2_ws/src/install/mypkg/lib/python3.8/site-packages/mypkg-0.0.0-py3.8.egg-info
[0.862s] running install_scripts
[0.877s] Installing listener script to /home/koara/ros2_ws/src/install/mypkg/lib/mypkg
[0.878s] Installing talker script to /home/koara/ros2_ws/src/install/mypkg/lib/mypkg
[0.878s] writing list of installed files to '/home/koara/ros2_ws/src/build/mypkg/install.log'
[0.900s] Invoked command in '/home/koara/ros2_ws/src/mypkg' returned '0': PYTHONPATH=/home/koara/ros2_ws/src/build/mypkg/prefix_override:/usr/lib/python3/dist-packages/colcon_core/task/python/colcon_distutils_commands:/home/koara/ros2_ws/src/install/mypkg/lib/python3.8/site-packages:${PYTHONPATH} /usr/bin/python3 -W ignore:setup.py install is deprecated setup.py egg_info --egg-base ../build/mypkg build --build-base /home/koara/ros2_ws/src/build/mypkg/build install --record /home/koara/ros2_ws/src/build/mypkg/install.log --install-scripts $base/lib/mypkg --single-version-externally-managed install_data
