[0.833s] Invoking command in '/home/koara/ros2_ws/src/mypkg': PYTHONPATH=/home/koara/ros2_ws/src/build/mypkg/prefix_override:/usr/lib/python3/dist-packages/colcon_core/task/python/colcon_distutils_commands:/home/koara/ros2_ws/src/install/mypkg/lib/python3.8/site-packages:${PYTHONPATH} /usr/bin/python3 -W ignore:setup.py install is deprecated setup.py egg_info --egg-base ../build/mypkg build --build-base /home/koara/ros2_ws/src/build/mypkg/build install --record /home/koara/ros2_ws/src/build/mypkg/install.log --install-scripts $base/lib/mypkg --single-version-externally-managed install_data
[1.029s] running egg_info
[1.030s] writing ../build/mypkg/mypkg.egg-info/PKG-INFO
[1.031s] writing dependency_links to ../build/mypkg/mypkg.egg-info/dependency_links.txt
[1.031s] writing entry points to ../build/mypkg/mypkg.egg-info/entry_points.txt
[1.031s] writing requirements to ../build/mypkg/mypkg.egg-info/requires.txt
[1.032s] writing top-level names to ../build/mypkg/mypkg.egg-info/top_level.txt
[1.080s] reading manifest file '../build/mypkg/mypkg.egg-info/SOURCES.txt'
[1.082s] writing manifest file '../build/mypkg/mypkg.egg-info/SOURCES.txt'
[1.082s] running build
[1.082s] running build_py
[1.083s] copying mypkg/talker.py -> /home/koara/ros2_ws/src/build/mypkg/build/lib/mypkg
[1.083s] copying mypkg/listener.py -> /home/koara/ros2_ws/src/build/mypkg/build/lib/mypkg
[1.083s] running install
[1.084s] running install_lib
[1.087s] copying /home/koara/ros2_ws/src/build/mypkg/build/lib/mypkg/talker.py -> /home/koara/ros2_ws/src/install/mypkg/lib/python3.8/site-packages/mypkg
[1.087s] copying /home/koara/ros2_ws/src/build/mypkg/build/lib/mypkg/listener.py -> /home/koara/ros2_ws/src/install/mypkg/lib/python3.8/site-packages/mypkg
[1.088s] byte-compiling /home/koara/ros2_ws/src/install/mypkg/lib/python3.8/site-packages/mypkg/talker.py to talker.cpython-38.pyc
[1.091s] byte-compiling /home/koara/ros2_ws/src/install/mypkg/lib/python3.8/site-packages/mypkg/listener.py to listener.cpython-38.pyc
[1.092s] running install_data
[1.092s] copying package.xml -> /home/koara/ros2_ws/src/install/mypkg/share/mypkg
[1.093s] copying launch/talk_listen.launch.py -> /home/koara/ros2_ws/src/install/mypkg/share/mypkg
[1.094s] running install_egg_info
[1.097s] removing '/home/koara/ros2_ws/src/install/mypkg/lib/python3.8/site-packages/mypkg-0.0.0-py3.8.egg-info' (and everything under it)
[1.099s] Copying ../build/mypkg/mypkg.egg-info to /home/koara/ros2_ws/src/install/mypkg/lib/python3.8/site-packages/mypkg-0.0.0-py3.8.egg-info
[1.102s] running install_scripts
[1.125s] Installing listener script to /home/koara/ros2_ws/src/install/mypkg/lib/mypkg
[1.125s] Installing talker script to /home/koara/ros2_ws/src/install/mypkg/lib/mypkg
[1.125s] writing list of installed files to '/home/koara/ros2_ws/src/build/mypkg/install.log'
[1.158s] Invoked command in '/home/koara/ros2_ws/src/mypkg' returned '0': PYTHONPATH=/home/koara/ros2_ws/src/build/mypkg/prefix_override:/usr/lib/python3/dist-packages/colcon_core/task/python/colcon_distutils_commands:/home/koara/ros2_ws/src/install/mypkg/lib/python3.8/site-packages:${PYTHONPATH} /usr/bin/python3 -W ignore:setup.py install is deprecated setup.py egg_info --egg-base ../build/mypkg build --build-base /home/koara/ros2_ws/src/build/mypkg/build install --record /home/koara/ros2_ws/src/build/mypkg/install.log --install-scripts $base/lib/mypkg --single-version-externally-managed install_data
