[0.437s] Invoking command in '/home/koara/ros2_ws/build/person_msgs': CMAKE_PREFIX_PATH=/home/koara/ros2_ws/install/mypkg:/opt/ros/foxy /usr/bin/cmake /home/koara/ros2_ws/src/person_msgs -DCMAKE_INSTALL_PREFIX=/home/koara/ros2_ws/install/person_msgs
[1.491s] -- The C compiler identification is GNU 9.4.0
[1.918s] -- The CXX compiler identification is GNU 9.4.0
[2.003s] -- Check for working C compiler: /usr/bin/cc
[2.213s] -- Check for working C compiler: /usr/bin/cc -- works
[2.216s] -- Detecting C compiler ABI info
[2.364s] -- Detecting C compiler ABI info - done
[2.377s] -- Detecting C compile features
[2.379s] -- Detecting C compile features - done
[2.385s] -- Check for working CXX compiler: /usr/bin/c++
[2.543s] -- Check for working CXX compiler: /usr/bin/c++ -- works
[2.544s] -- Detecting CXX compiler ABI info
[2.679s] -- Detecting CXX compiler ABI info - done
[2.692s] -- Detecting CXX compile features
[2.693s] -- Detecting CXX compile features - done
[2.732s] -- Found ament_cmake: 0.9.12 (/opt/ros/foxy/share/ament_cmake/cmake)
[2.775s] -- Found PythonInterp: /usr/bin/python3 (found suitable version "3.8.10", minimum required is "3") 
[2.776s] -- Using PYTHON_EXECUTABLE: /usr/bin/python3
[3.029s] -- Found ament_lint_auto: 0.9.8 (/opt/ros/foxy/share/ament_lint_auto/cmake)
[3.037s] -- Found rosidl_default_generators: 1.0.1 (/opt/ros/foxy/share/rosidl_default_generators/cmake)
[3.050s] -- Using all available rosidl_typesupport_c: rosidl_typesupport_fastrtps_c;rosidl_typesupport_introspection_c
[3.068s] -- Found rosidl_adapter: 1.3.1 (/opt/ros/foxy/share/rosidl_adapter/cmake)
[4.297s] -- Found OpenSSL: /usr/lib/x86_64-linux-gnu/libcrypto.so (found version "1.1.1f")  
[4.977s] -- Found FastRTPS: /opt/ros/foxy/include  
[6.320s] -- Using all available rosidl_typesupport_cpp: rosidl_typesupport_fastrtps_cpp;rosidl_typesupport_introspection_cpp
[6.401s] -- Found PythonInterp: /usr/bin/python3 (found version "3.8.10") 
[6.541s] -- Found ament_cmake_ros: 0.9.2 (/opt/ros/foxy/share/ament_cmake_ros/cmake)
[8.949s] -- Using all available rosidl_typesupport_c: rosidl_typesupport_fastrtps_c;rosidl_typesupport_introspection_c
[8.966s] -- Using all available rosidl_typesupport_cpp: rosidl_typesupport_fastrtps_cpp;rosidl_typesupport_introspection_cpp
[8.989s] -- Found PythonInterp: /usr/bin/python3 (found suitable version "3.8.10", minimum required is "3.5") 
[8.993s] -- Found python_cmake_module: 0.8.1 (/opt/ros/foxy/share/python_cmake_module/cmake)
[9.217s] -- Found PythonLibs: /usr/lib/x86_64-linux-gnu/libpython3.8.so (found suitable version "3.8.10", minimum required is "3.5") 
[9.217s] -- Using PYTHON_EXECUTABLE: /usr/bin/python3
[9.217s] -- Using PYTHON_INCLUDE_DIRS: /usr/include/python3.8
[9.217s] -- Using PYTHON_LIBRARIES: /usr/lib/x86_64-linux-gnu/libpython3.8.so
[9.235s] -- Found PythonExtra: .so  
[9.334s] -- Added test 'copyright' to check source files copyright and LICENSE
[9.339s] -- Added test 'lint_cmake' to check CMake code style
[9.341s] -- Added test 'xmllint' to check XML markup files
[9.358s] -- Configuring done
[9.418s] -- Generating done
[9.421s] -- Build files have been written to: /home/koara/ros2_ws/build/person_msgs
[9.430s] Invoked command in '/home/koara/ros2_ws/build/person_msgs' returned '0': CMAKE_PREFIX_PATH=/home/koara/ros2_ws/install/mypkg:/opt/ros/foxy /usr/bin/cmake /home/koara/ros2_ws/src/person_msgs -DCMAKE_INSTALL_PREFIX=/home/koara/ros2_ws/install/person_msgs
[9.434s] Invoking command in '/home/koara/ros2_ws/build/person_msgs': CMAKE_PREFIX_PATH=/home/koara/ros2_ws/install/mypkg:/opt/ros/foxy /usr/bin/cmake --build /home/koara/ros2_ws/build/person_msgs -- -j12 -l12
[9.479s] [35m[1mScanning dependencies of target person_msgs__cpp[0m
[9.480s] [  3%] [34m[1mGenerating C code for ROS interfaces[0m
[9.490s] [  6%] [34m[1mGenerating C++ code for ROS interfaces[0m
[9.718s] [35m[1mScanning dependencies of target person_msgs__rosidl_generator_c[0m
[9.734s] [  6%] Built target person_msgs__cpp
[9.738s] [  9%] [32mBuilding C object CMakeFiles/person_msgs__rosidl_generator_c.dir/rosidl_generator_c/person_msgs/msg/detail/person__functions.c.o[0m
[9.749s] [ 16%] [34m[1mGenerating C++ type support for eProsima Fast-RTPS[0m
[9.749s] [ 16%] [34m[1mGenerating C++ type support dispatch for ROS interfaces[0m
[9.751s] [ 19%] [34m[1mGenerating C++ introspection for ROS interfaces[0m
[9.835s] [ 22%] [32m[1mLinking C shared library libperson_msgs__rosidl_generator_c.so[0m
[9.925s] [ 22%] Built target person_msgs__rosidl_generator_c
[9.948s] [ 25%] [34m[1mGenerating C introspection for ROS interfaces[0m
[9.948s] [ 29%] [34m[1mGenerating C type support dispatch for ROS interfaces[0m
[9.965s] [35m[1mScanning dependencies of target person_msgs__rosidl_typesupport_cpp[0m
[9.987s] [ 32%] [32mBuilding CXX object CMakeFiles/person_msgs__rosidl_typesupport_cpp.dir/rosidl_typesupport_cpp/person_msgs/msg/person__type_support.cpp.o[0m
[10.000s] [35m[1mScanning dependencies of target person_msgs__rosidl_typesupport_fastrtps_cpp[0m
[10.007s] [35m[1mScanning dependencies of target person_msgs__rosidl_typesupport_introspection_cpp[0m
[10.026s] [ 35%] [32mBuilding CXX object CMakeFiles/person_msgs__rosidl_typesupport_fastrtps_cpp.dir/rosidl_typesupport_fastrtps_cpp/person_msgs/msg/detail/dds_fastrtps/person__type_support.cpp.o[0m
[10.029s] [ 38%] [32mBuilding CXX object CMakeFiles/person_msgs__rosidl_typesupport_introspection_cpp.dir/rosidl_typesupport_introspection_cpp/person_msgs/msg/detail/person__type_support.cpp.o[0m
[10.174s] [35m[1mScanning dependencies of target person_msgs__rosidl_typesupport_c[0m
[10.191s] [ 41%] [32mBuilding CXX object CMakeFiles/person_msgs__rosidl_typesupport_c.dir/rosidl_typesupport_c/person_msgs/msg/person__type_support.cpp.o[0m
[10.203s] [35m[1mScanning dependencies of target person_msgs__rosidl_typesupport_introspection_c[0m
[10.219s] [ 45%] [32mBuilding C object CMakeFiles/person_msgs__rosidl_typesupport_introspection_c.dir/rosidl_typesupport_introspection_c/person_msgs/msg/detail/person__type_support.c.o[0m
[10.239s] [ 48%] [32m[1mLinking CXX shared library libperson_msgs__rosidl_typesupport_c.so[0m
[10.281s] [ 51%] [32m[1mLinking C shared library libperson_msgs__rosidl_typesupport_introspection_c.so[0m
[10.359s] [ 51%] Built target person_msgs__rosidl_typesupport_c
[10.388s] [ 51%] Built target person_msgs__rosidl_typesupport_introspection_c
[10.438s] [ 54%] [32m[1mLinking CXX shared library libperson_msgs__rosidl_typesupport_cpp.so[0m
[10.466s] [ 58%] [32m[1mLinking CXX shared library libperson_msgs__rosidl_typesupport_introspection_cpp.so[0m
[10.533s] [ 58%] Built target person_msgs__rosidl_typesupport_cpp
[10.577s] [ 58%] Built target person_msgs__rosidl_typesupport_introspection_cpp
[10.615s] [ 61%] [32m[1mLinking CXX shared library libperson_msgs__rosidl_typesupport_fastrtps_cpp.so[0m
[10.780s] [ 61%] Built target person_msgs__rosidl_typesupport_fastrtps_cpp
[10.791s] [ 64%] [34m[1mGenerating C type support for eProsima Fast-RTPS[0m
[10.988s] [35m[1mScanning dependencies of target person_msgs__rosidl_typesupport_fastrtps_c[0m
[11.007s] [ 67%] [32mBuilding CXX object CMakeFiles/person_msgs__rosidl_typesupport_fastrtps_c.dir/rosidl_typesupport_fastrtps_c/person_msgs/msg/detail/person__type_support_c.cpp.o[0m
[11.347s] [ 70%] [32m[1mLinking CXX shared library libperson_msgs__rosidl_typesupport_fastrtps_c.so[0m
[11.463s] [ 70%] Built target person_msgs__rosidl_typesupport_fastrtps_c
[11.473s] [35m[1mScanning dependencies of target person_msgs[0m
[11.484s] [ 70%] Built target person_msgs
[11.494s] [35m[1mScanning dependencies of target person_msgs__py[0m
[11.508s] [ 74%] [34m[1mGenerating Python code for ROS interfaces[0m
[12.133s] [ 74%] Built target person_msgs__py
[12.144s] [35m[1mScanning dependencies of target person_msgs__python[0m
[12.207s] [ 77%] [32mBuilding C object CMakeFiles/person_msgs__python.dir/rosidl_generator_py/person_msgs/msg/_person_s.c.o[0m
[12.328s] [ 80%] [32m[1mLinking C shared library rosidl_generator_py/person_msgs/libperson_msgs__python.so[0m
[12.414s] [ 80%] Built target person_msgs__python
[12.426s] [35m[1mScanning dependencies of target person_msgs__rosidl_typesupport_c__pyext[0m
[12.426s] [35m[1mScanning dependencies of target person_msgs__rosidl_typesupport_fastrtps_c__pyext[0m
[12.426s] [35m[1mScanning dependencies of target person_msgs__rosidl_typesupport_introspection_c__pyext[0m
[12.447s] [ 87%] [32mBuilding C object CMakeFiles/person_msgs__rosidl_typesupport_c__pyext.dir/rosidl_generator_py/person_msgs/_person_msgs_s.ep.rosidl_typesupport_c.c.o[0m
[12.447s] [ 87%] [32mBuilding C object CMakeFiles/person_msgs__rosidl_typesupport_introspection_c__pyext.dir/rosidl_generator_py/person_msgs/_person_msgs_s.ep.rosidl_typesupport_introspection_c.c.o[0m
[12.447s] [ 90%] [32mBuilding C object CMakeFiles/person_msgs__rosidl_typesupport_fastrtps_c__pyext.dir/rosidl_generator_py/person_msgs/_person_msgs_s.ep.rosidl_typesupport_fastrtps_c.c.o[0m
[12.533s] [ 93%] [32m[1mLinking C shared library rosidl_generator_py/person_msgs/person_msgs_s__rosidl_typesupport_c.cpython-38-x86_64-linux-gnu.so[0m
[12.536s] [ 96%] [32m[1mLinking CXX shared library rosidl_generator_py/person_msgs/person_msgs_s__rosidl_typesupport_fastrtps_c.cpython-38-x86_64-linux-gnu.so[0m
[12.536s] [100%] [32m[1mLinking C shared library rosidl_generator_py/person_msgs/person_msgs_s__rosidl_typesupport_introspection_c.cpython-38-x86_64-linux-gnu.so[0m
[12.602s] [100%] Built target person_msgs__rosidl_typesupport_introspection_c__pyext
[12.602s] [100%] Built target person_msgs__rosidl_typesupport_c__pyext
[12.647s] [100%] Built target person_msgs__rosidl_typesupport_fastrtps_c__pyext
[12.660s] Invoked command in '/home/koara/ros2_ws/build/person_msgs' returned '0': CMAKE_PREFIX_PATH=/home/koara/ros2_ws/install/mypkg:/opt/ros/foxy /usr/bin/cmake --build /home/koara/ros2_ws/build/person_msgs -- -j12 -l12
[12.747s] Invoking command in '/home/koara/ros2_ws/build/person_msgs': CMAKE_PREFIX_PATH=/home/koara/ros2_ws/install/mypkg:/opt/ros/foxy /usr/bin/cmake --install /home/koara/ros2_ws/build/person_msgs
[12.756s] -- Install configuration: ""
[12.757s] -- Installing: /home/koara/ros2_ws/install/person_msgs/share/ament_index/resource_index/rosidl_interfaces/person_msgs
[12.757s] -- Installing: /home/koara/ros2_ws/install/person_msgs/include/person_msgs
[12.758s] -- Installing: /home/koara/ros2_ws/install/person_msgs/include/person_msgs/msg
[12.758s] -- Installing: /home/koara/ros2_ws/install/person_msgs/include/person_msgs/msg/rosidl_generator_c__visibility_control.h
[12.758s] -- Installing: /home/koara/ros2_ws/install/person_msgs/include/person_msgs/msg/person.h
[12.759s] -- Installing: /home/koara/ros2_ws/install/person_msgs/include/person_msgs/msg/detail
[12.759s] -- Installing: /home/koara/ros2_ws/install/person_msgs/include/person_msgs/msg/detail/person__functions.c
[12.759s] -- Installing: /home/koara/ros2_ws/install/person_msgs/include/person_msgs/msg/detail/person__functions.h
[12.759s] -- Installing: /home/koara/ros2_ws/install/person_msgs/include/person_msgs/msg/detail/person__type_support.h
[12.759s] -- Installing: /home/koara/ros2_ws/install/person_msgs/include/person_msgs/msg/detail/person__struct.h
[12.760s] -- Installing: /home/koara/ros2_ws/install/person_msgs/share/person_msgs/environment/library_path.sh
[12.760s] -- Installing: /home/koara/ros2_ws/install/person_msgs/share/person_msgs/environment/library_path.dsv
[12.760s] -- Installing: /home/koara/ros2_ws/install/person_msgs/lib/libperson_msgs__rosidl_generator_c.so
[12.761s] -- Set runtime path of "/home/koara/ros2_ws/install/person_msgs/lib/libperson_msgs__rosidl_generator_c.so" to ""
[12.761s] -- Up-to-date: /home/koara/ros2_ws/install/person_msgs/include/person_msgs
[12.761s] -- Up-to-date: /home/koara/ros2_ws/install/person_msgs/include/person_msgs/msg
[12.761s] -- Up-to-date: /home/koara/ros2_ws/install/person_msgs/include/person_msgs/msg/detail
[12.762s] -- Installing: /home/koara/ros2_ws/install/person_msgs/include/person_msgs/msg/detail/person__rosidl_typesupport_fastrtps_c.h
[12.762s] -- Installing: /home/koara/ros2_ws/install/person_msgs/include/person_msgs/msg/rosidl_typesupport_fastrtps_c__visibility_control.h
[12.762s] -- Installing: /home/koara/ros2_ws/install/person_msgs/lib/libperson_msgs__rosidl_typesupport_fastrtps_c.so
[12.763s] -- Set runtime path of "/home/koara/ros2_ws/install/person_msgs/lib/libperson_msgs__rosidl_typesupport_fastrtps_c.so" to ""
[12.763s] -- Up-to-date: /home/koara/ros2_ws/install/person_msgs/include/person_msgs
[12.763s] -- Up-to-date: /home/koara/ros2_ws/install/person_msgs/include/person_msgs/msg
[12.763s] -- Installing: /home/koara/ros2_ws/install/person_msgs/include/person_msgs/msg/rosidl_typesupport_fastrtps_cpp__visibility_control.h
[12.763s] -- Up-to-date: /home/koara/ros2_ws/install/person_msgs/include/person_msgs/msg/detail
[12.763s] -- Installing: /home/koara/ros2_ws/install/person_msgs/include/person_msgs/msg/detail/dds_fastrtps
[12.763s] -- Installing: /home/koara/ros2_ws/install/person_msgs/include/person_msgs/msg/detail/person__rosidl_typesupport_fastrtps_cpp.hpp
[12.763s] -- Installing: /home/koara/ros2_ws/install/person_msgs/lib/libperson_msgs__rosidl_typesupport_fastrtps_cpp.so
[12.763s] -- Set runtime path of "/home/koara/ros2_ws/install/person_msgs/lib/libperson_msgs__rosidl_typesupport_fastrtps_cpp.so" to ""
[12.764s] -- Up-to-date: /home/koara/ros2_ws/install/person_msgs/include/person_msgs
[12.764s] -- Up-to-date: /home/koara/ros2_ws/install/person_msgs/include/person_msgs/msg
[12.764s] -- Up-to-date: /home/koara/ros2_ws/install/person_msgs/include/person_msgs/msg/detail
[12.764s] -- Installing: /home/koara/ros2_ws/install/person_msgs/include/person_msgs/msg/detail/person__rosidl_typesupport_introspection_c.h
[12.764s] -- Installing: /home/koara/ros2_ws/install/person_msgs/include/person_msgs/msg/detail/person__type_support.c
[12.765s] -- Installing: /home/koara/ros2_ws/install/person_msgs/include/person_msgs/msg/rosidl_typesupport_introspection_c__visibility_control.h
[12.765s] -- Installing: /home/koara/ros2_ws/install/person_msgs/lib/libperson_msgs__rosidl_typesupport_introspection_c.so
[12.765s] -- Set runtime path of "/home/koara/ros2_ws/install/person_msgs/lib/libperson_msgs__rosidl_typesupport_introspection_c.so" to ""
[12.765s] -- Installing: /home/koara/ros2_ws/install/person_msgs/lib/libperson_msgs__rosidl_typesupport_c.so
[12.766s] -- Set runtime path of "/home/koara/ros2_ws/install/person_msgs/lib/libperson_msgs__rosidl_typesupport_c.so" to ""
[12.766s] -- Up-to-date: /home/koara/ros2_ws/install/person_msgs/include/person_msgs
[12.766s] -- Up-to-date: /home/koara/ros2_ws/install/person_msgs/include/person_msgs/msg
[12.766s] -- Up-to-date: /home/koara/ros2_ws/install/person_msgs/include/person_msgs/msg/detail
[12.766s] -- Installing: /home/koara/ros2_ws/install/person_msgs/include/person_msgs/msg/detail/person__struct.hpp
[12.767s] -- Installing: /home/koara/ros2_ws/install/person_msgs/include/person_msgs/msg/detail/person__type_support.hpp
[12.767s] -- Installing: /home/koara/ros2_ws/install/person_msgs/include/person_msgs/msg/detail/person__builder.hpp
[12.767s] -- Installing: /home/koara/ros2_ws/install/person_msgs/include/person_msgs/msg/detail/person__traits.hpp
[12.767s] -- Installing: /home/koara/ros2_ws/install/person_msgs/include/person_msgs/msg/rosidl_generator_cpp__visibility_control.hpp
[12.767s] -- Installing: /home/koara/ros2_ws/install/person_msgs/include/person_msgs/msg/person.hpp
[12.767s] -- Up-to-date: /home/koara/ros2_ws/install/person_msgs/include/person_msgs
[12.767s] -- Up-to-date: /home/koara/ros2_ws/install/person_msgs/include/person_msgs/msg
[12.768s] -- Up-to-date: /home/koara/ros2_ws/install/person_msgs/include/person_msgs/msg/detail
[12.768s] -- Installing: /home/koara/ros2_ws/install/person_msgs/include/person_msgs/msg/detail/person__rosidl_typesupport_introspection_cpp.hpp
[12.768s] -- Installing: /home/koara/ros2_ws/install/person_msgs/include/person_msgs/msg/detail/person__type_support.cpp
[12.768s] -- Installing: /home/koara/ros2_ws/install/person_msgs/lib/libperson_msgs__rosidl_typesupport_introspection_cpp.so
[12.769s] -- Set runtime path of "/home/koara/ros2_ws/install/person_msgs/lib/libperson_msgs__rosidl_typesupport_introspection_cpp.so" to ""
[12.769s] -- Installing: /home/koara/ros2_ws/install/person_msgs/lib/libperson_msgs__rosidl_typesupport_cpp.so
[12.769s] -- Set runtime path of "/home/koara/ros2_ws/install/person_msgs/lib/libperson_msgs__rosidl_typesupport_cpp.so" to ""
[12.769s] -- Installing: /home/koara/ros2_ws/install/person_msgs/share/person_msgs/environment/pythonpath.sh
[12.769s] -- Installing: /home/koara/ros2_ws/install/person_msgs/share/person_msgs/environment/pythonpath.dsv
[12.770s] -- Installing: /home/koara/ros2_ws/install/person_msgs/lib/python3.8/site-packages/person_msgs/__init__.py
[12.800s] Compiling '/home/koara/ros2_ws/install/person_msgs/lib/python3.8/site-packages/person_msgs/__init__.py'...
[12.804s] -- Installing: /home/koara/ros2_ws/install/person_msgs/lib/python3.8/site-packages/person_msgs/msg
[12.805s] -- Installing: /home/koara/ros2_ws/install/person_msgs/lib/python3.8/site-packages/person_msgs/msg/__init__.py
[12.805s] -- Installing: /home/koara/ros2_ws/install/person_msgs/lib/python3.8/site-packages/person_msgs/msg/_person_s.c
[12.805s] -- Installing: /home/koara/ros2_ws/install/person_msgs/lib/python3.8/site-packages/person_msgs/msg/_person.py
[12.806s] -- Installing: /home/koara/ros2_ws/install/person_msgs/lib/python3.8/site-packages/person_msgs/person_msgs_s__rosidl_typesupport_fastrtps_c.cpython-38-x86_64-linux-gnu.so
[12.806s] -- Set runtime path of "/home/koara/ros2_ws/install/person_msgs/lib/python3.8/site-packages/person_msgs/person_msgs_s__rosidl_typesupport_fastrtps_c.cpython-38-x86_64-linux-gnu.so" to ""
[12.807s] -- Installing: /home/koara/ros2_ws/install/person_msgs/lib/python3.8/site-packages/person_msgs/person_msgs_s__rosidl_typesupport_introspection_c.cpython-38-x86_64-linux-gnu.so
[12.808s] -- Set runtime path of "/home/koara/ros2_ws/install/person_msgs/lib/python3.8/site-packages/person_msgs/person_msgs_s__rosidl_typesupport_introspection_c.cpython-38-x86_64-linux-gnu.so" to ""
[12.808s] -- Installing: /home/koara/ros2_ws/install/person_msgs/lib/python3.8/site-packages/person_msgs/person_msgs_s__rosidl_typesupport_c.cpython-38-x86_64-linux-gnu.so
[12.809s] -- Set runtime path of "/home/koara/ros2_ws/install/person_msgs/lib/python3.8/site-packages/person_msgs/person_msgs_s__rosidl_typesupport_c.cpython-38-x86_64-linux-gnu.so" to ""
[12.809s] -- Installing: /home/koara/ros2_ws/install/person_msgs/lib/libperson_msgs__python.so
[12.809s] -- Set runtime path of "/home/koara/ros2_ws/install/person_msgs/lib/libperson_msgs__python.so" to ""
[12.810s] -- Installing: /home/koara/ros2_ws/install/person_msgs/share/person_msgs/msg/Person.idl
[12.810s] -- Installing: /home/koara/ros2_ws/install/person_msgs/share/person_msgs/msg/Person.msg
[12.811s] -- Installing: /home/koara/ros2_ws/install/person_msgs/share/ament_index/resource_index/package_run_dependencies/person_msgs
[12.811s] -- Installing: /home/koara/ros2_ws/install/person_msgs/share/ament_index/resource_index/parent_prefix_path/person_msgs
[12.811s] -- Installing: /home/koara/ros2_ws/install/person_msgs/share/person_msgs/environment/ament_prefix_path.sh
[12.812s] -- Installing: /home/koara/ros2_ws/install/person_msgs/share/person_msgs/environment/ament_prefix_path.dsv
[12.812s] -- Installing: /home/koara/ros2_ws/install/person_msgs/share/person_msgs/environment/path.sh
[12.812s] -- Installing: /home/koara/ros2_ws/install/person_msgs/share/person_msgs/environment/path.dsv
[12.812s] -- Installing: /home/koara/ros2_ws/install/person_msgs/share/person_msgs/local_setup.bash
[12.813s] -- Installing: /home/koara/ros2_ws/install/person_msgs/share/person_msgs/local_setup.sh
[12.813s] -- Installing: /home/koara/ros2_ws/install/person_msgs/share/person_msgs/local_setup.zsh
[12.813s] -- Installing: /home/koara/ros2_ws/install/person_msgs/share/person_msgs/local_setup.dsv
[12.813s] -- Installing: /home/koara/ros2_ws/install/person_msgs/share/person_msgs/package.dsv
[12.814s] -- Installing: /home/koara/ros2_ws/install/person_msgs/share/ament_index/resource_index/packages/person_msgs
[12.814s] -- Installing: /home/koara/ros2_ws/install/person_msgs/share/person_msgs/cmake/person_msgs__rosidl_generator_cExport.cmake
[12.814s] -- Installing: /home/koara/ros2_ws/install/person_msgs/share/person_msgs/cmake/person_msgs__rosidl_generator_cExport-noconfig.cmake
[12.815s] -- Installing: /home/koara/ros2_ws/install/person_msgs/share/person_msgs/cmake/person_msgs__rosidl_typesupport_introspection_cExport.cmake
[12.815s] -- Installing: /home/koara/ros2_ws/install/person_msgs/share/person_msgs/cmake/person_msgs__rosidl_typesupport_introspection_cExport-noconfig.cmake
[12.815s] -- Installing: /home/koara/ros2_ws/install/person_msgs/share/person_msgs/cmake/person_msgs__rosidl_typesupport_cExport.cmake
[12.816s] -- Installing: /home/koara/ros2_ws/install/person_msgs/share/person_msgs/cmake/person_msgs__rosidl_typesupport_cExport-noconfig.cmake
[12.816s] -- Installing: /home/koara/ros2_ws/install/person_msgs/share/person_msgs/cmake/person_msgs__rosidl_generator_cppExport.cmake
[12.816s] -- Installing: /home/koara/ros2_ws/install/person_msgs/share/person_msgs/cmake/person_msgs__rosidl_typesupport_introspection_cppExport.cmake
[12.817s] -- Installing: /home/koara/ros2_ws/install/person_msgs/share/person_msgs/cmake/person_msgs__rosidl_typesupport_introspection_cppExport-noconfig.cmake
[12.817s] -- Installing: /home/koara/ros2_ws/install/person_msgs/share/person_msgs/cmake/person_msgs__rosidl_typesupport_cppExport.cmake
[12.817s] -- Installing: /home/koara/ros2_ws/install/person_msgs/share/person_msgs/cmake/person_msgs__rosidl_typesupport_cppExport-noconfig.cmake
[12.817s] -- Installing: /home/koara/ros2_ws/install/person_msgs/share/person_msgs/cmake/rosidl_cmake-extras.cmake
[12.817s] -- Installing: /home/koara/ros2_ws/install/person_msgs/share/person_msgs/cmake/ament_cmake_export_dependencies-extras.cmake
[12.817s] -- Installing: /home/koara/ros2_ws/install/person_msgs/share/person_msgs/cmake/ament_cmake_export_libraries-extras.cmake
[12.818s] -- Installing: /home/koara/ros2_ws/install/person_msgs/share/person_msgs/cmake/ament_cmake_export_targets-extras.cmake
[12.818s] -- Installing: /home/koara/ros2_ws/install/person_msgs/share/person_msgs/cmake/ament_cmake_export_include_directories-extras.cmake
[12.818s] -- Installing: /home/koara/ros2_ws/install/person_msgs/share/person_msgs/cmake/rosidl_cmake_export_typesupport_libraries-extras.cmake
[12.819s] -- Installing: /home/koara/ros2_ws/install/person_msgs/share/person_msgs/cmake/rosidl_cmake_export_typesupport_targets-extras.cmake
[12.819s] -- Installing: /home/koara/ros2_ws/install/person_msgs/share/person_msgs/cmake/person_msgsConfig.cmake
[12.819s] -- Installing: /home/koara/ros2_ws/install/person_msgs/share/person_msgs/cmake/person_msgsConfig-version.cmake
[12.819s] -- Installing: /home/koara/ros2_ws/install/person_msgs/share/person_msgs/package.xml
[12.822s] Invoked command in '/home/koara/ros2_ws/build/person_msgs' returned '0': CMAKE_PREFIX_PATH=/home/koara/ros2_ws/install/mypkg:/opt/ros/foxy /usr/bin/cmake --install /home/koara/ros2_ws/build/person_msgs
