[0.873s] Invoking command in '/home/koara/ros2_ws/src/mypkg': PYTHONPATH=/home/koara/ros2_ws/build/mypkg/prefix_override:/usr/lib/python3/dist-packages/colcon_core/task/python/colcon_distutils_commands:/home/koara/ros2_ws/install/mypkg/lib/python3.8/site-packages:${PYTHONPATH} /usr/bin/python3 -W ignore:setup.py install is deprecated setup.py egg_info --egg-base ../../build/mypkg build --build-base /home/koara/ros2_ws/build/mypkg/build install --record /home/koara/ros2_ws/build/mypkg/install.log --install-scripts $base/lib/mypkg --single-version-externally-managed install_data
[1.130s] running egg_info
[1.131s] writing ../../build/mypkg/mypkg.egg-info/PKG-INFO
[1.131s] writing dependency_links to ../../build/mypkg/mypkg.egg-info/dependency_links.txt
[1.131s] writing entry points to ../../build/mypkg/mypkg.egg-info/entry_points.txt
[1.131s] writing requirements to ../../build/mypkg/mypkg.egg-info/requires.txt
[1.132s] writing top-level names to ../../build/mypkg/mypkg.egg-info/top_level.txt
[1.171s] reading manifest file '../../build/mypkg/mypkg.egg-info/SOURCES.txt'
[1.173s] writing manifest file '../../build/mypkg/mypkg.egg-info/SOURCES.txt'
[1.173s] running build
[1.173s] running build_py
[1.173s] copying mypkg/talker.py -> /home/koara/ros2_ws/build/mypkg/build/lib/mypkg
[1.174s] copying mypkg/listener.py -> /home/koara/ros2_ws/build/mypkg/build/lib/mypkg
[1.174s] running install
[1.175s] running install_lib
[1.176s] copying /home/koara/ros2_ws/build/mypkg/build/lib/mypkg/talker.py -> /home/koara/ros2_ws/install/mypkg/lib/python3.8/site-packages/mypkg
[1.177s] copying /home/koara/ros2_ws/build/mypkg/build/lib/mypkg/listener.py -> /home/koara/ros2_ws/install/mypkg/lib/python3.8/site-packages/mypkg
[1.178s] byte-compiling /home/koara/ros2_ws/install/mypkg/lib/python3.8/site-packages/mypkg/talker.py to talker.cpython-38.pyc
[1.180s] byte-compiling /home/koara/ros2_ws/install/mypkg/lib/python3.8/site-packages/mypkg/listener.py to listener.cpython-38.pyc
[1.181s] running install_data
[1.181s] running install_egg_info
[1.182s] removing '/home/koara/ros2_ws/install/mypkg/lib/python3.8/site-packages/mypkg-0.0.0-py3.8.egg-info' (and everything under it)
[1.183s] Copying ../../build/mypkg/mypkg.egg-info to /home/koara/ros2_ws/install/mypkg/lib/python3.8/site-packages/mypkg-0.0.0-py3.8.egg-info
[1.185s] running install_scripts
[1.206s] Installing listener script to /home/koara/ros2_ws/install/mypkg/lib/mypkg
[1.206s] Installing talker script to /home/koara/ros2_ws/install/mypkg/lib/mypkg
[1.206s] writing list of installed files to '/home/koara/ros2_ws/build/mypkg/install.log'
[1.239s] Invoked command in '/home/koara/ros2_ws/src/mypkg' returned '0': PYTHONPATH=/home/koara/ros2_ws/build/mypkg/prefix_override:/usr/lib/python3/dist-packages/colcon_core/task/python/colcon_distutils_commands:/home/koara/ros2_ws/install/mypkg/lib/python3.8/site-packages:${PYTHONPATH} /usr/bin/python3 -W ignore:setup.py install is deprecated setup.py egg_info --egg-base ../../build/mypkg build --build-base /home/koara/ros2_ws/build/mypkg/build install --record /home/koara/ros2_ws/build/mypkg/install.log --install-scripts $base/lib/mypkg --single-version-externally-managed install_data
