[0.911s] Invoking command in '/home/koara/ros2_ws/src/mypkg': PYTHONPATH=/home/koara/ros2_ws/build/mypkg/prefix_override:/usr/lib/python3/dist-packages/colcon_core/task/python/colcon_distutils_commands:/home/koara/ros2_ws/install/mypkg/lib/python3.8/site-packages:${PYTHONPATH} /usr/bin/python3 -W ignore:setup.py install is deprecated setup.py egg_info --egg-base ../../build/mypkg build --build-base /home/koara/ros2_ws/build/mypkg/build install --record /home/koara/ros2_ws/build/mypkg/install.log --install-scripts $base/lib/mypkg --single-version-externally-managed install_data
[1.159s] running egg_info
[1.159s] writing ../../build/mypkg/mypkg.egg-info/PKG-INFO
[1.160s] writing dependency_links to ../../build/mypkg/mypkg.egg-info/dependency_links.txt
[1.160s] writing entry points to ../../build/mypkg/mypkg.egg-info/entry_points.txt
[1.161s] writing requirements to ../../build/mypkg/mypkg.egg-info/requires.txt
[1.161s] writing top-level names to ../../build/mypkg/mypkg.egg-info/top_level.txt
[1.210s] reading manifest file '../../build/mypkg/mypkg.egg-info/SOURCES.txt'
[1.211s] writing manifest file '../../build/mypkg/mypkg.egg-info/SOURCES.txt'
[1.211s] running build
[1.211s] running build_py
[1.213s] copying mypkg/talker.py -> /home/koara/ros2_ws/build/mypkg/build/lib/mypkg
[1.216s] running install
[1.218s] running install_lib
[1.219s] copying /home/koara/ros2_ws/build/mypkg/build/lib/mypkg/talker.py -> /home/koara/ros2_ws/install/mypkg/lib/python3.8/site-packages/mypkg
[1.221s] byte-compiling /home/koara/ros2_ws/install/mypkg/lib/python3.8/site-packages/mypkg/talker.py to talker.cpython-38.pyc
[1.223s] running install_data
[1.223s] running install_egg_info
[1.226s] removing '/home/koara/ros2_ws/install/mypkg/lib/python3.8/site-packages/mypkg-0.0.0-py3.8.egg-info' (and everything under it)
[1.226s] Copying ../../build/mypkg/mypkg.egg-info to /home/koara/ros2_ws/install/mypkg/lib/python3.8/site-packages/mypkg-0.0.0-py3.8.egg-info
[1.229s] running install_scripts
[1.253s] Installing listener script to /home/koara/ros2_ws/install/mypkg/lib/mypkg
[1.254s] Installing talker script to /home/koara/ros2_ws/install/mypkg/lib/mypkg
[1.254s] writing list of installed files to '/home/koara/ros2_ws/build/mypkg/install.log'
[1.289s] Invoked command in '/home/koara/ros2_ws/src/mypkg' returned '0': PYTHONPATH=/home/koara/ros2_ws/build/mypkg/prefix_override:/usr/lib/python3/dist-packages/colcon_core/task/python/colcon_distutils_commands:/home/koara/ros2_ws/install/mypkg/lib/python3.8/site-packages:${PYTHONPATH} /usr/bin/python3 -W ignore:setup.py install is deprecated setup.py egg_info --egg-base ../../build/mypkg build --build-base /home/koara/ros2_ws/build/mypkg/build install --record /home/koara/ros2_ws/build/mypkg/install.log --install-scripts $base/lib/mypkg --single-version-externally-managed install_data
