[0.245s] Invoking command in '/home/koara/ros2_ws/src/build/person_msgs': CMAKE_PREFIX_PATH=${CMAKE_PREFIX_PATH}:/home/koara/ros2_ws/install/mypkg:/opt/ros/foxy /usr/bin/cmake /home/koara/ros2_ws/src/person_msgs -DCMAKE_INSTALL_PREFIX=/home/koara/ros2_ws/src/install/person_msgs
[0.801s] -- The C compiler identification is GNU 9.4.0
[1.181s] -- The CXX compiler identification is GNU 9.4.0
[1.262s] -- Check for working C compiler: /usr/bin/cc
[1.405s] -- Check for working C compiler: /usr/bin/cc -- works
[1.407s] -- Detecting C compiler ABI info
[1.528s] -- Detecting C compiler ABI info - done
[1.542s] -- Detecting C compile features
[1.543s] -- Detecting C compile features - done
[1.547s] -- Check for working CXX compiler: /usr/bin/c++
[1.690s] -- Check for working CXX compiler: /usr/bin/c++ -- works
[1.691s] -- Detecting CXX compiler ABI info
[1.828s] -- Detecting CXX compiler ABI info - done
[1.839s] -- Detecting CXX compile features
[1.839s] -- Detecting CXX compile features - done
[1.855s] -- Found ament_cmake: 0.9.12 (/opt/ros/foxy/share/ament_cmake/cmake)
[1.893s] -- Found PythonInterp: /usr/bin/python3 (found suitable version "3.8.10", minimum required is "3") 
[1.893s] -- Using PYTHON_EXECUTABLE: /usr/bin/python3
[2.113s] -- Found ament_lint_auto: 0.9.8 (/opt/ros/foxy/share/ament_lint_auto/cmake)
[2.116s] -- Found rosidl_default_generators: 1.0.1 (/opt/ros/foxy/share/rosidl_default_generators/cmake)
[2.123s] -- Using all available rosidl_typesupport_c: rosidl_typesupport_fastrtps_c;rosidl_typesupport_introspection_c
[2.136s] -- Found rosidl_adapter: 1.3.1 (/opt/ros/foxy/share/rosidl_adapter/cmake)
[2.906s] -- Found OpenSSL: /usr/lib/x86_64-linux-gnu/libcrypto.so (found version "1.1.1f")  
[3.544s] -- Found FastRTPS: /opt/ros/foxy/include  
[4.787s] -- Using all available rosidl_typesupport_cpp: rosidl_typesupport_fastrtps_cpp;rosidl_typesupport_introspection_cpp
[4.843s] -- Found PythonInterp: /usr/bin/python3 (found version "3.8.10") 
[4.961s] -- Found ament_cmake_ros: 0.9.2 (/opt/ros/foxy/share/ament_cmake_ros/cmake)
[7.396s] -- Using all available rosidl_typesupport_c: rosidl_typesupport_fastrtps_c;rosidl_typesupport_introspection_c
[7.408s] -- Using all available rosidl_typesupport_cpp: rosidl_typesupport_fastrtps_cpp;rosidl_typesupport_introspection_cpp
[7.433s] -- Found PythonInterp: /usr/bin/python3 (found suitable version "3.8.10", minimum required is "3.5") 
[7.435s] -- Found python_cmake_module: 0.8.1 (/opt/ros/foxy/share/python_cmake_module/cmake)
[7.710s] -- Found PythonLibs: /usr/lib/x86_64-linux-gnu/libpython3.8.so (found suitable version "3.8.10", minimum required is "3.5") 
[7.710s] -- Using PYTHON_EXECUTABLE: /usr/bin/python3
[7.710s] -- Using PYTHON_INCLUDE_DIRS: /usr/include/python3.8
[7.710s] -- Using PYTHON_LIBRARIES: /usr/lib/x86_64-linux-gnu/libpython3.8.so
[7.731s] -- Found PythonExtra: .so  
[7.821s] -- Added test 'copyright' to check source files copyright and LICENSE
[7.826s] -- Added test 'lint_cmake' to check CMake code style
[7.828s] -- Added test 'xmllint' to check XML markup files
[7.845s] -- Configuring done
[7.898s] -- Generating done
[7.902s] -- Build files have been written to: /home/koara/ros2_ws/src/build/person_msgs
[7.910s] Invoked command in '/home/koara/ros2_ws/src/build/person_msgs' returned '0': CMAKE_PREFIX_PATH=${CMAKE_PREFIX_PATH}:/home/koara/ros2_ws/install/mypkg:/opt/ros/foxy /usr/bin/cmake /home/koara/ros2_ws/src/person_msgs -DCMAKE_INSTALL_PREFIX=/home/koara/ros2_ws/src/install/person_msgs
[7.913s] Invoking command in '/home/koara/ros2_ws/src/build/person_msgs': CMAKE_PREFIX_PATH=${CMAKE_PREFIX_PATH}:/home/koara/ros2_ws/install/mypkg:/opt/ros/foxy /usr/bin/cmake --build /home/koara/ros2_ws/src/build/person_msgs -- -j12 -l12
[7.956s] [  3%] [34m[1mGenerating C code for ROS interfaces[0m
[7.956s] [35m[1mScanning dependencies of target person_msgs__cpp[0m
[7.968s] [  6%] [34m[1mGenerating C++ code for ROS interfaces[0m
[8.189s] [35m[1mScanning dependencies of target person_msgs__rosidl_generator_c[0m
[8.204s] [  6%] Built target person_msgs__cpp
[8.207s] [  9%] [32mBuilding C object CMakeFiles/person_msgs__rosidl_generator_c.dir/rosidl_generator_c/person_msgs/msg/detail/person__functions.c.o[0m
[8.216s] [ 16%] [34m[1mGenerating C++ introspection for ROS interfaces[0m
[8.216s] [ 16%] [34m[1mGenerating C++ type support for eProsima Fast-RTPS[0m
[8.216s] [ 19%] [34m[1mGenerating C++ type support dispatch for ROS interfaces[0m
[8.294s] [ 22%] [32m[1mLinking C shared library libperson_msgs__rosidl_generator_c.so[0m
[8.403s] [ 22%] Built target person_msgs__rosidl_generator_c
[8.417s] [ 29%] [34m[1mGenerating C introspection for ROS interfaces[0m
[8.417s] [ 29%] [34m[1mGenerating C type support dispatch for ROS interfaces[0m
[8.473s] [35m[1mScanning dependencies of target person_msgs__rosidl_typesupport_cpp[0m
[8.490s] [35m[1mScanning dependencies of target person_msgs__rosidl_typesupport_introspection_cpp[0m
[8.490s] [35m[1mScanning dependencies of target person_msgs__rosidl_typesupport_fastrtps_cpp[0m
[8.492s] [ 32%] [32mBuilding CXX object CMakeFiles/person_msgs__rosidl_typesupport_cpp.dir/rosidl_typesupport_cpp/person_msgs/msg/person__type_support.cpp.o[0m
[8.509s] [ 35%] [32mBuilding CXX object CMakeFiles/person_msgs__rosidl_typesupport_introspection_cpp.dir/rosidl_typesupport_introspection_cpp/person_msgs/msg/detail/person__type_support.cpp.o[0m
[8.514s] [ 38%] [32mBuilding CXX object CMakeFiles/person_msgs__rosidl_typesupport_fastrtps_cpp.dir/rosidl_typesupport_fastrtps_cpp/person_msgs/msg/detail/dds_fastrtps/person__type_support.cpp.o[0m
[8.668s] [35m[1mScanning dependencies of target person_msgs__rosidl_typesupport_c[0m
[8.685s] [ 41%] [32mBuilding CXX object CMakeFiles/person_msgs__rosidl_typesupport_c.dir/rosidl_typesupport_c/person_msgs/msg/person__type_support.cpp.o[0m
[8.689s] [35m[1mScanning dependencies of target person_msgs__rosidl_typesupport_introspection_c[0m
[8.714s] [ 45%] [32mBuilding C object CMakeFiles/person_msgs__rosidl_typesupport_introspection_c.dir/rosidl_typesupport_introspection_c/person_msgs/msg/detail/person__type_support.c.o[0m
[8.728s] [ 48%] [32m[1mLinking CXX shared library libperson_msgs__rosidl_typesupport_c.so[0m
[8.762s] [ 51%] [32m[1mLinking C shared library libperson_msgs__rosidl_typesupport_introspection_c.so[0m
[8.829s] [ 51%] Built target person_msgs__rosidl_typesupport_c
[8.845s] [ 51%] Built target person_msgs__rosidl_typesupport_introspection_c
[8.934s] [ 54%] [32m[1mLinking CXX shared library libperson_msgs__rosidl_typesupport_cpp.so[0m
[8.946s] [ 58%] [32m[1mLinking CXX shared library libperson_msgs__rosidl_typesupport_introspection_cpp.so[0m
[9.044s] [ 58%] Built target person_msgs__rosidl_typesupport_cpp
[9.083s] [ 58%] Built target person_msgs__rosidl_typesupport_introspection_cpp
[9.124s] [ 61%] [32m[1mLinking CXX shared library libperson_msgs__rosidl_typesupport_fastrtps_cpp.so[0m
[9.275s] [ 61%] Built target person_msgs__rosidl_typesupport_fastrtps_cpp
[9.286s] [ 64%] [34m[1mGenerating C type support for eProsima Fast-RTPS[0m
[9.480s] [35m[1mScanning dependencies of target person_msgs__rosidl_typesupport_fastrtps_c[0m
[9.496s] [ 67%] [32mBuilding CXX object CMakeFiles/person_msgs__rosidl_typesupport_fastrtps_c.dir/rosidl_typesupport_fastrtps_c/person_msgs/msg/detail/person__type_support_c.cpp.o[0m
[9.837s] [ 70%] [32m[1mLinking CXX shared library libperson_msgs__rosidl_typesupport_fastrtps_c.so[0m
[9.961s] [ 70%] Built target person_msgs__rosidl_typesupport_fastrtps_c
[9.972s] [35m[1mScanning dependencies of target person_msgs[0m
[9.984s] [ 70%] Built target person_msgs
[9.996s] [35m[1mScanning dependencies of target person_msgs__py[0m
[10.008s] [ 74%] [34m[1mGenerating Python code for ROS interfaces[0m
[10.457s] [ 74%] Built target person_msgs__py
[10.468s] [35m[1mScanning dependencies of target person_msgs__python[0m
[10.531s] [ 77%] [32mBuilding C object CMakeFiles/person_msgs__python.dir/rosidl_generator_py/person_msgs/msg/_person_s.c.o[0m
[10.635s] [ 80%] [32m[1mLinking C shared library rosidl_generator_py/person_msgs/libperson_msgs__python.so[0m
[10.711s] [ 80%] Built target person_msgs__python
[10.723s] [35m[1mScanning dependencies of target person_msgs__rosidl_typesupport_c__pyext[0m
[10.723s] [35m[1mScanning dependencies of target person_msgs__rosidl_typesupport_introspection_c__pyext[0m
[10.723s] [35m[1mScanning dependencies of target person_msgs__rosidl_typesupport_fastrtps_c__pyext[0m
[10.742s] [ 87%] [32mBuilding C object CMakeFiles/person_msgs__rosidl_typesupport_introspection_c__pyext.dir/rosidl_generator_py/person_msgs/_person_msgs_s.ep.rosidl_typesupport_introspection_c.c.o[0m
[10.742s] [ 87%] [32mBuilding C object CMakeFiles/person_msgs__rosidl_typesupport_c__pyext.dir/rosidl_generator_py/person_msgs/_person_msgs_s.ep.rosidl_typesupport_c.c.o[0m
[10.749s] [ 90%] [32mBuilding C object CMakeFiles/person_msgs__rosidl_typesupport_fastrtps_c__pyext.dir/rosidl_generator_py/person_msgs/_person_msgs_s.ep.rosidl_typesupport_fastrtps_c.c.o[0m
[10.831s] [ 93%] [32m[1mLinking C shared library rosidl_generator_py/person_msgs/person_msgs_s__rosidl_typesupport_c.cpython-38-x86_64-linux-gnu.so[0m
[10.834s] [ 96%] [32m[1mLinking C shared library rosidl_generator_py/person_msgs/person_msgs_s__rosidl_typesupport_introspection_c.cpython-38-x86_64-linux-gnu.so[0m
[10.844s] [100%] [32m[1mLinking CXX shared library rosidl_generator_py/person_msgs/person_msgs_s__rosidl_typesupport_fastrtps_c.cpython-38-x86_64-linux-gnu.so[0m
[10.900s] [100%] Built target person_msgs__rosidl_typesupport_c__pyext
[10.904s] [100%] Built target person_msgs__rosidl_typesupport_introspection_c__pyext
[10.949s] [100%] Built target person_msgs__rosidl_typesupport_fastrtps_c__pyext
[10.963s] Invoked command in '/home/koara/ros2_ws/src/build/person_msgs' returned '0': CMAKE_PREFIX_PATH=${CMAKE_PREFIX_PATH}:/home/koara/ros2_ws/install/mypkg:/opt/ros/foxy /usr/bin/cmake --build /home/koara/ros2_ws/src/build/person_msgs -- -j12 -l12
[11.044s] Invoking command in '/home/koara/ros2_ws/src/build/person_msgs': CMAKE_PREFIX_PATH=${CMAKE_PREFIX_PATH}:/home/koara/ros2_ws/install/mypkg:/opt/ros/foxy /usr/bin/cmake --install /home/koara/ros2_ws/src/build/person_msgs
[11.056s] -- Install configuration: ""
[11.057s] -- Installing: /home/koara/ros2_ws/src/install/person_msgs/share/ament_index/resource_index/rosidl_interfaces/person_msgs
[11.057s] -- Installing: /home/koara/ros2_ws/src/install/person_msgs/include/person_msgs
[11.058s] -- Installing: /home/koara/ros2_ws/src/install/person_msgs/include/person_msgs/msg
[11.058s] -- Installing: /home/koara/ros2_ws/src/install/person_msgs/include/person_msgs/msg/rosidl_generator_c__visibility_control.h
[11.058s] -- Installing: /home/koara/ros2_ws/src/install/person_msgs/include/person_msgs/msg/person.h
[11.058s] -- Installing: /home/koara/ros2_ws/src/install/person_msgs/include/person_msgs/msg/detail
[11.059s] -- Installing: /home/koara/ros2_ws/src/install/person_msgs/include/person_msgs/msg/detail/person__functions.c
[11.059s] -- Installing: /home/koara/ros2_ws/src/install/person_msgs/include/person_msgs/msg/detail/person__functions.h
[11.059s] -- Installing: /home/koara/ros2_ws/src/install/person_msgs/include/person_msgs/msg/detail/person__type_support.h
[11.059s] -- Installing: /home/koara/ros2_ws/src/install/person_msgs/include/person_msgs/msg/detail/person__struct.h
[11.060s] -- Installing: /home/koara/ros2_ws/src/install/person_msgs/share/person_msgs/environment/library_path.sh
[11.060s] -- Installing: /home/koara/ros2_ws/src/install/person_msgs/share/person_msgs/environment/library_path.dsv
[11.060s] -- Installing: /home/koara/ros2_ws/src/install/person_msgs/lib/libperson_msgs__rosidl_generator_c.so
[11.061s] -- Set runtime path of "/home/koara/ros2_ws/src/install/person_msgs/lib/libperson_msgs__rosidl_generator_c.so" to ""
[11.061s] -- Up-to-date: /home/koara/ros2_ws/src/install/person_msgs/include/person_msgs
[11.061s] -- Up-to-date: /home/koara/ros2_ws/src/install/person_msgs/include/person_msgs/msg
[11.061s] -- Up-to-date: /home/koara/ros2_ws/src/install/person_msgs/include/person_msgs/msg/detail
[11.061s] -- Installing: /home/koara/ros2_ws/src/install/person_msgs/include/person_msgs/msg/detail/person__rosidl_typesupport_fastrtps_c.h
[11.063s] -- Installing: /home/koara/ros2_ws/src/install/person_msgs/include/person_msgs/msg/rosidl_typesupport_fastrtps_c__visibility_control.h
[11.063s] -- Installing: /home/koara/ros2_ws/src/install/person_msgs/lib/libperson_msgs__rosidl_typesupport_fastrtps_c.so
[11.064s] -- Set runtime path of "/home/koara/ros2_ws/src/install/person_msgs/lib/libperson_msgs__rosidl_typesupport_fastrtps_c.so" to ""
[11.064s] -- Up-to-date: /home/koara/ros2_ws/src/install/person_msgs/include/person_msgs
[11.064s] -- Up-to-date: /home/koara/ros2_ws/src/install/person_msgs/include/person_msgs/msg
[11.064s] -- Installing: /home/koara/ros2_ws/src/install/person_msgs/include/person_msgs/msg/rosidl_typesupport_fastrtps_cpp__visibility_control.h
[11.065s] -- Up-to-date: /home/koara/ros2_ws/src/install/person_msgs/include/person_msgs/msg/detail
[11.065s] -- Installing: /home/koara/ros2_ws/src/install/person_msgs/include/person_msgs/msg/detail/dds_fastrtps
[11.065s] -- Installing: /home/koara/ros2_ws/src/install/person_msgs/include/person_msgs/msg/detail/person__rosidl_typesupport_fastrtps_cpp.hpp
[11.065s] -- Installing: /home/koara/ros2_ws/src/install/person_msgs/lib/libperson_msgs__rosidl_typesupport_fastrtps_cpp.so
[11.065s] -- Set runtime path of "/home/koara/ros2_ws/src/install/person_msgs/lib/libperson_msgs__rosidl_typesupport_fastrtps_cpp.so" to ""
[11.066s] -- Up-to-date: /home/koara/ros2_ws/src/install/person_msgs/include/person_msgs
[11.066s] -- Up-to-date: /home/koara/ros2_ws/src/install/person_msgs/include/person_msgs/msg
[11.066s] -- Up-to-date: /home/koara/ros2_ws/src/install/person_msgs/include/person_msgs/msg/detail
[11.066s] -- Installing: /home/koara/ros2_ws/src/install/person_msgs/include/person_msgs/msg/detail/person__rosidl_typesupport_introspection_c.h
[11.066s] -- Installing: /home/koara/ros2_ws/src/install/person_msgs/include/person_msgs/msg/detail/person__type_support.c
[11.067s] -- Installing: /home/koara/ros2_ws/src/install/person_msgs/include/person_msgs/msg/rosidl_typesupport_introspection_c__visibility_control.h
[11.067s] -- Installing: /home/koara/ros2_ws/src/install/person_msgs/lib/libperson_msgs__rosidl_typesupport_introspection_c.so
[11.067s] -- Set runtime path of "/home/koara/ros2_ws/src/install/person_msgs/lib/libperson_msgs__rosidl_typesupport_introspection_c.so" to ""
[11.067s] -- Installing: /home/koara/ros2_ws/src/install/person_msgs/lib/libperson_msgs__rosidl_typesupport_c.so
[11.067s] -- Set runtime path of "/home/koara/ros2_ws/src/install/person_msgs/lib/libperson_msgs__rosidl_typesupport_c.so" to ""
[11.067s] -- Up-to-date: /home/koara/ros2_ws/src/install/person_msgs/include/person_msgs
[11.068s] -- Up-to-date: /home/koara/ros2_ws/src/install/person_msgs/include/person_msgs/msg
[11.068s] -- Up-to-date: /home/koara/ros2_ws/src/install/person_msgs/include/person_msgs/msg/detail
[11.068s] -- Installing: /home/koara/ros2_ws/src/install/person_msgs/include/person_msgs/msg/detail/person__struct.hpp
[11.069s] -- Installing: /home/koara/ros2_ws/src/install/person_msgs/include/person_msgs/msg/detail/person__type_support.hpp
[11.069s] -- Installing: /home/koara/ros2_ws/src/install/person_msgs/include/person_msgs/msg/detail/person__builder.hpp
[11.069s] -- Installing: /home/koara/ros2_ws/src/install/person_msgs/include/person_msgs/msg/detail/person__traits.hpp
[11.069s] -- Installing: /home/koara/ros2_ws/src/install/person_msgs/include/person_msgs/msg/rosidl_generator_cpp__visibility_control.hpp
[11.069s] -- Installing: /home/koara/ros2_ws/src/install/person_msgs/include/person_msgs/msg/person.hpp
[11.069s] -- Up-to-date: /home/koara/ros2_ws/src/install/person_msgs/include/person_msgs
[11.069s] -- Up-to-date: /home/koara/ros2_ws/src/install/person_msgs/include/person_msgs/msg
[11.069s] -- Up-to-date: /home/koara/ros2_ws/src/install/person_msgs/include/person_msgs/msg/detail
[11.069s] -- Installing: /home/koara/ros2_ws/src/install/person_msgs/include/person_msgs/msg/detail/person__rosidl_typesupport_introspection_cpp.hpp
[11.069s] -- Installing: /home/koara/ros2_ws/src/install/person_msgs/include/person_msgs/msg/detail/person__type_support.cpp
[11.070s] -- Installing: /home/koara/ros2_ws/src/install/person_msgs/lib/libperson_msgs__rosidl_typesupport_introspection_cpp.so
[11.070s] -- Set runtime path of "/home/koara/ros2_ws/src/install/person_msgs/lib/libperson_msgs__rosidl_typesupport_introspection_cpp.so" to ""
[11.070s] -- Installing: /home/koara/ros2_ws/src/install/person_msgs/lib/libperson_msgs__rosidl_typesupport_cpp.so
[11.070s] -- Set runtime path of "/home/koara/ros2_ws/src/install/person_msgs/lib/libperson_msgs__rosidl_typesupport_cpp.so" to ""
[11.070s] -- Installing: /home/koara/ros2_ws/src/install/person_msgs/share/person_msgs/environment/pythonpath.sh
[11.070s] -- Installing: /home/koara/ros2_ws/src/install/person_msgs/share/person_msgs/environment/pythonpath.dsv
[11.072s] -- Installing: /home/koara/ros2_ws/src/install/person_msgs/lib/python3.8/site-packages/person_msgs/__init__.py
[11.102s] Compiling '/home/koara/ros2_ws/src/install/person_msgs/lib/python3.8/site-packages/person_msgs/__init__.py'...
[11.107s] -- Installing: /home/koara/ros2_ws/src/install/person_msgs/lib/python3.8/site-packages/person_msgs/msg
[11.107s] -- Installing: /home/koara/ros2_ws/src/install/person_msgs/lib/python3.8/site-packages/person_msgs/msg/__init__.py
[11.107s] -- Installing: /home/koara/ros2_ws/src/install/person_msgs/lib/python3.8/site-packages/person_msgs/msg/_person_s.c
[11.108s] -- Installing: /home/koara/ros2_ws/src/install/person_msgs/lib/python3.8/site-packages/person_msgs/msg/_person.py
[11.108s] -- Installing: /home/koara/ros2_ws/src/install/person_msgs/lib/python3.8/site-packages/person_msgs/person_msgs_s__rosidl_typesupport_fastrtps_c.cpython-38-x86_64-linux-gnu.so
[11.109s] -- Set runtime path of "/home/koara/ros2_ws/src/install/person_msgs/lib/python3.8/site-packages/person_msgs/person_msgs_s__rosidl_typesupport_fastrtps_c.cpython-38-x86_64-linux-gnu.so" to ""
[11.109s] -- Installing: /home/koara/ros2_ws/src/install/person_msgs/lib/python3.8/site-packages/person_msgs/person_msgs_s__rosidl_typesupport_introspection_c.cpython-38-x86_64-linux-gnu.so
[11.109s] -- Set runtime path of "/home/koara/ros2_ws/src/install/person_msgs/lib/python3.8/site-packages/person_msgs/person_msgs_s__rosidl_typesupport_introspection_c.cpython-38-x86_64-linux-gnu.so" to ""
[11.110s] -- Installing: /home/koara/ros2_ws/src/install/person_msgs/lib/python3.8/site-packages/person_msgs/person_msgs_s__rosidl_typesupport_c.cpython-38-x86_64-linux-gnu.so
[11.110s] -- Set runtime path of "/home/koara/ros2_ws/src/install/person_msgs/lib/python3.8/site-packages/person_msgs/person_msgs_s__rosidl_typesupport_c.cpython-38-x86_64-linux-gnu.so" to ""
[11.110s] -- Installing: /home/koara/ros2_ws/src/install/person_msgs/lib/libperson_msgs__python.so
[11.111s] -- Set runtime path of "/home/koara/ros2_ws/src/install/person_msgs/lib/libperson_msgs__python.so" to ""
[11.111s] -- Installing: /home/koara/ros2_ws/src/install/person_msgs/share/person_msgs/msg/Person.idl
[11.112s] -- Installing: /home/koara/ros2_ws/src/install/person_msgs/share/person_msgs/msg/Person.msg
[11.112s] -- Installing: /home/koara/ros2_ws/src/install/person_msgs/share/ament_index/resource_index/package_run_dependencies/person_msgs
[11.112s] -- Installing: /home/koara/ros2_ws/src/install/person_msgs/share/ament_index/resource_index/parent_prefix_path/person_msgs
[11.113s] -- Installing: /home/koara/ros2_ws/src/install/person_msgs/share/person_msgs/environment/ament_prefix_path.sh
[11.113s] -- Installing: /home/koara/ros2_ws/src/install/person_msgs/share/person_msgs/environment/ament_prefix_path.dsv
[11.113s] -- Installing: /home/koara/ros2_ws/src/install/person_msgs/share/person_msgs/environment/path.sh
[11.113s] -- Installing: /home/koara/ros2_ws/src/install/person_msgs/share/person_msgs/environment/path.dsv
[11.115s] -- Installing: /home/koara/ros2_ws/src/install/person_msgs/share/person_msgs/local_setup.bash
[11.115s] -- Installing: /home/koara/ros2_ws/src/install/person_msgs/share/person_msgs/local_setup.sh
[11.115s] -- Installing: /home/koara/ros2_ws/src/install/person_msgs/share/person_msgs/local_setup.zsh
[11.115s] -- Installing: /home/koara/ros2_ws/src/install/person_msgs/share/person_msgs/local_setup.dsv
[11.115s] -- Installing: /home/koara/ros2_ws/src/install/person_msgs/share/person_msgs/package.dsv
[11.116s] -- Installing: /home/koara/ros2_ws/src/install/person_msgs/share/ament_index/resource_index/packages/person_msgs
[11.116s] -- Installing: /home/koara/ros2_ws/src/install/person_msgs/share/person_msgs/cmake/person_msgs__rosidl_generator_cExport.cmake
[11.117s] -- Installing: /home/koara/ros2_ws/src/install/person_msgs/share/person_msgs/cmake/person_msgs__rosidl_generator_cExport-noconfig.cmake
[11.117s] -- Installing: /home/koara/ros2_ws/src/install/person_msgs/share/person_msgs/cmake/person_msgs__rosidl_typesupport_introspection_cExport.cmake
[11.117s] -- Installing: /home/koara/ros2_ws/src/install/person_msgs/share/person_msgs/cmake/person_msgs__rosidl_typesupport_introspection_cExport-noconfig.cmake
[11.117s] -- Installing: /home/koara/ros2_ws/src/install/person_msgs/share/person_msgs/cmake/person_msgs__rosidl_typesupport_cExport.cmake
[11.117s] -- Installing: /home/koara/ros2_ws/src/install/person_msgs/share/person_msgs/cmake/person_msgs__rosidl_typesupport_cExport-noconfig.cmake
[11.118s] -- Installing: /home/koara/ros2_ws/src/install/person_msgs/share/person_msgs/cmake/person_msgs__rosidl_generator_cppExport.cmake
[11.118s] -- Installing: /home/koara/ros2_ws/src/install/person_msgs/share/person_msgs/cmake/person_msgs__rosidl_typesupport_introspection_cppExport.cmake
[11.118s] -- Installing: /home/koara/ros2_ws/src/install/person_msgs/share/person_msgs/cmake/person_msgs__rosidl_typesupport_introspection_cppExport-noconfig.cmake
[11.118s] -- Installing: /home/koara/ros2_ws/src/install/person_msgs/share/person_msgs/cmake/person_msgs__rosidl_typesupport_cppExport.cmake
[11.119s] -- Installing: /home/koara/ros2_ws/src/install/person_msgs/share/person_msgs/cmake/person_msgs__rosidl_typesupport_cppExport-noconfig.cmake
[11.119s] -- Installing: /home/koara/ros2_ws/src/install/person_msgs/share/person_msgs/cmake/rosidl_cmake-extras.cmake
[11.119s] -- Installing: /home/koara/ros2_ws/src/install/person_msgs/share/person_msgs/cmake/ament_cmake_export_dependencies-extras.cmake
[11.119s] -- Installing: /home/koara/ros2_ws/src/install/person_msgs/share/person_msgs/cmake/ament_cmake_export_libraries-extras.cmake
[11.120s] -- Installing: /home/koara/ros2_ws/src/install/person_msgs/share/person_msgs/cmake/ament_cmake_export_targets-extras.cmake
[11.120s] -- Installing: /home/koara/ros2_ws/src/install/person_msgs/share/person_msgs/cmake/ament_cmake_export_include_directories-extras.cmake
[11.121s] -- Installing: /home/koara/ros2_ws/src/install/person_msgs/share/person_msgs/cmake/rosidl_cmake_export_typesupport_libraries-extras.cmake
[11.121s] -- Installing: /home/koara/ros2_ws/src/install/person_msgs/share/person_msgs/cmake/rosidl_cmake_export_typesupport_targets-extras.cmake
[11.121s] -- Installing: /home/koara/ros2_ws/src/install/person_msgs/share/person_msgs/cmake/person_msgsConfig.cmake
[11.121s] -- Installing: /home/koara/ros2_ws/src/install/person_msgs/share/person_msgs/cmake/person_msgsConfig-version.cmake
[11.121s] -- Installing: /home/koara/ros2_ws/src/install/person_msgs/share/person_msgs/package.xml
[11.125s] Invoked command in '/home/koara/ros2_ws/src/build/person_msgs' returned '0': CMAKE_PREFIX_PATH=${CMAKE_PREFIX_PATH}:/home/koara/ros2_ws/install/mypkg:/opt/ros/foxy /usr/bin/cmake --install /home/koara/ros2_ws/src/build/person_msgs
